08032016T04922 : ================Start=======================
08032016T04922 : Environment: DEV	Release Number: 1.0
08032016T04930 : Fetching Directory List from the Server..... This may take around a minute
08032016T04930 : Fetched Directory List from the Server
08032016T04956 : Report generated @ SvnReport.xls
08032016T04956 : ================End of Run=======================

08032016T63913 : ================Start=======================
08032016T63913 : Environment: FTST	Release Number: 1.0
08032016T63921 : Authentication failed : org.tmatesoft.svn.core.SVNAuthenticationException: svn: E170001: Authentication required for '<https://brmkea940.bar.nucorsteel.local:18080> CollabNet Subversion Repository'
08032016T63921 : Fatal Error: org.tmatesoft.svn.core.SVNAuthenticationException: svn: E170001: Authentication required for '<https://brmkea940.bar.nucorsteel.local:18080> CollabNet Subversion Repository'
08032016T64010 : ================Start=======================
08032016T64010 : Environment: DEV	Release Number: 1.0
08032016T64015 : Authentication failed : org.tmatesoft.svn.core.SVNAuthenticationException: svn: E170001: Authentication required for '<https://brmkea940.bar.nucorsteel.local:18080> CollabNet Subversion Repository'
08032016T64015 : Fatal Error: org.tmatesoft.svn.core.SVNAuthenticationException: svn: E170001: Authentication required for '<https://brmkea940.bar.nucorsteel.local:18080> CollabNet Subversion Repository'
08032016T64024 : ================Start=======================
08032016T64024 : Environment: DEV	Release Number: 1.0
08032016T64028 : Fetching Directory List from the Server..... This may take around a minute
08032016T64029 : Fetched Directory List from the Server
08032016T64045 : Report generated @ SvnReport.xls
08032016T64045 : ================End of Run=======================

