30032016T0559 : ================Start=======================
30032016T0559 : Environment: FTST	Release Number: 1.0
30032016T05515 : Fetching Directory List from the Server..... This may take around a minute
30032016T05516 : Fetched Directory List from the Server
30032016T05516 : Please provide Release Reason in SvnCommit for /branches/RB-1.0.x/soa/Implementation/Infrastructure/EmailNotification. Overridden and Code being Released to FTST ...
30032016T05517 : Please provide Release Reason in SvnCommit for /branches/RB-1.0.x/soa/Implementation/ABS/Ebiz/NUC_EBizQualityResults_ABS. Overridden and Code being Released to FTST ...
30032016T05518 : Please provide Release Reason in SvnCommit for /branches/RB-1.0.x/soa/Implementation/ABF/NUC_SubscribeEBizPayment_JMS_CP_ABF. Overridden and Code being Released to FTST ...
30032016T05518 : Please provide Release Reason in SvnCommit for /branches/RB-1.0.x/soa/Implementation/ABF/NSNE_WorkOrder_EBizBatchJobs_ABF. Overridden and Code being Released to FTST ...
30032016T05519 : Please provide Release Reason in SvnCommit for /branches/RB-1.0.x/soa/Implementation/ABF/NSNE_SubscribeInventory_EBiz_QMOS_ABF. Overridden and Code being Released to FTST ...
30032016T05520 : Please provide Release Reason in SvnCommit for /branches/RB-1.0.x/soa/Implementation/ABF/NSNE_CastBatch_L2_EBS_ABF. Overridden and Code being Released to FTST ...
30032016T05520 : Please provide Release Reason in SvnCommit for /branches/RB-1.0.x/soa/Implementation/ABF/NUC_PurchaseOrder_DJJ_EBiz_ABF. Overridden and Code being Released to FTST ...
30032016T05521 : Please provide Release Reason in SvnCommit for /branches/RB-1.0.x/soa/Implementation/ABF/NSNE_Chemistry_L2_EBS_ABF. Overridden and Code being Released to FTST ...
30032016T05522 : Please provide Release Reason in SvnCommit for /branches/RB-1.0.x/soa/Implementation/ABF/NSNE_HeatBatch_L2_EBS_ABF. Overridden and Code being Released to FTST ...
30032016T05522 : Please provide Release Reason in SvnCommit for /branches/RB-1.0.x/soa/Implementation/ABF/NUC_PublishEBSInventory_ABF. Overridden and Code being Released to FTST ...
30032016T05523 : Report generated @ SvnReport.xls
30032016T05523 : ================End of Run=======================

30032016T05552 : ================Start=======================
30032016T05552 : Environment: DEV	Release Number: 1.0
30032016T0561 : Fetching Directory List from the Server..... This may take around a minute
30032016T0561 : Fetched Directory List from the Server
30032016T0573 : Report generated @ SvnReport.xls
30032016T0573 : ================End of Run=======================

