18032016T45526 : ================Start=======================
18032016T45526 : Environment: SIT	Release Number: 1.0
18032016T45532 : Fetching Directory List from the Server..... This may take around a minute
18032016T45532 : Fetched Directory List from the Server
18032016T45532 : Please provide Release Reason in SvnCommit for /branches/RB-1.0.x/soa/Implementation/OTM/SendItemRefDataToOtm. Overridden and Code being Released to SIT ...
18032016T45533 : Fatal Error: java.lang.IllegalStateException: The maximum number of cell styles was exceeded. You can define up to 4000 styles in a .xls workbook
18032016T45540 : ================Start=======================
18032016T45540 : Environment: SIT	Release Number: 1.0
18032016T45629 : ================Start=======================
18032016T45629 : Environment: SIT	Release Number: 1.0
18032016T45651 : Fetching Directory List from the Server..... This may take around a minute
18032016T45652 : Fetched Directory List from the Server
18032016T45652 : Please provide Release Reason in SvnCommit for /branches/RB-1.0.x/soa/Implementation/OTM/SendItemRefDataToOtm. Overridden and Code being Released to SIT ...
18032016T45652 : Fatal Error: java.lang.IllegalStateException: The maximum number of cell styles was exceeded. You can define up to 4000 styles in a .xls workbook
18032016T45732 : ================Start=======================
18032016T45732 : Environment: SIT	Release Number: 1.0
18032016T45738 : Fetching Directory List from the Server..... This may take around a minute
18032016T45739 : Fetched Directory List from the Server
18032016T45739 : Please provide Release Reason in SvnCommit for /branches/RB-1.0.x/soa/Implementation/OTM/SendItemRefDataToOtm. Overridden and Code being Released to SIT ...
18032016T45740 : Report generated @ SvnReport.xls
18032016T45740 : ================End of Run=======================

18032016T4597 : ================Start=======================
18032016T4597 : Environment: SIT	Release Number: 1.0
18032016T45917 : Fetching Directory List from the Server..... This may take around a minute
18032016T45918 : Fetched Directory List from the Server
18032016T45918 : Please provide Release Reason in SvnCommit for /branches/RB-1.0.x/soa/Implementation/OTM/SendItemRefDataToOtm. Overridden and Code being Released to SIT ...
18032016T45919 : Report generated @ SvnReport.xls
18032016T45919 : ================End of Run=======================

18032016T45934 : ================Start=======================
18032016T45934 : Environment: DEV	Release Number: 1.0
18032016T45940 : Fetching Directory List from the Server..... This may take around a minute
18032016T45940 : Fetched Directory List from the Server
18032016T502 : Report generated @ SvnReport.xls
18032016T502 : ================End of Run=======================

18032016T848 : ================Start=======================
18032016T848 : Environment: DEV	Release Number: 1.0
18032016T8426 : Fetching Directory List from the Server..... This may take around a minute
18032016T8427 : Fetched Directory List from the Server
18032016T8719 : Report generated @ SvnReport.xls
18032016T8719 : ================End of Run=======================

18032016T8922 : ================Start=======================
18032016T8922 : Environment: FTST	Release Number: 1.0
18032016T8949 : Authentication failed : org.tmatesoft.svn.core.SVNAuthenticationException: svn: E170001: Authentication required for '<https://brmkea940.bar.nucorsteel.local:18080> CollabNet Subversion Repository'
18032016T8949 : Fatal Error: org.tmatesoft.svn.core.SVNAuthenticationException: svn: E170001: Authentication required for '<https://brmkea940.bar.nucorsteel.local:18080> CollabNet Subversion Repository'
18032016T8956 : ================Start=======================
18032016T8957 : Environment: FTST	Release Number: 1.0
18032016T8105 : Fetching Directory List from the Server..... This may take around a minute
18032016T8105 : Fetched Directory List from the Server
18032016T8105 : Please provide Release Reason in SvnCommit for /branches/RB-1.0.x/soa/Implementation/ABF/NUC_POReceipt_DJJ_EBiz_ABF. Overridden and Code being Released to FTST ...
18032016T81011 : Report generated @ SvnReport.xls
18032016T81011 : ================End of Run=======================

