02032016T3141 : ================Start=======================
02032016T3141 : Environment: DEV	Release Number: 1.0
02032016T3146 : Fetching Directory List from the Server..... This may take around a minute
02032016T3147 : Fetched Directory List from the Server
02032016T31425 : Fatal Error: java.lang.IllegalStateException: The maximum number of cell styles was exceeded. You can define up to 4000 styles in a .xls workbook
02032016T31536 : ================Start=======================
02032016T31536 : Environment: DEV	Release Number: 1.0
02032016T31536 : java.io.FileNotFoundException: SvnReport.xls (The process cannot access the file because it is being used by another process)
02032016T31551 : Fetching Directory List from the Server..... This may take around a minute
02032016T31552 : Fetched Directory List from the Server
02032016T31553 : Fatal Error: java.lang.IllegalStateException: The maximum number of cell styles was exceeded. You can define up to 4000 styles in a .xls workbook
02032016T31637 : ================Start=======================
02032016T31637 : Environment: DEV	Release Number: 1.0
02032016T31642 : Fetching Directory List from the Server..... This may take around a minute
02032016T31643 : Fetched Directory List from the Server
02032016T3174 : Report generated @ SvnReport.xls
02032016T3174 : ================End of Run=======================

02032016T31738 : ================Start=======================
02032016T31738 : Environment: FTST	Release Number: 1.0
02032016T31743 : Fetching Directory List from the Server..... This may take around a minute
02032016T31744 : Fetched Directory List from the Server
02032016T31744 : Please provide Release Reason in SvnCommit for /branches/RB-1.0.x/soa/Implementation/ABS/Ebiz/NUC_EBizPOReceipt_ABS. Overridden and Code being Released to FTST ...
02032016T31745 : Please provide Release Reason in SvnCommit for /branches/RB-1.0.x/soa/Implementation/ABF/NUC_POReceipt_DJJ_EBiz_ABF. Overridden and Code being Released to FTST ...
02032016T31746 : Report generated @ SvnReport.xls
02032016T31746 : ================End of Run=======================

02032016T13151 : ================Start=======================
02032016T13151 : Environment: DEV	Release Number: 1.0
02032016T13151 : java.io.FileNotFoundException: SvnReport.xls (The process cannot access the file because it is being used by another process)
02032016T131515 : ================Start=======================
02032016T131515 : Environment: DEV	Release Number: 1.0
02032016T131519 : Fetching Directory List from the Server..... This may take around a minute
02032016T131520 : Fetched Directory List from the Server
02032016T131544 : Report generated @ SvnReport.xls
02032016T131544 : ================End of Run=======================

02032016T131558 : ================Start=======================
02032016T131558 : Environment: FTST	Release Number: 1.0
02032016T13164 : Fetching Directory List from the Server..... This may take around a minute
02032016T13165 : Fetched Directory List from the Server
02032016T13165 : Please provide Release Reason in SvnCommit for /branches/RB-1.0.x/soa/Implementation/ABS/Ebiz/NUC_SubscribeTrips_CP_ABS. Overridden and Code being Released to FTST ...
02032016T13166 : Report generated @ SvnReport.xls
02032016T13166 : ================End of Run=======================

