01112012T121743 : ================Start=======================
01112012T121743 : Environment: UAT	Release Number: 7.0
01112012T121753 : Fetching Directory List from the Server..... This may take around a minute
01112012T121848 : ================Start=======================
01112012T121848 : Environment: UAT	Release Number: 7.0
01112012T121854 : Fetching Directory List from the Server..... This may take around a minute
01112012T121858 : Fetched Directory List from the Server
01112012T121858 : Please provide Release Reason in SvnCommit for /DataMigration/COMMON/MOD_DM_TOOLKIT. Overridden and Code being Released to UAT ...
01112012T121859 : Fatal Error: java.lang.IllegalStateException: The maximum number of cell styles was exceeded. You can define up to 4000 styles in a .xls workbook
01112012T122322 : ================Start=======================
01112012T122322 : Environment: UAT	Release Number: 7.0
01112012T122329 : Fetching Directory List from the Server..... This may take around a minute
01112012T122330 : Fetched Directory List from the Server
01112012T122332 : Please provide Release Reason in SvnCommit for /DataMigration/MIG012. Overridden and Code being Released to UAT ...
01112012T122338 : Please provide Release Reason in SvnCommit for /DataMigration/MIG004. Overridden and Code being Released to UAT ...
01112012T122341 : Please provide Release Reason in SvnCommit for /DataMigration/MIG016. Overridden and Code being Released to UAT ...
01112012T122342 : Please provide Release Reason in SvnCommit for /DataMigration/MIG034. Overridden and Code being Released to UAT ...
01112012T122344 : Please provide Release Reason in SvnCommit for /DataMigration/COMMON/MOD_DM_TOOLKIT. Overridden and Code being Released to UAT ...
01112012T122346 : Please provide Release Reason in SvnCommit for /DataMigration/COMMON/MOD_DM_COMMON. Overridden and Code being Released to UAT ...
01112012T122347 : Please provide Release Reason in SvnCommit for /DataMigration/MIG001. Overridden and Code being Released to UAT ...
01112012T122351 : Please provide Release Reason in SvnCommit for /DataMigration/MIG010. Overridden and Code being Released to UAT ...
01112012T122354 : Please provide Release Reason in SvnCommit for /DataMigration/MIG011. Overridden and Code being Released to UAT ...
01112012T122354 : Report generated @ SvnReport.xls
01112012T122354 : ================End of Run=======================

01112012T122436 : ================Start=======================
01112012T122436 : Environment: UAT	Release Number: 7.0
01112012T122442 : Fetching Directory List from the Server..... This may take around a minute
01112012T122443 : Fetched Directory List from the Server
01112012T122444 : Please provide Release Reason in SvnCommit for /DataMigration/MIG016. Overridden and Code being Released to UAT ...
01112012T122446 : Please provide Release Reason in SvnCommit for /DataMigration/MIG034. Overridden and Code being Released to UAT ...
01112012T122448 : Please provide Release Reason in SvnCommit for /DataMigration/COMMON/MOD_DM_TOOLKIT. Overridden and Code being Released to UAT ...
01112012T122611 : ================Start=======================
01112012T122611 : Environment: UAT	Release Number: 7.0
01112012T122617 : Fetching Directory List from the Server..... This may take around a minute
01112012T122619 : Fetched Directory List from the Server
01112012T122620 : Please provide Release Reason in SvnCommit for /DataMigration/MIG010. Overridden and Code being Released to UAT ...
01112012T122621 : Report generated @ SvnReport.xls
01112012T122622 : ================End of Run=======================

01112012T122717 : ================Start=======================
01112012T122717 : Environment: UAT	Release Number: 7.0
01112012T122723 : Fetching Directory List from the Server..... This may take around a minute
01112012T122725 : Fetched Directory List from the Server
01112012T122726 : Please provide Release Reason in SvnCommit for /DataMigration/MIG010. Overridden and Code being Released to UAT ...
01112012T122728 : Report generated @ SvnReport.xls
01112012T122728 : ================End of Run=======================

