15032016T63237 : ================Start=======================
15032016T63237 : Environment: FTST	Release Number: 1.0
15032016T63245 : Fetching Directory List from the Server..... This may take around a minute
15032016T63245 : Fetched Directory List from the Server
15032016T63245 : Please provide Release Reason in SvnCommit for /branches/RB-1.0.x/soa/Implementation/ABF/NSNE_ASNQualityResults_Suppliers_EBS_ABF. Overridden and Code being Released to FTST ...
15032016T63247 : Report generated @ SvnReport.xls
15032016T63247 : ================End of Run=======================

15032016T6417 : ================Start=======================
15032016T6417 : Environment: SIT	Release Number: 1.0
15032016T64113 : Fetching Directory List from the Server..... This may take around a minute
15032016T64113 : Fetched Directory List from the Server
15032016T64114 : Please provide Release Reason in SvnCommit for /branches/RB-1.0.x/soa/Implementation/OTM/NUC_ReceiveAPInvoice_OTM_EBiz_ABF. Overridden and Code being Released to SIT ...
15032016T64115 : Please provide Release Reason in SvnCommit for /branches/RB-1.0.x/soa/Implementation/ABF/NUC_TripAssignment_CP_EBS_ABF. Overridden and Code being Released to SIT ...
15032016T64115 : Report generated @ SvnReport.xls
15032016T64115 : ================End of Run=======================

15032016T64135 : ================Start=======================
15032016T64135 : Environment: DEV	Release Number: 1.0
15032016T64141 : Fetching Directory List from the Server..... This may take around a minute
15032016T64142 : Fetched Directory List from the Server
15032016T6421 : Report generated @ SvnReport.xls
15032016T6421 : ================End of Run=======================

