29022016T4731 : ================Start=======================
29022016T4731 : Environment: DEV	Release Number: 1.0
29022016T4738 : Fetching Directory List from the Server..... This may take around a minute
29022016T4738 : Fetched Directory List from the Server
29022016T488 : Report generated @ SvnReport.xls
29022016T488 : ================End of Run=======================

29022016T41723 : ================Start=======================
29022016T41723 : Environment: FTST	Release Number: 1.0
29022016T41731 : Fetching Directory List from the Server..... This may take around a minute
29022016T41731 : Fetched Directory List from the Server
29022016T41731 : Please provide Release Reason in SvnCommit for /branches/RB-1.0.x/soa/Implementation/ABS/Ebiz/NUC_EbizCreateSalesOrder_ABS. Overridden and Code being Released to FTST ...
29022016T41732 : Please provide Release Reason in SvnCommit for /branches/RB-1.0.x/soa/Implementation/ABF/NUC_POReceipt_DJJ_EBiz_ABF. Overridden and Code being Released to FTST ...
29022016T41733 : Please provide Release Reason in SvnCommit for /branches/RB-1.0.x/soa/Implementation/ABF/NUC_PublishCustomerEBiz_ABF. Overridden and Code being Released to FTST ...
29022016T41733 : Please provide Release Reason in SvnCommit for /branches/RB-1.0.x/soa/Implementation/ABF/NUC_SalesOrder_Corporate_EBS_ABF. Overridden and Code being Released to FTST ...
29022016T41734 : Please provide Release Reason in SvnCommit for /branches/RB-1.0.x/soa/Implementation/ABF/NSNE_SubscribeProductStructure_EBiz_QMOS_ABF. Overridden and Code being Released to FTST ...
29022016T41734 : Report generated @ SvnReport.xls
29022016T41734 : ================End of Run=======================

29022016T6279 : ================Start=======================
29022016T6279 : Environment: FTST	Release Number: 1.0
29022016T75829 : ================Start=======================
29022016T75829 : Environment: DEV	Release Number: 1.0
29022016T75835 : Fetching Directory List from the Server..... This may take around a minute
29022016T75835 : Fetched Directory List from the Server
29022016T75913 : Report generated @ SvnReport.xls
29022016T75913 : ================End of Run=======================

29022016T8038 : ================Start=======================
29022016T8038 : Environment: FTST	Release Number: 1.0
29022016T8043 : Fetching Directory List from the Server..... This may take around a minute
29022016T8043 : Fetched Directory List from the Server
29022016T8043 : Please provide Release Reason in SvnCommit for /branches/RB-1.0.x/soa/Implementation/Infrastructure/CommonLogging. Overridden and Code being Released to FTST ...
29022016T8045 : Please provide Release Reason in SvnCommit for /branches/RB-1.0.x/soa/Implementation/ABS/Ebiz/NUC_SubscribeTrips_CP_ABS. Overridden and Code being Released to FTST ...
29022016T8047 : Please provide Release Reason in SvnCommit for /branches/RB-1.0.x/soa/Implementation/ABS/Ebiz/NUC_EBizGLJE_ABS. Overridden and Code being Released to FTST ...
29022016T8047 : Please provide Release Reason in SvnCommit for /branches/RB-1.0.x/soa/Implementation/ABS/Ebiz/NUC_PublisherEBSTrips_ABS. Overridden and Code being Released to FTST ...
29022016T8048 : Please provide Release Reason in SvnCommit for /branches/RB-1.0.x/soa/Implementation/ABF/NUC_TripAssignment_CP_EBS_ABF. Overridden and Code being Released to FTST ...
29022016T8049 : Please provide Release Reason in SvnCommit for /branches/RB-1.0.x/soa/Implementation/ABF/NUC_TransferLabel_NiceLabel_ABF. Overridden and Code being Released to FTST ...
29022016T8049 : Please provide Release Reason in SvnCommit for /branches/RB-1.0.x/soa/Implementation/ABF/NUC_Emp_SAP_EBiz_ABF. Overridden and Code being Released to FTST ...
29022016T8050 : Please provide Release Reason in SvnCommit for /branches/RB-1.0.x/soa/Implementation/ABF/NUC_EBiz_SAP_GLJE_ABF. Overridden and Code being Released to FTST ...
29022016T8050 : Report generated @ SvnReport.xls
29022016T8050 : ================End of Run=======================

29022016T104022 : ================Start=======================
29022016T104022 : Environment: DEV	Release Number: 1.0
29022016T104031 : Fetching Directory List from the Server..... This may take around a minute
29022016T104032 : Fetched Directory List from the Server
29022016T104120 : Report generated @ SvnReport.xls
29022016T104120 : ================End of Run=======================

29022016T104146 : ================Start=======================
29022016T104146 : Environment: FTST	Release Number: 1.0
29022016T104152 : Fetching Directory List from the Server..... This may take around a minute
29022016T104153 : Fetched Directory List from the Server
29022016T104153 : Please provide Release Reason in SvnCommit for /branches/RB-1.0.x/soa/Implementation/ABF/NUC_POReceipt_DJJ_EBiz_ABF. Overridden and Code being Released to FTST ...
29022016T104156 : Report generated @ SvnReport.xls
29022016T104156 : ================End of Run=======================

