25042013T141738 : ================Start=======================
25042013T141738 : Environment: UAT	Release Number: 0.149
25042013T141748 : Fetching Directory List from the Server..... This may take around a minute
25042013T141751 : Fetched Directory List from the Server
25042013T141751 : Please provide Release Reason in SvnCommit for /PL-SQL_views_algos/PT003. Overridden and Code being Released to UAT ...
25042013T141757 : Report generated @ SvnReport.xls
25042013T141757 : ================End of Run=======================

25042013T142039 : ================Start=======================
25042013T142039 : Environment: UAT	Release Number: 0.149
25042013T142043 : Fetching Directory List from the Server..... This may take around a minute
25042013T142043 : Fetched Directory List from the Server
25042013T142044 : Please provide Release Reason in SvnCommit for /PL-SQL_views_algos/PT003. Overridden and Code being Released to UAT ...
25042013T142047 : Report generated @ SvnReport.xls
25042013T142047 : ================End of Run=======================

25042013T142121 : ================Start=======================
25042013T142121 : Environment: UAT	Release Number: 0.149
25042013T142124 : Fetching Directory List from the Server..... This may take around a minute
25042013T142124 : Fetched Directory List from the Server
25042013T142124 : Please provide Release Reason in SvnCommit for /PL-SQL_views_algos/PT003. Overridden and Code being Released to UAT ...
25042013T142128 : Report generated @ SvnReport.xls
25042013T142128 : ================End of Run=======================

25042013T142156 : ================Start=======================
25042013T142156 : Environment: UAT	Release Number: 0.149
25042013T14220 : Fetching Directory List from the Server..... This may take around a minute
25042013T14220 : Fetched Directory List from the Server
25042013T14220 : Please provide Release Reason in SvnCommit for /PL-SQL_views_algos/PT003. Overridden and Code being Released to UAT ...
25042013T14224 : Report generated @ SvnReport.xls
25042013T14224 : ================End of Run=======================

25042013T142243 : ================Start=======================
25042013T142243 : Environment: UAT	Release Number: 0.149
25042013T142248 : Fetching Directory List from the Server..... This may take around a minute
25042013T142248 : Fetched Directory List from the Server
25042013T142248 : Please provide Release Reason in SvnCommit for /PL-SQL_views_algos/PT003. Overridden and Code being Released to UAT ...
25042013T142252 : Report generated @ SvnReport.xls
25042013T142252 : ================End of Run=======================

