22042013T21359 : ================Start=======================
22042013T21359 : Environment: UAT	Release Number: 0.149
22042013T2149 : Authentication failed : org.tmatesoft.svn.core.SVNAuthenticationException: svn: E170001: Authentication required for '<https://coconet-svn-in-01.capgemini.com:443> Authorization Realm'
22042013T21412 : Fatal Error: org.tmatesoft.svn.core.SVNAuthenticationException: svn: E170001: Authentication required for '<https://coconet-svn-in-01.capgemini.com:443> Authorization Realm'
22042013T21418 : ================Start=======================
22042013T21418 : Environment: UAT	Release Number: 0.149
22042013T21427 : Fetching Directory List from the Server..... This may take around a minute
22042013T21428 : Fetched Directory List from the Server
22042013T21432 : Report generated @ SvnReport.xls
22042013T21432 : ================End of Run=======================

22042013T21126 : ================Start=======================
22042013T21126 : Environment: UAT	Release Number: 0.149
22042013T21126 : java.io.FileNotFoundException: SvnReport.xls (The process cannot access the file because it is being used by another process)
22042013T211226 : Fetching Directory List from the Server..... This may take around a minute
22042013T211226 : Fetched Directory List from the Server
22042013T211229 : Report generated @ SvnReport.xls
22042013T211229 : ================End of Run=======================

22042013T214658 : ================Start=======================
22042013T214658 : Environment: UAT	Release Number: 0.149
22042013T21477 : Fetching Directory List from the Server..... This may take around a minute
22042013T21477 : Fetched Directory List from the Server
22042013T21477 : Empty Release Reason in SvnCommit for /PL-SQL_views_algos/PT003. Release not done for this component.
22042013T21477 : Please provide Release Reason in SvnCommit for /PL-SQL_views_algos/PT003. Release not done for this component.
22042013T21477 : Report generated @ SvnReport.xls
22042013T21477 : ================End of Run=======================

22042013T214732 : ================Start=======================
22042013T214732 : Environment: UAT	Release Number: 0.149
22042013T214739 : Authentication failed : org.tmatesoft.svn.core.SVNAuthenticationException: svn: E170001: Authentication required for '<https://coconet-svn-in-01.capgemini.com:443> Authorization Realm'
22042013T214740 : Fatal Error: org.tmatesoft.svn.core.SVNAuthenticationException: svn: E170001: Authentication required for '<https://coconet-svn-in-01.capgemini.com:443> Authorization Realm'
22042013T214746 : ================Start=======================
22042013T214746 : Environment: UAT	Release Number: 0.149
22042013T214752 : Fetching Directory List from the Server..... This may take around a minute
22042013T214752 : Fetched Directory List from the Server
22042013T214752 : Please provide Release Reason in SvnCommit for /PL-SQL_views_algos/PT003. Overridden and Code being Released to UAT ...
22042013T214756 : Report generated @ SvnReport.xls
22042013T214756 : ================End of Run=======================

22042013T21492 : ================Start=======================
22042013T21492 : Environment: UAT	Release Number: 0.149
22042013T21492 : java.io.FileNotFoundException: SvnReport.xls (The process cannot access the file because it is being used by another process)
22042013T214936 : Fetching Directory List from the Server..... This may take around a minute
22042013T214936 : Fetched Directory List from the Server
22042013T214936 : Please provide Release Reason in SvnCommit for /PL-SQL_views_algos/PT003. Overridden and Code being Released to UAT ...
22042013T214940 : Report generated @ SvnReport.xls
22042013T214940 : ================End of Run=======================

22042013T21518 : ================Start=======================
22042013T21518 : Environment: UAT	Release Number: 0.149
22042013T215114 : Fetching Directory List from the Server..... This may take around a minute
22042013T215114 : Fetched Directory List from the Server
22042013T215114 : Please provide Release Reason in SvnCommit for /PL-SQL_views_algos/PT003. Overridden and Code being Released to UAT ...
22042013T215117 : Report generated @ SvnReport.xls
22042013T215117 : ================End of Run=======================

22042013T215528 : ================Start=======================
22042013T215528 : Environment: UAT	Release Number: 0.149
22042013T215537 : Fetching Directory List from the Server..... This may take around a minute
22042013T215537 : Fetched Directory List from the Server
22042013T215537 : Please provide Release Reason in SvnCommit for /PL-SQL_views_algos/PT003. Overridden and Code being Released to UAT ...
22042013T215541 : Report generated @ SvnReport.xls
22042013T215541 : ================End of Run=======================

22042013T215854 : ================Start=======================
22042013T215854 : Environment: UAT	Release Number: 0.149
22042013T21590 : Fetching Directory List from the Server..... This may take around a minute
22042013T21590 : Fetched Directory List from the Server
22042013T21590 : Please provide Release Reason in SvnCommit for /PL-SQL_views_algos/PT003. Overridden and Code being Released to UAT ...
22042013T21594 : Report generated @ SvnReport.xls
22042013T21594 : ================End of Run=======================

22042013T215935 : ================Start=======================
22042013T215935 : Environment: UAT	Release Number: 0.149
22042013T215941 : Fetching Directory List from the Server..... This may take around a minute
22042013T215941 : Fetched Directory List from the Server
22042013T215941 : Please provide Release Reason in SvnCommit for /PL-SQL_views_algos/PT003. Overridden and Code being Released to UAT ...
22042013T215945 : Report generated @ SvnReport.xls
22042013T215945 : ================End of Run=======================

22042013T22122 : ================Start=======================
22042013T22122 : Environment: UAT	Release Number: 0.149
22042013T22128 : Fetching Directory List from the Server..... This may take around a minute
22042013T22128 : Fetched Directory List from the Server
22042013T22128 : Please provide Release Reason in SvnCommit for /PL-SQL_views_algos/PT003. Overridden and Code being Released to UAT ...
22042013T22131 : Report generated @ SvnReport.xls
22042013T22131 : ================End of Run=======================

22042013T22139 : ================Start=======================
22042013T22139 : Environment: UAT	Release Number: 0.149
22042013T22145 : Fetching Directory List from the Server..... This may take around a minute
22042013T22145 : Fetched Directory List from the Server
22042013T22145 : Please provide Release Reason in SvnCommit for /PL-SQL_views_algos/PT003. Overridden and Code being Released to UAT ...
22042013T22148 : Report generated @ SvnReport.xls
22042013T22148 : ================End of Run=======================

