04032016T2470 : ================Start=======================
04032016T2470 : Environment: SIT	Release Number: 1.0
04032016T2477 : Fetching Directory List from the Server..... This may take around a minute
04032016T2478 : Fetched Directory List from the Server
04032016T2478 : Please provide Release Reason in SvnCommit for /branches/RB-1.0.x/soa/Implementation/OTM/SendLocRefDataToOtm. Overridden and Code being Released to SIT ...
04032016T2479 : Please provide Release Reason in SvnCommit for /branches/RB-1.0.x/soa/Implementation/OTM/SendItemRefDataToOtm. Overridden and Code being Released to SIT ...
04032016T24710 : Please provide Release Reason in SvnCommit for /branches/RB-1.0.x/soa/Implementation/OTM/SendOtmDocument4. Overridden and Code being Released to SIT ...
04032016T24711 : Please provide Release Reason in SvnCommit for /branches/RB-1.0.x/soa/Implementation/OTM/SendTripToOtmService. Overridden and Code being Released to SIT ...
04032016T24711 : Please provide Release Reason in SvnCommit for /branches/RB-1.0.x/soa/Implementation/OTM/WshSendDlvyToOtmService. Overridden and Code being Released to SIT ...
04032016T24711 : Please provide Release Reason in SvnCommit for /branches/RB-1.0.x/soa/Implementation/Infrastructure/CommonLogging. Overridden and Code being Released to SIT ...
04032016T24712 : Please provide Release Reason in SvnCommit for /branches/RB-1.0.x/soa/Implementation/ABS/Ebiz/NUC_EBizAPInvoice_ABS. Overridden and Code being Released to SIT ...
04032016T24712 : Report generated @ SvnReport.xls
04032016T24712 : ================End of Run=======================

04032016T24732 : ================Start=======================
04032016T24732 : Environment: DEV	Release Number: 1.0
04032016T24737 : Fetching Directory List from the Server..... This may take around a minute
04032016T24737 : Fetched Directory List from the Server
04032016T24756 : Report generated @ SvnReport.xls
04032016T24756 : ================End of Run=======================

04032016T8376 : ================Start=======================
04032016T8376 : Environment: FTST	Release Number: 1.0
04032016T83714 : Fetching Directory List from the Server..... This may take around a minute
04032016T83715 : Fetched Directory List from the Server
04032016T83715 : Please provide Release Reason in SvnCommit for /branches/RB-1.0.x/soa/Implementation/ABF/NUC_APInvoice_DJJ_EBiz_ABF. Overridden and Code being Released to FTST ...
04032016T83717 : Please provide Release Reason in SvnCommit for /branches/RB-1.0.x/soa/Implementation/ABF/NUC_POReceipt_DJJ_EBiz_ABF. Overridden and Code being Released to FTST ...
04032016T83718 : Report generated @ SvnReport.xls
04032016T83718 : ================End of Run=======================

04032016T83736 : ================Start=======================
04032016T83736 : Environment: DEV	Release Number: 1.0
04032016T83744 : Fetching Directory List from the Server..... This may take around a minute
04032016T83744 : Fetched Directory List from the Server
04032016T83821 : Report generated @ SvnReport.xls
04032016T83821 : ================End of Run=======================

