14042016T05333 : ================Start=======================
14042016T05333 : Environment: FTST	Release Number: 1.0
14042016T05340 : Fetching Directory List from the Server..... This may take around a minute
14042016T05340 : Fetched Directory List from the Server
14042016T05340 : Please provide Release Reason in SvnCommit for /branches/RB-1.0.x/soa/Implementation/ABS/Ebiz/NUC_EBizInventory_ABS. Overridden and Code being Released to FTST ...
14042016T05343 : Please provide Release Reason in SvnCommit for /branches/RB-1.0.x/soa/Implementation/ABF/NUC_PublishEBSInventory_ABF. Overridden and Code being Released to FTST ...
14042016T05344 : Report generated @ SvnReport.xls
14042016T05344 : ================End of Run=======================

14042016T05843 : ================Start=======================
14042016T05843 : Environment: DEV	Release Number: 1.0
14042016T05850 : Fetching Directory List from the Server..... This may take around a minute
14042016T05850 : Fetched Directory List from the Server
14042016T05941 : Report generated @ SvnReport.xls
14042016T05941 : ================End of Run=======================

14042016T92430 : ================Start=======================
14042016T92430 : Environment: FTST	Release Number: 1.0
14042016T92438 : Fetching Directory List from the Server..... This may take around a minute
14042016T92439 : Fetched Directory List from the Server
14042016T92439 : Please provide Release Reason in SvnCommit for /branches/RB-1.0.x/soa/Implementation/ABS/Ebiz/NUC_EBizInventory_ABS. Overridden and Code being Released to FTST ...
14042016T92442 : Please provide Release Reason in SvnCommit for /branches/RB-1.0.x/soa/Implementation/ABF/NUC_PublishEBSInventory_ABF. Overridden and Code being Released to FTST ...
14042016T92443 : Please provide Release Reason in SvnCommit for /branches/RB-1.0.x/soa/Implementation/ABF/NSNE_SubscribeInventory_EBiz_QMOS_ABF. Overridden and Code being Released to FTST ...
14042016T92445 : Report generated @ SvnReport.xls
14042016T92445 : ================End of Run=======================

14042016T92612 : ================Start=======================
14042016T92612 : Environment: DEV	Release Number: 1.0
14042016T92622 : Fetching Directory List from the Server..... This may take around a minute
14042016T92622 : Fetched Directory List from the Server
14042016T92815 : Report generated @ SvnReport.xls
14042016T92815 : ================End of Run=======================

14042016T9362 : ================Start=======================
14042016T9362 : Environment: FTST	Release Number: 1.0
14042016T9369 : Fetching Directory List from the Server..... This may take around a minute
14042016T93610 : Fetched Directory List from the Server
14042016T93610 : Please provide Release Reason in SvnCommit for /branches/RB-1.0.x/soa/Implementation/ABS/Ebiz/NUC_SubscribeTrips_CP_ABS. Overridden and Code being Released to FTST ...
14042016T93614 : Report generated @ SvnReport.xls
14042016T93614 : ================End of Run=======================

14042016T102442 : ================Start=======================
14042016T102442 : Environment: FTST	Release Number: 1.0
14042016T102449 : Fetching Directory List from the Server..... This may take around a minute
14042016T102449 : Fetched Directory List from the Server
14042016T102449 : Please provide Release Reason in SvnCommit for /branches/RB-1.0.x/soa/Implementation/OTM/ReceivePShipmentFromOtm. Overridden and Code being Released to FTST ...
14042016T102452 : Please provide Release Reason in SvnCommit for /branches/RB-1.0.x/soa/Implementation/OTM/WshSendDlvyToOtmService. Overridden and Code being Released to FTST ...
14042016T102454 : Please provide Release Reason in SvnCommit for /branches/RB-1.0.x/soa/Implementation/ABS/Ebiz/NUC_SubscribeTrips_CP_ABS. Overridden and Code being Released to FTST ...
14042016T102456 : Report generated @ SvnReport.xls
14042016T102456 : ================End of Run=======================

