09102012T122830 : ================Start=======================
09102012T122830 : Environment: SIT	Release Number: 1.0
09102012T122838 : Connection Established to SVN Server
09102012T122838 : Fetching Directory List from the Server..... This may take around a minute
09102012T122838 : Fetching Svn Status
09102012T122839 : File: COMMON/MOD_DM_COMMON/XXDM_DM_COMMON.tab
09102012T122839 : COMMON/MOD_DM_COMMON/XXDM_DM_COMMON.tab
09102012T122839 : File: COMMON/MOD_DM_COMMON/XXDM_DM_COMMON_A.syn
09102012T122839 : COMMON/MOD_DM_COMMON/XXDM_DM_COMMON_A.syn
09102012T122839 : File: COMMON/MOD_DM_COMMON/XXDM_DM_COMMON_B.syn
09102012T122839 : COMMON/MOD_DM_COMMON/XXDM_DM_COMMON_B.syn
09102012T122839 : File: COMMON/MOD_DM_COMMON/CC_XXDM_MODULES.xls
09102012T122839 : COMMON/MOD_DM_COMMON/CC_XXDM_MODULES.xls
09102012T122839 : File: COMMON/MOD_DM_COMMON/XXDM_DM_COMMON.pkb
09102012T122839 : COMMON/MOD_DM_COMMON/XXDM_DM_COMMON.pkb
09102012T122839 : COMMON/MOD_DM_COMMON
09102012T122839 : File: COMMON/MOD_DM_COMMON/XXDM_DM_COMMON.pks
09102012T122839 : COMMON/MOD_DM_COMMON/XXDM_DM_COMMON.pks
09102012T122839 : File: COMMON/MOD_DM_COMMON/XXDM_DM_COMMON_A.ugr
09102012T122839 : COMMON/MOD_DM_COMMON/XXDM_DM_COMMON_A.ugr
09102012T122839 : File: COMMON/MOD_DM_COMMON/XXDM_DM_COMMON_B.ugr
09102012T122839 : COMMON/MOD_DM_COMMON/XXDM_DM_COMMON_B.ugr
09102012T122839 : File: COMMON/MOD_DM_COMMON/XXDM_DM_COMMON_INSTALL.sh
09102012T122839 : COMMON/MOD_DM_COMMON/XXDM_DM_COMMON_INSTALL.sh
09102012T122839 : File: COMMON/MOD_DM_COMMON/XXDM_DM_COMMON_DROP_A.sql
09102012T122839 : COMMON/MOD_DM_COMMON/XXDM_DM_COMMON_DROP_A.sql
09102012T122839 : File: COMMON/MOD_DM_COMMON/XXDM_DM_COMMON_DROP_B.sql
09102012T122839 : COMMON/MOD_DM_COMMON/XXDM_DM_COMMON_DROP_B.sql
09102012T122839 : File: COMMON/MOD_DM_COMMON/XXDM_DM_COMMON_OBJECT.sql
09102012T122839 : COMMON/MOD_DM_COMMON/XXDM_DM_COMMON_OBJECT.sql
09102012T122839 : File: COMMON/MOD_DM_TOOLKIT/XXDM_DM_TOOLKIT_ALT.tab
09102012T122839 : COMMON/MOD_DM_TOOLKIT/XXDM_DM_TOOLKIT_ALT.tab
09102012T122839 : File: COMMON/MOD_DM_TOOLKIT/XXDM_DM_TOOLKIT.tab
09102012T122839 : COMMON/MOD_DM_TOOLKIT/XXDM_DM_TOOLKIT.tab
09102012T122839 : File: COMMON/MOD_DM_TOOLKIT/XXDM_DM_TOOLKIT_A.syn
09102012T122839 : COMMON/MOD_DM_TOOLKIT/XXDM_DM_TOOLKIT_A.syn
09102012T122839 : File: COMMON/MOD_DM_TOOLKIT/XXDM_DM_TOOLKIT_B.syn
09102012T122839 : COMMON/MOD_DM_TOOLKIT/XXDM_DM_TOOLKIT_B.syn
09102012T122839 : File: COMMON/MOD_DM_TOOLKIT/XXDM_DM_TOOLKIT_A.pkb
09102012T122839 : COMMON/MOD_DM_TOOLKIT/XXDM_DM_TOOLKIT_A.pkb
09102012T122839 : COMMON/MOD_DM_TOOLKIT
09102012T122839 : File: COMMON/MOD_DM_TOOLKIT/XXDM_DM_TOOLKIT_B.pkb
09102012T122839 : COMMON/MOD_DM_TOOLKIT/XXDM_DM_TOOLKIT_B.pkb
09102012T122839 : File: COMMON/MOD_DM_TOOLKIT/XXDM_DM_TOOLKIT_DROP_A.sql
09102012T122839 : COMMON/MOD_DM_TOOLKIT/XXDM_DM_TOOLKIT_DROP_A.sql
09102012T122839 : File: COMMON/MOD_DM_TOOLKIT/XXDM_DM_TOOLKIT_A.ldt
09102012T122839 : COMMON/MOD_DM_TOOLKIT/XXDM_DM_TOOLKIT_A.ldt
09102012T122839 : File: COMMON/MOD_DM_TOOLKIT/XXDM_DM_TOOLKIT_DROP_B.sql
09102012T122839 : COMMON/MOD_DM_TOOLKIT/XXDM_DM_TOOLKIT_DROP_B.sql
09102012T122839 : File: COMMON/MOD_DM_TOOLKIT/XXDM_DM_TOOLKIT_B.ldt
09102012T122839 : COMMON/MOD_DM_TOOLKIT/XXDM_DM_TOOLKIT_B.ldt
09102012T122839 : File: COMMON/MOD_DM_TOOLKIT/XXDM_DM_TOOLKIT_C.ldt
09102012T122839 : COMMON/MOD_DM_TOOLKIT/XXDM_DM_TOOLKIT_C.ldt
09102012T122839 : File: COMMON/MOD_DM_TOOLKIT/XXDM_DM_TOOLKIT_D.ldt
09102012T122839 : COMMON/MOD_DM_TOOLKIT/XXDM_DM_TOOLKIT_D.ldt
09102012T122839 : File: COMMON/MOD_DM_TOOLKIT/XXDM_DM_TOOLKIT_E.ldt
09102012T122839 : COMMON/MOD_DM_TOOLKIT/XXDM_DM_TOOLKIT_E.ldt
09102012T122839 : File: COMMON/MOD_DM_TOOLKIT/XXDM_DM_TOOLKIT_F.ldt
09102012T122839 : COMMON/MOD_DM_TOOLKIT/XXDM_DM_TOOLKIT_F.ldt
09102012T122839 : File: COMMON/MOD_DM_TOOLKIT/XXDM_DM_TOOLKIT.seq
09102012T122839 : COMMON/MOD_DM_TOOLKIT/XXDM_DM_TOOLKIT.seq
09102012T122839 : File: COMMON/MOD_DM_TOOLKIT/XXDM_DM_TOOLKIT_G.ldt
09102012T122839 : COMMON/MOD_DM_TOOLKIT/XXDM_DM_TOOLKIT_G.ldt
09102012T122839 : File: COMMON/MOD_DM_TOOLKIT/XXDM_DM_TOOLKIT_H.ldt
09102012T122839 : COMMON/MOD_DM_TOOLKIT/XXDM_DM_TOOLKIT_H.ldt
09102012T122839 : File: COMMON/MOD_DM_TOOLKIT/XXDM_DM_TOOLKIT.trg
09102012T122839 : COMMON/MOD_DM_TOOLKIT/XXDM_DM_TOOLKIT.trg
09102012T122839 : File: COMMON/MOD_DM_TOOLKIT/XXDM_DM_TOOLKIT.vw
09102012T122839 : COMMON/MOD_DM_TOOLKIT/XXDM_DM_TOOLKIT.vw
09102012T122839 : File: COMMON/MOD_DM_TOOLKIT/XXDM_DM_TOOLKIT_A.ugr
09102012T122839 : COMMON/MOD_DM_TOOLKIT/XXDM_DM_TOOLKIT_A.ugr
09102012T122839 : File: COMMON/MOD_DM_TOOLKIT/XXDM_DM_TOOLKIT_A.pks
09102012T122839 : COMMON/MOD_DM_TOOLKIT/XXDM_DM_TOOLKIT_A.pks
09102012T122839 : File: COMMON/MOD_DM_TOOLKIT/XXDM_DM_TOOLKIT_B.ugr
09102012T122839 : COMMON/MOD_DM_TOOLKIT/XXDM_DM_TOOLKIT_B.ugr
09102012T122839 : File: COMMON/MOD_DM_TOOLKIT/XXDM_DM_TOOLKIT_B.pks
09102012T122839 : COMMON/MOD_DM_TOOLKIT/XXDM_DM_TOOLKIT_B.pks
09102012T122839 : File: COMMON/MOD_DM_TOOLKIT/XXDM_DM_TOOLKIT_INSTALL.sh
09102012T122839 : COMMON/MOD_DM_TOOLKIT/XXDM_DM_TOOLKIT_INSTALL.sh
09102012T122839 : File: MIG001/XXDM_MIG001_GL_BALANCES_A.ugr
09102012T122839 : MIG001/XXDM_MIG001_GL_BALANCES_A.ugr
09102012T122839 : File: MIG001/XXDM_MIG001_GL_BALANCES_PKG.pkb
09102012T122839 : MIG001/XXDM_MIG001_GL_BALANCES_PKG.pkb
09102012T122839 : MIG001
09102012T122839 : File: MIG001/XXDM_MIG001_GL_BALANCES_B.ugr
09102012T122839 : MIG001/XXDM_MIG001_GL_BALANCES_B.ugr
09102012T122839 : File: MIG001/XXDM_MIG001_GL_BALANCES_PKG.pks
09102012T122839 : MIG001/XXDM_MIG001_GL_BALANCES_PKG.pks
09102012T122839 : File: MIG001/XXDM_MIG001_GL_BALANCES.ctl
09102012T122839 : MIG001/XXDM_MIG001_GL_BALANCES.ctl
09102012T122839 : File: MIG001/XXDM_MIG001_GL_BALANCES.tab
09102012T122839 : MIG001/XXDM_MIG001_GL_BALANCES.tab
09102012T122839 : File: MIG001/XXDM_MIG001_GL_BALANCES.seq
09102012T122839 : MIG001/XXDM_MIG001_GL_BALANCES.seq
09102012T122839 : File: MIG001/XXDM_MIG001_GL_BALANCES_A.syn
09102012T122839 : MIG001/XXDM_MIG001_GL_BALANCES_A.syn
09102012T122839 : File: MIG001/XXDM_MIG001_GL_BALANCES.sh
09102012T122839 : MIG001/XXDM_MIG001_GL_BALANCES.sh
09102012T122839 : File: MIG001/XXDM_MIG001_GL_BALANCES_B.syn
09102012T122839 : MIG001/XXDM_MIG001_GL_BALANCES_B.syn
09102012T122839 : File: MIG010/XXDM_MIG010_AP_INV.vw
09102012T122839 : MIG010/XXDM_MIG010_AP_INV.vw
09102012T122839 : File: MIG010/XXDM_MIG010_AP_INV_A.ugr
09102012T122839 : MIG010/XXDM_MIG010_AP_INV_A.ugr
09102012T122839 : File: MIG010/XXDM_MIG010_AP_INV_PKG.pkb
09102012T122839 : MIG010/XXDM_MIG010_AP_INV_PKG.pkb
09102012T122839 : MIG010
09102012T122839 : File: MIG010/XXDM_MIG010_AP_INV_B.ugr
09102012T122839 : MIG010/XXDM_MIG010_AP_INV_B.ugr
09102012T122839 : File: MIG010/XXDM_MIG010_AP_INV_PKG.pks
09102012T122839 : MIG010/XXDM_MIG010_AP_INV_PKG.pks
09102012T122839 : File: MIG010/XXDM_MIG010_AP_INV.tab
09102012T122839 : MIG010/XXDM_MIG010_AP_INV.tab
09102012T122839 : File: MIG010/XXDM_MIG010_AP_INV.seq
09102012T122839 : MIG010/XXDM_MIG010_AP_INV.seq
09102012T122839 : File: MIG010/XXDM_MIG010_AP_INV_A.syn
09102012T122839 : MIG010/XXDM_MIG010_AP_INV_A.syn
09102012T122839 : File: MIG010/XXDM_MIG010_AP_INV.sh
09102012T122839 : MIG010/XXDM_MIG010_AP_INV.sh
09102012T122839 : File: MIG010/XXDM_MIG010_AP_INV_B.syn
09102012T122839 : MIG010/XXDM_MIG010_AP_INV_B.syn
09102012T122839 : File: MIG011/XXDM_MIG011_PO.sh
09102012T122839 : MIG011/XXDM_MIG011_PO.sh
09102012T122839 : MIG011
09102012T122839 : File: MIG011/XXDM_MIG011_PO_B.syn
09102012T122839 : MIG011/XXDM_MIG011_PO_B.syn
09102012T122839 : File: MIG011/XXDM_MIG011_PO_A.ugr
09102012T122839 : MIG011/XXDM_MIG011_PO_A.ugr
09102012T122839 : File: MIG011/XXDM_MIG011_PO_PKG.pkb
09102012T122839 : MIG011/XXDM_MIG011_PO_PKG.pkb
09102012T122839 : File: MIG011/XXDM_MIG011_PO_B.ugr
09102012T122839 : MIG011/XXDM_MIG011_PO_B.ugr
09102012T122839 : File: MIG011/XXDM_MIG011_PO_PKG.pks
09102012T122839 : MIG011/XXDM_MIG011_PO_PKG.pks
09102012T122839 : File: MIG011/XXDM_MIG011_PO.tab
09102012T122839 : MIG011/XXDM_MIG011_PO.tab
09102012T122839 : File: MIG011/XXDM_MIG011_PO.seq
09102012T122839 : MIG011/XXDM_MIG011_PO.seq
09102012T122839 : File: MIG011/XXDM_MIG011_PO_A.syn
09102012T122839 : MIG011/XXDM_MIG011_PO_A.syn
09102012T122840 : File: MIG012/XXDM_MIG012_PO_RECEIPTS_A.ugr
09102012T122840 : MIG012/XXDM_MIG012_PO_RECEIPTS_A.ugr
09102012T122840 : File: MIG012/XXDM_MIG012_PO_RECEIPTS_PKG.pkb
09102012T122840 : MIG012/XXDM_MIG012_PO_RECEIPTS_PKG.pkb
09102012T122840 : MIG012
09102012T122840 : File: MIG012/XXDM_MIG012_PO_RECEIPTS_B.ugr
09102012T122840 : MIG012/XXDM_MIG012_PO_RECEIPTS_B.ugr
09102012T122840 : File: MIG012/XXDM_MIG012_PO_RECEIPTS_PKG.pks
09102012T122840 : MIG012/XXDM_MIG012_PO_RECEIPTS_PKG.pks
09102012T122840 : File: MIG012/XXDM_MIG012_PO_RECEIPTS.tab
09102012T122840 : MIG012/XXDM_MIG012_PO_RECEIPTS.tab
09102012T122840 : File: MIG012/XXDM_MIG012_PO_RECEIPTS.seq
09102012T122840 : MIG012/XXDM_MIG012_PO_RECEIPTS.seq
09102012T122840 : File: MIG012/XXDM_MIG012_PO_RECEIPTS_A.syn
09102012T122840 : MIG012/XXDM_MIG012_PO_RECEIPTS_A.syn
09102012T122840 : File: MIG012/XXDM_MIG012_PO_RECEIPTS.sh
09102012T122840 : MIG012/XXDM_MIG012_PO_RECEIPTS.sh
09102012T122840 : File: MIG012/XXDM_MIG012_PO_RECEIPTS_B.syn
09102012T122840 : MIG012/XXDM_MIG012_PO_RECEIPTS_B.syn
09102012T122840 : File: MIG004/XXDM_MIG004_AR_CUST_GXS.ctl
09102012T122840 : MIG004/XXDM_MIG004_AR_CUST_GXS.ctl
09102012T122840 : MIG004
09102012T122840 : File: MIG004/XXDM_MIG004_AR_CUST.tab
09102012T122840 : MIG004/XXDM_MIG004_AR_CUST.tab
09102012T122840 : File: MIG004/XXDM_MIG004_AR_CUST.seq
09102012T122840 : MIG004/XXDM_MIG004_AR_CUST.seq
09102012T122840 : File: MIG004/XXDM_MIG004_AR_CUST_A.syn
09102012T122840 : MIG004/XXDM_MIG004_AR_CUST_A.syn
09102012T122840 : File: MIG004/XXDM_MIG004_AR_CUST.sh
09102012T122840 : MIG004/XXDM_MIG004_AR_CUST.sh
09102012T122840 : File: MIG004/XXDM_MIG004_AR_CUST_B.syn
09102012T122840 : MIG004/XXDM_MIG004_AR_CUST_B.syn
09102012T122840 : File: MIG004/XXDM_MIG004_AR_CUST_SEQ.ctl
09102012T122840 : MIG004/XXDM_MIG004_AR_CUST_SEQ.ctl
09102012T122840 : File: MIG004/XXDM_MIG004_AR_CUST_A.ugr
09102012T122840 : MIG004/XXDM_MIG004_AR_CUST_A.ugr
09102012T122840 : File: MIG004/XXDM_MIG004_AR_CUST_BANK.ctl
09102012T122840 : MIG004/XXDM_MIG004_AR_CUST_BANK.ctl
09102012T122840 : File: MIG004/XXDM_MIG004_AR_CUST_MASTER.ctl
09102012T122840 : MIG004/XXDM_MIG004_AR_CUST_MASTER.ctl
09102012T122840 : File: MIG004/XXDM_MIG004_AR_CUST_PKG.pkb
09102012T122840 : MIG004/XXDM_MIG004_AR_CUST_PKG.pkb
09102012T122840 : File: MIG004/XXDM_MIG004_AR_CUST_B.ugr
09102012T122840 : MIG004/XXDM_MIG004_AR_CUST_B.ugr
09102012T122840 : File: MIG004/XXDM_MIG004_AR_CUST_PKG.pks
09102012T122840 : MIG004/XXDM_MIG004_AR_CUST_PKG.pks
09102012T122840 : File: MIG004/XXDM_MIG004_AR_CUST.sql
09102012T122840 : MIG004/XXDM_MIG004_AR_CUST.sql
09102012T122840 : File: MIG004/XXDM_MIG004_AR_CUST_MANUAL.ctl
09102012T122840 : MIG004/XXDM_MIG004_AR_CUST_MANUAL.ctl
09102012T122840 : File: MIG006/XXDM_MIG006_AR_TRX.tab
09102012T122840 : MIG006/XXDM_MIG006_AR_TRX.tab
09102012T122840 : File: MIG006/XXDM_MIG006_AR_TRX.seq
09102012T122840 : MIG006/XXDM_MIG006_AR_TRX.seq
09102012T122840 : File: MIG006/XXDM_MIG006_AR_TRX_A.syn
09102012T122840 : MIG006/XXDM_MIG006_AR_TRX_A.syn
09102012T122840 : File: MIG006/XXDM_MIG006_AR_TRX.sh
09102012T122840 : MIG006/XXDM_MIG006_AR_TRX.sh
09102012T122840 : File: MIG006/XXDM_MIG006_AR_TRX_B.syn
09102012T122840 : MIG006/XXDM_MIG006_AR_TRX_B.syn
09102012T122840 : File: MIG006/XXDM_MIG006_AR_TRX_A.ugr
09102012T122840 : MIG006/XXDM_MIG006_AR_TRX_A.ugr
09102012T122840 : File: MIG006/XXDM_MIG006_AR_TRX_PKG.pkb
09102012T122840 : MIG006/XXDM_MIG006_AR_TRX_PKG.pkb
09102012T122840 : File: MIG006/XXDM_MIG006_AR_TRX_B.ugr
09102012T122840 : MIG006/XXDM_MIG006_AR_TRX_B.ugr
09102012T122840 : File: MIG006/XXDM_MIG006_AR_TRX_PKG.pks
09102012T122840 : MIG006/XXDM_MIG006_AR_TRX_PKG.pks
09102012T122840 : File: MIG006/XXDM_MIG006_AR_TRX.ctl
09102012T122840 : MIG006/XXDM_MIG006_AR_TRX.ctl
09102012T122840 : File: MIG016/XXDM_MIG016_BRANCHES.ctl
09102012T122840 : MIG016/XXDM_MIG016_BRANCHES.ctl
09102012T122840 : MIG016
09102012T122840 : File: MIG016/XXDM_MIG016_BRANCHES.tab
09102012T122840 : MIG016/XXDM_MIG016_BRANCHES.tab
09102012T122840 : File: MIG016/XXDM_MIG016_BRANCHES.seq
09102012T122840 : MIG016/XXDM_MIG016_BRANCHES.seq
09102012T122840 : File: MIG016/XXDM_MIG016_BRANCHES_A.syn
09102012T122840 : MIG016/XXDM_MIG016_BRANCHES_A.syn
09102012T122840 : File: MIG016/XXDM_MIG016_BRANCHES.sh
09102012T122840 : MIG016/XXDM_MIG016_BRANCHES.sh
09102012T122840 : File: MIG016/XXDM_MIG016_BRANCHES_B.syn
09102012T122840 : MIG016/XXDM_MIG016_BRANCHES_B.syn
09102012T122840 : File: MIG016/XXDM_MIG016_BRANCHES_A.ugr
09102012T122840 : MIG016/XXDM_MIG016_BRANCHES_A.ugr
09102012T122840 : File: MIG016/XXDM_MIG016_BRANCHES_PKG.pkb
09102012T122840 : MIG016/XXDM_MIG016_BRANCHES_PKG.pkb
09102012T122840 : File: MIG016/XXDM_MIG016_BRANCHES_B.ugr
09102012T122840 : MIG016/XXDM_MIG016_BRANCHES_B.ugr
09102012T122840 : File: MIG016/XXDM_MIG016_BRANCHES_PKG.pks
09102012T122840 : MIG016/XXDM_MIG016_BRANCHES_PKG.pks
09102012T122840 : File: MIG034/XXDM_MIG034_SUP_RET.tab
09102012T122840 : MIG034/XXDM_MIG034_SUP_RET.tab
09102012T122840 : File: MIG034/XXDM_MIG034_SUP_RET.seq
09102012T122840 : MIG034/XXDM_MIG034_SUP_RET.seq
09102012T122840 : File: MIG034/XXDM_MIG034_SUP_RET_A.syn
09102012T122840 : MIG034/XXDM_MIG034_SUP_RET_A.syn
09102012T122840 : File: MIG034/XXDM_MIG034_SUP_RET.sh
09102012T122840 : MIG034/XXDM_MIG034_SUP_RET.sh
09102012T122840 : MIG034
09102012T122840 : File: MIG034/XXDM_MIG034_SUP_RET_B.syn
09102012T122840 : MIG034/XXDM_MIG034_SUP_RET_B.syn
09102012T122840 : File: MIG034/XXDM_MIG034_SUP_RET_A.ugr
09102012T122840 : MIG034/XXDM_MIG034_SUP_RET_A.ugr
09102012T122840 : File: MIG034/XXDM_MIG034_SUP_RET_PKG.pkb
09102012T122840 : MIG034/XXDM_MIG034_SUP_RET_PKG.pkb
09102012T122840 : File: MIG034/XXDM_MIG034_SUP_RET_B.ugr
09102012T122840 : MIG034/XXDM_MIG034_SUP_RET_B.ugr
09102012T122840 : File: MIG034/XXDM_MIG034_SUP_RET_PKG.pks
09102012T122840 : MIG034/XXDM_MIG034_SUP_RET_PKG.pks
09102012T122840 : File: MIG008/XXDM_MIG008_AP_SUPP_A.ugr
09102012T122840 : MIG008/XXDM_MIG008_AP_SUPP_A.ugr
09102012T122840 : File: MIG008/XXDM_MIG008_AP_SUPP_PKG.pkb
09102012T122840 : MIG008/XXDM_MIG008_AP_SUPP_PKG.pkb
09102012T122840 : File: MIG008/XXDM_MIG008_AP_SUPP_B.ugr
09102012T122840 : MIG008/XXDM_MIG008_AP_SUPP_B.ugr
09102012T122840 : File: MIG008/XXDM_MIG008_AP_SUPP_PKG.pks
09102012T122840 : MIG008/XXDM_MIG008_AP_SUPP_PKG.pks
09102012T122840 : File: MIG008/XXDM_MIG008_AP_SUPP.ctl
09102012T122840 : MIG008/XXDM_MIG008_AP_SUPP.ctl
09102012T122840 : File: MIG008/XXDM_MIG008_AP_SUPP.tab
09102012T122840 : MIG008/XXDM_MIG008_AP_SUPP.tab
09102012T122840 : File: MIG008/XXDM_MIG008_AP_SUPP_SITE.ctl
09102012T122840 : MIG008/XXDM_MIG008_AP_SUPP_SITE.ctl
09102012T122840 : File: MIG008/XXDM_MIG008_AP_SUPP.seq
09102012T122840 : MIG008/XXDM_MIG008_AP_SUPP.seq
09102012T122840 : File: MIG008/XXDM_MIG008_AP_SUPP_A.syn
09102012T122840 : MIG008/XXDM_MIG008_AP_SUPP_A.syn
09102012T122840 : File: MIG008/XXDM_MIG008_AP_SUPP.sh
09102012T122840 : MIG008/XXDM_MIG008_AP_SUPP.sh
09102012T122840 : File: MIG008/XXDM_MIG008_AP_SUPP_B.syn
09102012T122840 : MIG008/XXDM_MIG008_AP_SUPP_B.syn
09102012T122840 : File: MIG017/XXDM_MIG017_BANKS_A.syn
09102012T122840 : MIG017/XXDM_MIG017_BANKS_A.syn
09102012T122840 : File: MIG017/XXDM_MIG017_BANKS.sh
09102012T122840 : MIG017/XXDM_MIG017_BANKS.sh
09102012T122840 : File: MIG017/XXDM_MIG017_BANKS_B.syn
09102012T122840 : MIG017/XXDM_MIG017_BANKS_B.syn
09102012T122840 : File: MIG017/XXDM_MIG017_BANKS_A.ugr
09102012T122840 : MIG017/XXDM_MIG017_BANKS_A.ugr
09102012T122840 : File: MIG017/XXDM_MIG017_BANKS_PKG.pkb
09102012T122840 : MIG017/XXDM_MIG017_BANKS_PKG.pkb
09102012T122840 : File: MIG017/XXDM_MIG017_BANKS_B.ugr
09102012T122840 : MIG017/XXDM_MIG017_BANKS_B.ugr
09102012T122840 : File: MIG017/XXDM_MIG017_BANKS_PKG.pks
09102012T122840 : MIG017/XXDM_MIG017_BANKS_PKG.pks
09102012T122840 : File: MIG017/XXDM_MIG017_BANKS.ctl
09102012T122840 : MIG017/XXDM_MIG017_BANKS.ctl
09102012T122840 : File: MIG017/XXDM_MIG017_BANKS.tab
09102012T122840 : MIG017/XXDM_MIG017_BANKS.tab
09102012T122840 : File: MIG017/XXDM_MIG017_BANKS.seq
09102012T122840 : MIG017/XXDM_MIG017_BANKS.seq
09102012T122840 : File: MIG009/XXDM_MIG009_AP_SUPP.seq
09102012T122840 : MIG009/XXDM_MIG009_AP_SUPP.seq
09102012T122840 : File: MIG009/XXDM_MIG009_AP_SUPP_A.syn
09102012T122840 : MIG009/XXDM_MIG009_AP_SUPP_A.syn
09102012T122840 : File: MIG009/XXDM_MIG009_AP_SUPP.sh
09102012T122840 : MIG009/XXDM_MIG009_AP_SUPP.sh
09102012T122840 : File: MIG009/XXDM_MIG009_AP_SUPP_B.syn
09102012T122840 : MIG009/XXDM_MIG009_AP_SUPP_B.syn
09102012T122840 : File: MIG009/XXDM_MIG009_AP_SUPP_A.ugr
09102012T122840 : MIG009/XXDM_MIG009_AP_SUPP_A.ugr
09102012T122840 : File: MIG009/XXDM_MIG009_AP_SUPP_BANK.ctl
09102012T122840 : MIG009/XXDM_MIG009_AP_SUPP_BANK.ctl
09102012T122840 : File: MIG009/XXDM_MIG009_AP_SUPP_PKG.pkb
09102012T122840 : MIG009/XXDM_MIG009_AP_SUPP_PKG.pkb
09102012T122840 : File: MIG009/XXDM_MIG009_AP_SUPP_B.ugr
09102012T122840 : MIG009/XXDM_MIG009_AP_SUPP_B.ugr
09102012T122840 : File: MIG009/XXDM_MIG009_AP_SUPP_PKG.pks
09102012T122840 : MIG009/XXDM_MIG009_AP_SUPP_PKG.pks
09102012T122840 : File: MIG009/XXDM_MIG009_ORA_SITE.ctl
09102012T122840 : MIG009/XXDM_MIG009_ORA_SITE.ctl
09102012T122840 : File: MIG009/XXDM_DM001_TERMS.ctl
09102012T122840 : MIG009/XXDM_DM001_TERMS.ctl
09102012T122840 : File: MIG009/XXDM_MIG009_AP_SUPP.ctl
09102012T122840 : MIG009/XXDM_MIG009_AP_SUPP.ctl
09102012T122840 : File: MIG009/XXDM_MIG009_ORA_SUPP.ctl
09102012T122840 : MIG009/XXDM_MIG009_ORA_SUPP.ctl
09102012T122840 : File: MIG009/XXDM_MIG009_AP_SUPP.tab
09102012T122840 : MIG009/XXDM_MIG009_AP_SUPP.tab
09102012T122840 : File: MIG009/XXDM_MIG009_AP_SUPP_SITE.ctl
09102012T122840 : MIG009/XXDM_MIG009_AP_SUPP_SITE.ctl
09102012T122840 : File: MIG009a/XXDM_MIG009a_AP_SUPP.ctl
09102012T122840 : MIG009a/XXDM_MIG009a_AP_SUPP.ctl
09102012T122840 : File: MIG009a/XXDM_MIG009a_AP_SUPP.tab
09102012T122840 : MIG009a/XXDM_MIG009a_AP_SUPP.tab
09102012T122840 : File: MIG009a/XXDM_MIG009a_AP_SUPP_SITE.ctl
09102012T122840 : MIG009a/XXDM_MIG009a_AP_SUPP_SITE.ctl
09102012T122840 : File: MIG009a/XXDM_MIG009a_AP_SUPP.seq
09102012T122840 : MIG009a/XXDM_MIG009a_AP_SUPP.seq
09102012T122840 : File: MIG009a/XXDM_MIG009a_AP_SUPP_A.syn
09102012T122840 : MIG009a/XXDM_MIG009a_AP_SUPP_A.syn
09102012T122840 : File: MIG009a/XXDM_MIG009a_AP_SUPP.sh
09102012T122840 : MIG009a/XXDM_MIG009a_AP_SUPP.sh
09102012T122840 : File: MIG009a/XXDM_MIG009a_AP_SUPP_B.syn
09102012T122840 : MIG009a/XXDM_MIG009a_AP_SUPP_B.syn
09102012T122840 : File: MIG009a/XXDM_MIG009a_AP_SUPP_A.ugr
09102012T122840 : MIG009a/XXDM_MIG009a_AP_SUPP_A.ugr
09102012T122840 : File: MIG009a/XXDM_MIG009a_AP_SUPP_PKG.pkb
09102012T122840 : MIG009a/XXDM_MIG009a_AP_SUPP_PKG.pkb
09102012T122840 : File: MIG009a/XXDM_MIG009a_AP_SUPP_B.ugr
09102012T122840 : MIG009a/XXDM_MIG009a_AP_SUPP_B.ugr
09102012T122840 : File: MIG009a/XXDM_MIG009a_AP_SUPP_PKG.pks
09102012T122840 : MIG009a/XXDM_MIG009a_AP_SUPP_PKG.pks
09102012T122840 : Svn Status received
09102012T122840 : Fetched Directory List from the Server
09102012T122842 : Please provide Release Reason in SvnCommit for /DataMigration/COMMON/MOD_DM_COMMON. Overridden and Code being Released to SIT ...
09102012T122844 : Please provide Release Reason in SvnCommit for /DataMigration/COMMON/MOD_DM_TOOLKIT. Overridden and Code being Released to SIT ...
09102012T122845 : Please provide Release Reason in SvnCommit for /DataMigration/MIG001. Overridden and Code being Released to SIT ...
09102012T122848 : Please provide Release Reason in SvnCommit for /DataMigration/MIG010. Overridden and Code being Released to SIT ...
09102012T122849 : Please provide Release Reason in SvnCommit for /DataMigration/MIG011. Overridden and Code being Released to SIT ...
09102012T122851 : Please provide Release Reason in SvnCommit for /DataMigration/MIG012. Overridden and Code being Released to SIT ...
09102012T122854 : Please provide Release Reason in SvnCommit for /DataMigration/MIG004. Overridden and Code being Released to SIT ...
09102012T122856 : Please provide Release Reason in SvnCommit for /DataMigration/MIG016. Overridden and Code being Released to SIT ...
09102012T122857 : Please provide Release Reason in SvnCommit for /DataMigration/MIG034. Overridden and Code being Released to SIT ...
09102012T122858 : Report generated @ SvnReport.xls
09102012T122858 : ================End of Run=======================

09102012T124350 : ================Start=======================
09102012T124350 : Environment: SIT	Release Number: 1.0
09102012T124350 : java.io.FileNotFoundException: SvnReport.xls (The process cannot access the file because it is being used by another process)
09102012T124424 : Authentication failed : org.tmatesoft.svn.core.SVNAuthenticationException: svn: E170001: Authentication required for '<https://coconet-svn-osnl-01.capgemini.com:443> Authorization Realm'
09102012T124426 : Fatal Error: org.tmatesoft.svn.core.SVNAuthenticationException: svn: E170001: Authentication required for '<https://coconet-svn-osnl-01.capgemini.com:443> Authorization Realm'
09102012T124432 : ================Start=======================
09102012T124432 : Environment: SIT	Release Number: 1.0
09102012T124441 : Connection Established to SVN Server
09102012T124442 : Fetching Directory List from the Server..... This may take around a minute
09102012T124442 : Fetching Svn Status
09102012T124442 : File: MIG004/XXDM_MIG004_AR_CUST_A.syn
09102012T124442 : MIG004/XXDM_MIG004_AR_CUST_A.syn
09102012T124442 : File: MIG004/XXDM_MIG004_AR_CUST.sh
09102012T124442 : MIG004/XXDM_MIG004_AR_CUST.sh
09102012T124442 : MIG004
09102012T124442 : File: MIG004/XXDM_MIG004_AR_CUST_B.syn
09102012T124442 : MIG004/XXDM_MIG004_AR_CUST_B.syn
09102012T124442 : File: MIG004/XXDM_MIG004_AR_CUST_SEQ.ctl
09102012T124442 : MIG004/XXDM_MIG004_AR_CUST_SEQ.ctl
09102012T124442 : File: MIG004/XXDM_MIG004_AR_CUST_A.ugr
09102012T124442 : MIG004/XXDM_MIG004_AR_CUST_A.ugr
09102012T124442 : File: MIG004/XXDM_MIG004_AR_CUST_BANK.ctl
09102012T124442 : MIG004/XXDM_MIG004_AR_CUST_BANK.ctl
09102012T124442 : File: MIG004/XXDM_MIG004_AR_CUST_MASTER.ctl
09102012T124442 : MIG004/XXDM_MIG004_AR_CUST_MASTER.ctl
09102012T124442 : File: MIG004/XXDM_MIG004_AR_CUST_PKG.pkb
09102012T124442 : MIG004/XXDM_MIG004_AR_CUST_PKG.pkb
09102012T124442 : File: MIG004/XXDM_MIG004_AR_CUST_B.ugr
09102012T124442 : MIG004/XXDM_MIG004_AR_CUST_B.ugr
09102012T124442 : File: MIG004/XXDM_MIG004_AR_CUST_PKG.pks
09102012T124442 : MIG004/XXDM_MIG004_AR_CUST_PKG.pks
09102012T124442 : File: MIG004/XXDM_MIG004_AR_CUST.sql
09102012T124442 : MIG004/XXDM_MIG004_AR_CUST.sql
09102012T124443 : File: MIG004/XXDM_MIG004_AR_CUST_MANUAL.ctl
09102012T124443 : MIG004/XXDM_MIG004_AR_CUST_MANUAL.ctl
09102012T124443 : File: MIG004/XXDM_MIG004_AR_CUST_GXS.ctl
09102012T124443 : MIG004/XXDM_MIG004_AR_CUST_GXS.ctl
09102012T124443 : File: MIG004/XXDM_MIG004_AR_CUST.tab
09102012T124443 : MIG004/XXDM_MIG004_AR_CUST.tab
09102012T124443 : File: MIG004/XXDM_MIG004_AR_CUST.seq
09102012T124443 : MIG004/XXDM_MIG004_AR_CUST.seq
09102012T124443 : File: MIG006/XXDM_MIG006_AR_TRX.tab
09102012T124443 : MIG006/XXDM_MIG006_AR_TRX.tab
09102012T124443 : File: MIG006/XXDM_MIG006_AR_TRX.seq
09102012T124443 : MIG006/XXDM_MIG006_AR_TRX.seq
09102012T124443 : File: MIG006/XXDM_MIG006_AR_TRX_A.syn
09102012T124443 : MIG006/XXDM_MIG006_AR_TRX_A.syn
09102012T124443 : File: MIG006/XXDM_MIG006_AR_TRX.sh
09102012T124443 : MIG006/XXDM_MIG006_AR_TRX.sh
09102012T124443 : File: MIG006/XXDM_MIG006_AR_TRX_B.syn
09102012T124443 : MIG006/XXDM_MIG006_AR_TRX_B.syn
09102012T124443 : File: MIG006/XXDM_MIG006_AR_TRX_A.ugr
09102012T124443 : MIG006/XXDM_MIG006_AR_TRX_A.ugr
09102012T124443 : File: MIG006/XXDM_MIG006_AR_TRX_PKG.pkb
09102012T124443 : MIG006/XXDM_MIG006_AR_TRX_PKG.pkb
09102012T124443 : File: MIG006/XXDM_MIG006_AR_TRX_B.ugr
09102012T124443 : MIG006/XXDM_MIG006_AR_TRX_B.ugr
09102012T124443 : File: MIG006/XXDM_MIG006_AR_TRX_PKG.pks
09102012T124443 : MIG006/XXDM_MIG006_AR_TRX_PKG.pks
09102012T124443 : File: MIG006/XXDM_MIG006_AR_TRX.ctl
09102012T124443 : MIG006/XXDM_MIG006_AR_TRX.ctl
09102012T124443 : File: MIG016/XXDM_MIG016_BRANCHES.ctl
09102012T124443 : MIG016/XXDM_MIG016_BRANCHES.ctl
09102012T124443 : MIG016
09102012T124443 : File: MIG016/XXDM_MIG016_BRANCHES.tab
09102012T124443 : MIG016/XXDM_MIG016_BRANCHES.tab
09102012T124443 : File: MIG016/XXDM_MIG016_BRANCHES.seq
09102012T124443 : MIG016/XXDM_MIG016_BRANCHES.seq
09102012T124443 : File: MIG016/XXDM_MIG016_BRANCHES_A.syn
09102012T124443 : MIG016/XXDM_MIG016_BRANCHES_A.syn
09102012T124443 : File: MIG016/XXDM_MIG016_BRANCHES.sh
09102012T124443 : MIG016/XXDM_MIG016_BRANCHES.sh
09102012T124443 : File: MIG016/XXDM_MIG016_BRANCHES_B.syn
09102012T124443 : MIG016/XXDM_MIG016_BRANCHES_B.syn
09102012T124443 : File: MIG016/XXDM_MIG016_BRANCHES_A.ugr
09102012T124443 : MIG016/XXDM_MIG016_BRANCHES_A.ugr
09102012T124443 : File: MIG016/XXDM_MIG016_BRANCHES_PKG.pkb
09102012T124443 : MIG016/XXDM_MIG016_BRANCHES_PKG.pkb
09102012T124443 : File: MIG016/XXDM_MIG016_BRANCHES_B.ugr
09102012T124443 : MIG016/XXDM_MIG016_BRANCHES_B.ugr
09102012T124443 : File: MIG016/XXDM_MIG016_BRANCHES_PKG.pks
09102012T124443 : MIG016/XXDM_MIG016_BRANCHES_PKG.pks
09102012T124443 : File: MIG034/XXDM_MIG034_SUP_RET.sh
09102012T124443 : MIG034/XXDM_MIG034_SUP_RET.sh
09102012T124443 : MIG034
09102012T124443 : File: MIG034/XXDM_MIG034_SUP_RET_B.syn
09102012T124443 : MIG034/XXDM_MIG034_SUP_RET_B.syn
09102012T124443 : File: MIG034/XXDM_MIG034_SUP_RET_A.ugr
09102012T124443 : MIG034/XXDM_MIG034_SUP_RET_A.ugr
09102012T124443 : File: MIG034/XXDM_MIG034_SUP_RET_PKG.pkb
09102012T124443 : MIG034/XXDM_MIG034_SUP_RET_PKG.pkb
09102012T124443 : File: MIG034/XXDM_MIG034_SUP_RET_B.ugr
09102012T124443 : MIG034/XXDM_MIG034_SUP_RET_B.ugr
09102012T124443 : File: MIG034/XXDM_MIG034_SUP_RET_PKG.pks
09102012T124443 : MIG034/XXDM_MIG034_SUP_RET_PKG.pks
09102012T124443 : File: MIG034/XXDM_MIG034_SUP_RET.tab
09102012T124443 : MIG034/XXDM_MIG034_SUP_RET.tab
09102012T124443 : File: MIG034/XXDM_MIG034_SUP_RET.seq
09102012T124443 : MIG034/XXDM_MIG034_SUP_RET.seq
09102012T124443 : File: MIG034/XXDM_MIG034_SUP_RET_A.syn
09102012T124443 : MIG034/XXDM_MIG034_SUP_RET_A.syn
09102012T124443 : File: MIG008/XXDM_MIG008_AP_SUPP_A.ugr
09102012T124443 : MIG008/XXDM_MIG008_AP_SUPP_A.ugr
09102012T124443 : File: MIG008/XXDM_MIG008_AP_SUPP_PKG.pkb
09102012T124443 : MIG008/XXDM_MIG008_AP_SUPP_PKG.pkb
09102012T124443 : File: MIG008/XXDM_MIG008_AP_SUPP_B.ugr
09102012T124443 : MIG008/XXDM_MIG008_AP_SUPP_B.ugr
09102012T124443 : File: MIG008/XXDM_MIG008_AP_SUPP_PKG.pks
09102012T124443 : MIG008/XXDM_MIG008_AP_SUPP_PKG.pks
09102012T124443 : File: MIG008/XXDM_MIG008_AP_SUPP.ctl
09102012T124443 : MIG008/XXDM_MIG008_AP_SUPP.ctl
09102012T124443 : File: MIG008/XXDM_MIG008_AP_SUPP.tab
09102012T124443 : MIG008/XXDM_MIG008_AP_SUPP.tab
09102012T124443 : File: MIG008/XXDM_MIG008_AP_SUPP_SITE.ctl
09102012T124443 : MIG008/XXDM_MIG008_AP_SUPP_SITE.ctl
09102012T124443 : File: MIG008/XXDM_MIG008_AP_SUPP.seq
09102012T124443 : MIG008/XXDM_MIG008_AP_SUPP.seq
09102012T124443 : File: MIG008/XXDM_MIG008_AP_SUPP_A.syn
09102012T124443 : MIG008/XXDM_MIG008_AP_SUPP_A.syn
09102012T124443 : File: MIG008/XXDM_MIG008_AP_SUPP.sh
09102012T124443 : MIG008/XXDM_MIG008_AP_SUPP.sh
09102012T124443 : File: MIG008/XXDM_MIG008_AP_SUPP_B.syn
09102012T124443 : MIG008/XXDM_MIG008_AP_SUPP_B.syn
09102012T124443 : File: MIG017/XXDM_MIG017_BANKS_A.ugr
09102012T124443 : MIG017/XXDM_MIG017_BANKS_A.ugr
09102012T124443 : File: MIG017/XXDM_MIG017_BANKS_PKG.pkb
09102012T124443 : MIG017/XXDM_MIG017_BANKS_PKG.pkb
09102012T124443 : File: MIG017/XXDM_MIG017_BANKS_B.ugr
09102012T124443 : MIG017/XXDM_MIG017_BANKS_B.ugr
09102012T124443 : File: MIG017/XXDM_MIG017_BANKS_PKG.pks
09102012T124443 : MIG017/XXDM_MIG017_BANKS_PKG.pks
09102012T124443 : File: MIG017/XXDM_MIG017_BANKS.ctl
09102012T124443 : MIG017/XXDM_MIG017_BANKS.ctl
09102012T124443 : File: MIG017/XXDM_MIG017_BANKS.tab
09102012T124443 : MIG017/XXDM_MIG017_BANKS.tab
09102012T124443 : File: MIG017/XXDM_MIG017_BANKS.seq
09102012T124443 : MIG017/XXDM_MIG017_BANKS.seq
09102012T124443 : File: MIG017/XXDM_MIG017_BANKS_A.syn
09102012T124443 : MIG017/XXDM_MIG017_BANKS_A.syn
09102012T124443 : File: MIG017/XXDM_MIG017_BANKS.sh
09102012T124443 : MIG017/XXDM_MIG017_BANKS.sh
09102012T124443 : File: MIG017/XXDM_MIG017_BANKS_B.syn
09102012T124443 : MIG017/XXDM_MIG017_BANKS_B.syn
09102012T124443 : File: MIG009/XXDM_DM001_TERMS.ctl
09102012T124443 : MIG009/XXDM_DM001_TERMS.ctl
09102012T124443 : File: MIG009/XXDM_MIG009_AP_SUPP.ctl
09102012T124443 : MIG009/XXDM_MIG009_AP_SUPP.ctl
09102012T124443 : File: MIG009/XXDM_MIG009_ORA_SUPP.ctl
09102012T124443 : MIG009/XXDM_MIG009_ORA_SUPP.ctl
09102012T124443 : File: MIG009/XXDM_MIG009_AP_SUPP.tab
09102012T124443 : MIG009/XXDM_MIG009_AP_SUPP.tab
09102012T124443 : File: MIG009/XXDM_MIG009_AP_SUPP_SITE.ctl
09102012T124443 : MIG009/XXDM_MIG009_AP_SUPP_SITE.ctl
09102012T124443 : File: MIG009/XXDM_MIG009_AP_SUPP.seq
09102012T124443 : MIG009/XXDM_MIG009_AP_SUPP.seq
09102012T124443 : File: MIG009/XXDM_MIG009_AP_SUPP_A.syn
09102012T124443 : MIG009/XXDM_MIG009_AP_SUPP_A.syn
09102012T124443 : File: MIG009/XXDM_MIG009_AP_SUPP.sh
09102012T124443 : MIG009/XXDM_MIG009_AP_SUPP.sh
09102012T124443 : File: MIG009/XXDM_MIG009_AP_SUPP_B.syn
09102012T124443 : MIG009/XXDM_MIG009_AP_SUPP_B.syn
09102012T124443 : File: MIG009/XXDM_MIG009_AP_SUPP_A.ugr
09102012T124443 : MIG009/XXDM_MIG009_AP_SUPP_A.ugr
09102012T124443 : File: MIG009/XXDM_MIG009_AP_SUPP_BANK.ctl
09102012T124443 : MIG009/XXDM_MIG009_AP_SUPP_BANK.ctl
09102012T124443 : File: MIG009/XXDM_MIG009_AP_SUPP_PKG.pkb
09102012T124443 : MIG009/XXDM_MIG009_AP_SUPP_PKG.pkb
09102012T124443 : File: MIG009/XXDM_MIG009_AP_SUPP_B.ugr
09102012T124443 : MIG009/XXDM_MIG009_AP_SUPP_B.ugr
09102012T124443 : File: MIG009/XXDM_MIG009_AP_SUPP_PKG.pks
09102012T124443 : MIG009/XXDM_MIG009_AP_SUPP_PKG.pks
09102012T124443 : File: MIG009/XXDM_MIG009_ORA_SITE.ctl
09102012T124443 : MIG009/XXDM_MIG009_ORA_SITE.ctl
09102012T124443 : File: MIG009a/XXDM_MIG009a_AP_SUPP_A.ugr
09102012T124443 : MIG009a/XXDM_MIG009a_AP_SUPP_A.ugr
09102012T124443 : File: MIG009a/XXDM_MIG009a_AP_SUPP_PKG.pkb
09102012T124443 : MIG009a/XXDM_MIG009a_AP_SUPP_PKG.pkb
09102012T124443 : File: MIG009a/XXDM_MIG009a_AP_SUPP_B.ugr
09102012T124443 : MIG009a/XXDM_MIG009a_AP_SUPP_B.ugr
09102012T124443 : File: MIG009a/XXDM_MIG009a_AP_SUPP_PKG.pks
09102012T124443 : MIG009a/XXDM_MIG009a_AP_SUPP_PKG.pks
09102012T124443 : File: MIG009a/XXDM_MIG009a_AP_SUPP.ctl
09102012T124443 : MIG009a/XXDM_MIG009a_AP_SUPP.ctl
09102012T124443 : File: MIG009a/XXDM_MIG009a_AP_SUPP.tab
09102012T124443 : MIG009a/XXDM_MIG009a_AP_SUPP.tab
09102012T124443 : File: MIG009a/XXDM_MIG009a_AP_SUPP_SITE.ctl
09102012T124443 : MIG009a/XXDM_MIG009a_AP_SUPP_SITE.ctl
09102012T124443 : File: MIG009a/XXDM_MIG009a_AP_SUPP.seq
09102012T124443 : MIG009a/XXDM_MIG009a_AP_SUPP.seq
09102012T124443 : File: MIG009a/XXDM_MIG009a_AP_SUPP_A.syn
09102012T124443 : MIG009a/XXDM_MIG009a_AP_SUPP_A.syn
09102012T124443 : File: MIG009a/XXDM_MIG009a_AP_SUPP.sh
09102012T124443 : MIG009a/XXDM_MIG009a_AP_SUPP.sh
09102012T124443 : File: MIG009a/XXDM_MIG009a_AP_SUPP_B.syn
09102012T124443 : MIG009a/XXDM_MIG009a_AP_SUPP_B.syn
09102012T124443 : File: COMMON/MOD_DM_TOOLKIT/XXDM_DM_TOOLKIT_ALT.tab
09102012T124443 : COMMON/MOD_DM_TOOLKIT/XXDM_DM_TOOLKIT_ALT.tab
09102012T124443 : File: COMMON/MOD_DM_TOOLKIT/XXDM_DM_TOOLKIT.tab
09102012T124443 : COMMON/MOD_DM_TOOLKIT/XXDM_DM_TOOLKIT.tab
09102012T124443 : File: COMMON/MOD_DM_TOOLKIT/XXDM_DM_TOOLKIT_A.syn
09102012T124443 : COMMON/MOD_DM_TOOLKIT/XXDM_DM_TOOLKIT_A.syn
09102012T124443 : File: COMMON/MOD_DM_TOOLKIT/XXDM_DM_TOOLKIT_B.syn
09102012T124443 : COMMON/MOD_DM_TOOLKIT/XXDM_DM_TOOLKIT_B.syn
09102012T124443 : File: COMMON/MOD_DM_TOOLKIT/XXDM_DM_TOOLKIT_A.pkb
09102012T124443 : COMMON/MOD_DM_TOOLKIT/XXDM_DM_TOOLKIT_A.pkb
09102012T124443 : COMMON/MOD_DM_TOOLKIT
09102012T124443 : File: COMMON/MOD_DM_TOOLKIT/XXDM_DM_TOOLKIT_B.pkb
09102012T124443 : COMMON/MOD_DM_TOOLKIT/XXDM_DM_TOOLKIT_B.pkb
09102012T124443 : File: COMMON/MOD_DM_TOOLKIT/XXDM_DM_TOOLKIT_DROP_A.sql
09102012T124443 : COMMON/MOD_DM_TOOLKIT/XXDM_DM_TOOLKIT_DROP_A.sql
09102012T124443 : File: COMMON/MOD_DM_TOOLKIT/XXDM_DM_TOOLKIT_A.ldt
09102012T124443 : COMMON/MOD_DM_TOOLKIT/XXDM_DM_TOOLKIT_A.ldt
09102012T124443 : File: COMMON/MOD_DM_TOOLKIT/XXDM_DM_TOOLKIT_DROP_B.sql
09102012T124443 : COMMON/MOD_DM_TOOLKIT/XXDM_DM_TOOLKIT_DROP_B.sql
09102012T124443 : File: COMMON/MOD_DM_TOOLKIT/XXDM_DM_TOOLKIT_B.ldt
09102012T124443 : COMMON/MOD_DM_TOOLKIT/XXDM_DM_TOOLKIT_B.ldt
09102012T124443 : File: COMMON/MOD_DM_TOOLKIT/XXDM_DM_TOOLKIT_C.ldt
09102012T124443 : COMMON/MOD_DM_TOOLKIT/XXDM_DM_TOOLKIT_C.ldt
09102012T124443 : File: COMMON/MOD_DM_TOOLKIT/XXDM_DM_TOOLKIT_D.ldt
09102012T124443 : COMMON/MOD_DM_TOOLKIT/XXDM_DM_TOOLKIT_D.ldt
09102012T124443 : File: COMMON/MOD_DM_TOOLKIT/XXDM_DM_TOOLKIT_E.ldt
09102012T124443 : COMMON/MOD_DM_TOOLKIT/XXDM_DM_TOOLKIT_E.ldt
09102012T124443 : File: COMMON/MOD_DM_TOOLKIT/XXDM_DM_TOOLKIT_F.ldt
09102012T124443 : COMMON/MOD_DM_TOOLKIT/XXDM_DM_TOOLKIT_F.ldt
09102012T124443 : File: COMMON/MOD_DM_TOOLKIT/XXDM_DM_TOOLKIT.seq
09102012T124443 : COMMON/MOD_DM_TOOLKIT/XXDM_DM_TOOLKIT.seq
09102012T124443 : File: COMMON/MOD_DM_TOOLKIT/XXDM_DM_TOOLKIT_G.ldt
09102012T124443 : COMMON/MOD_DM_TOOLKIT/XXDM_DM_TOOLKIT_G.ldt
09102012T124443 : File: COMMON/MOD_DM_TOOLKIT/XXDM_DM_TOOLKIT_H.ldt
09102012T124443 : COMMON/MOD_DM_TOOLKIT/XXDM_DM_TOOLKIT_H.ldt
09102012T124443 : File: COMMON/MOD_DM_TOOLKIT/XXDM_DM_TOOLKIT.trg
09102012T124443 : COMMON/MOD_DM_TOOLKIT/XXDM_DM_TOOLKIT.trg
09102012T124443 : File: COMMON/MOD_DM_TOOLKIT/XXDM_DM_TOOLKIT.vw
09102012T124443 : COMMON/MOD_DM_TOOLKIT/XXDM_DM_TOOLKIT.vw
09102012T124443 : File: COMMON/MOD_DM_TOOLKIT/XXDM_DM_TOOLKIT_A.pks
09102012T124443 : COMMON/MOD_DM_TOOLKIT/XXDM_DM_TOOLKIT_A.pks
09102012T124443 : File: COMMON/MOD_DM_TOOLKIT/XXDM_DM_TOOLKIT_A.ugr
09102012T124443 : COMMON/MOD_DM_TOOLKIT/XXDM_DM_TOOLKIT_A.ugr
09102012T124443 : File: COMMON/MOD_DM_TOOLKIT/XXDM_DM_TOOLKIT_B.ugr
09102012T124443 : COMMON/MOD_DM_TOOLKIT/XXDM_DM_TOOLKIT_B.ugr
09102012T124443 : File: COMMON/MOD_DM_TOOLKIT/XXDM_DM_TOOLKIT_B.pks
09102012T124443 : COMMON/MOD_DM_TOOLKIT/XXDM_DM_TOOLKIT_B.pks
09102012T124443 : File: COMMON/MOD_DM_TOOLKIT/XXDM_DM_TOOLKIT_INSTALL.sh
09102012T124443 : COMMON/MOD_DM_TOOLKIT/XXDM_DM_TOOLKIT_INSTALL.sh
09102012T124443 : File: COMMON/MOD_DM_COMMON/XXDM_DM_COMMON_A.syn
09102012T124443 : COMMON/MOD_DM_COMMON/XXDM_DM_COMMON_A.syn
09102012T124443 : File: COMMON/MOD_DM_COMMON/XXDM_DM_COMMON_B.syn
09102012T124443 : COMMON/MOD_DM_COMMON/XXDM_DM_COMMON_B.syn
09102012T124443 : File: COMMON/MOD_DM_COMMON/CC_XXDM_MODULES.xls
09102012T124443 : COMMON/MOD_DM_COMMON/CC_XXDM_MODULES.xls
09102012T124443 : File: COMMON/MOD_DM_COMMON/XXDM_DM_COMMON.pkb
09102012T124443 : COMMON/MOD_DM_COMMON/XXDM_DM_COMMON.pkb
09102012T124443 : COMMON/MOD_DM_COMMON
09102012T124443 : File: COMMON/MOD_DM_COMMON/XXDM_DM_COMMON.pks
09102012T124443 : COMMON/MOD_DM_COMMON/XXDM_DM_COMMON.pks
09102012T124443 : File: COMMON/MOD_DM_COMMON/XXDM_DM_COMMON_A.ugr
09102012T124443 : COMMON/MOD_DM_COMMON/XXDM_DM_COMMON_A.ugr
09102012T124443 : File: COMMON/MOD_DM_COMMON/XXDM_DM_COMMON_B.ugr
09102012T124443 : COMMON/MOD_DM_COMMON/XXDM_DM_COMMON_B.ugr
09102012T124443 : File: COMMON/MOD_DM_COMMON/XXDM_DM_COMMON_INSTALL.sh
09102012T124443 : COMMON/MOD_DM_COMMON/XXDM_DM_COMMON_INSTALL.sh
09102012T124443 : File: COMMON/MOD_DM_COMMON/XXDM_DM_COMMON_DROP_A.sql
09102012T124443 : COMMON/MOD_DM_COMMON/XXDM_DM_COMMON_DROP_A.sql
09102012T124443 : File: COMMON/MOD_DM_COMMON/XXDM_DM_COMMON_DROP_B.sql
09102012T124443 : COMMON/MOD_DM_COMMON/XXDM_DM_COMMON_DROP_B.sql
09102012T124443 : File: COMMON/MOD_DM_COMMON/XXDM_DM_COMMON_OBJECT.sql
09102012T124443 : COMMON/MOD_DM_COMMON/XXDM_DM_COMMON_OBJECT.sql
09102012T124443 : File: COMMON/MOD_DM_COMMON/XXDM_DM_COMMON.tab
09102012T124443 : COMMON/MOD_DM_COMMON/XXDM_DM_COMMON.tab
09102012T124443 : File: MIG001/XXDM_MIG001_GL_BALANCES.ctl
09102012T124443 : MIG001/XXDM_MIG001_GL_BALANCES.ctl
09102012T124443 : MIG001
09102012T124443 : File: MIG001/XXDM_MIG001_GL_BALANCES.tab
09102012T124443 : MIG001/XXDM_MIG001_GL_BALANCES.tab
09102012T124443 : File: MIG001/XXDM_MIG001_GL_BALANCES.seq
09102012T124443 : MIG001/XXDM_MIG001_GL_BALANCES.seq
09102012T124443 : File: MIG001/XXDM_MIG001_GL_BALANCES_A.syn
09102012T124443 : MIG001/XXDM_MIG001_GL_BALANCES_A.syn
09102012T124443 : File: MIG001/XXDM_MIG001_GL_BALANCES.sh
09102012T124443 : MIG001/XXDM_MIG001_GL_BALANCES.sh
09102012T124443 : File: MIG001/XXDM_MIG001_GL_BALANCES_B.syn
09102012T124443 : MIG001/XXDM_MIG001_GL_BALANCES_B.syn
09102012T124443 : File: MIG001/XXDM_MIG001_GL_BALANCES_A.ugr
09102012T124443 : MIG001/XXDM_MIG001_GL_BALANCES_A.ugr
09102012T124443 : File: MIG001/XXDM_MIG001_GL_BALANCES_PKG.pkb
09102012T124443 : MIG001/XXDM_MIG001_GL_BALANCES_PKG.pkb
09102012T124443 : File: MIG001/XXDM_MIG001_GL_BALANCES_B.ugr
09102012T124443 : MIG001/XXDM_MIG001_GL_BALANCES_B.ugr
09102012T124443 : File: MIG001/XXDM_MIG001_GL_BALANCES_PKG.pks
09102012T124443 : MIG001/XXDM_MIG001_GL_BALANCES_PKG.pks
09102012T124443 : File: MIG010/XXDM_MIG010_AP_INV.seq
09102012T124443 : MIG010/XXDM_MIG010_AP_INV.seq
09102012T124443 : File: MIG010/XXDM_MIG010_AP_INV_A.syn
09102012T124443 : MIG010/XXDM_MIG010_AP_INV_A.syn
09102012T124443 : File: MIG010/XXDM_MIG010_AP_INV.sh
09102012T124443 : MIG010/XXDM_MIG010_AP_INV.sh
09102012T124443 : MIG010
09102012T124443 : File: MIG010/XXDM_MIG010_AP_INV_B.syn
09102012T124443 : MIG010/XXDM_MIG010_AP_INV_B.syn
09102012T124443 : File: MIG010/XXDM_MIG010_AP_INV.vw
09102012T124443 : MIG010/XXDM_MIG010_AP_INV.vw
09102012T124443 : File: MIG010/XXDM_MIG010_AP_INV_A.ugr
09102012T124443 : MIG010/XXDM_MIG010_AP_INV_A.ugr
09102012T124443 : File: MIG010/XXDM_MIG010_AP_INV_PKG.pkb
09102012T124443 : MIG010/XXDM_MIG010_AP_INV_PKG.pkb
09102012T124443 : File: MIG010/XXDM_MIG010_AP_INV_B.ugr
09102012T124443 : MIG010/XXDM_MIG010_AP_INV_B.ugr
09102012T124443 : File: MIG010/XXDM_MIG010_AP_INV_PKG.pks
09102012T124443 : MIG010/XXDM_MIG010_AP_INV_PKG.pks
09102012T124443 : File: MIG010/XXDM_MIG010_AP_INV.tab
09102012T124443 : MIG010/XXDM_MIG010_AP_INV.tab
09102012T124443 : File: MIG011/XXDM_MIG011_PO.tab
09102012T124443 : MIG011/XXDM_MIG011_PO.tab
09102012T124443 : File: MIG011/XXDM_MIG011_PO.seq
09102012T124443 : MIG011/XXDM_MIG011_PO.seq
09102012T124443 : File: MIG011/XXDM_MIG011_PO_A.syn
09102012T124443 : MIG011/XXDM_MIG011_PO_A.syn
09102012T124443 : File: MIG011/XXDM_MIG011_PO.sh
09102012T124443 : MIG011/XXDM_MIG011_PO.sh
09102012T124443 : MIG011
09102012T124443 : File: MIG011/XXDM_MIG011_PO_B.syn
09102012T124443 : MIG011/XXDM_MIG011_PO_B.syn
09102012T124443 : File: MIG011/XXDM_MIG011_PO_A.ugr
09102012T124443 : MIG011/XXDM_MIG011_PO_A.ugr
09102012T124443 : File: MIG011/XXDM_MIG011_PO_PKG.pkb
09102012T124443 : MIG011/XXDM_MIG011_PO_PKG.pkb
09102012T124443 : File: MIG011/XXDM_MIG011_PO_B.ugr
09102012T124443 : MIG011/XXDM_MIG011_PO_B.ugr
09102012T124443 : File: MIG011/XXDM_MIG011_PO_PKG.pks
09102012T124443 : MIG011/XXDM_MIG011_PO_PKG.pks
09102012T124443 : File: MIG012/XXDM_MIG012_PO_RECEIPTS.seq
09102012T124443 : MIG012/XXDM_MIG012_PO_RECEIPTS.seq
09102012T124443 : File: MIG012/XXDM_MIG012_PO_RECEIPTS_A.syn
09102012T124443 : MIG012/XXDM_MIG012_PO_RECEIPTS_A.syn
09102012T124443 : File: MIG012/XXDM_MIG012_PO_RECEIPTS.sh
09102012T124443 : MIG012/XXDM_MIG012_PO_RECEIPTS.sh
09102012T124443 : MIG012
09102012T124443 : File: MIG012/XXDM_MIG012_PO_RECEIPTS_B.syn
09102012T124443 : MIG012/XXDM_MIG012_PO_RECEIPTS_B.syn
09102012T124443 : File: MIG012/XXDM_MIG012_PO_RECEIPTS_A.ugr
09102012T124443 : MIG012/XXDM_MIG012_PO_RECEIPTS_A.ugr
09102012T124443 : File: MIG012/XXDM_MIG012_PO_RECEIPTS_PKG.pkb
09102012T124443 : MIG012/XXDM_MIG012_PO_RECEIPTS_PKG.pkb
09102012T124443 : File: MIG012/XXDM_MIG012_PO_RECEIPTS_B.ugr
09102012T124443 : MIG012/XXDM_MIG012_PO_RECEIPTS_B.ugr
09102012T124443 : File: MIG012/XXDM_MIG012_PO_RECEIPTS_PKG.pks
09102012T124443 : MIG012/XXDM_MIG012_PO_RECEIPTS_PKG.pks
09102012T124443 : File: MIG012/XXDM_MIG012_PO_RECEIPTS.tab
09102012T124443 : MIG012/XXDM_MIG012_PO_RECEIPTS.tab
09102012T124443 : Svn Status received
09102012T124443 : Fetched Directory List from the Server
09102012T124444 : Please provide Release Reason in SvnCommit for /DataMigration/MIG004. Overridden and Code being Released to SIT ...
09102012T124446 : Please provide Release Reason in SvnCommit for /DataMigration/MIG016. Overridden and Code being Released to SIT ...
09102012T124448 : Please provide Release Reason in SvnCommit for /DataMigration/MIG034. Overridden and Code being Released to SIT ...
09102012T124449 : Please provide Release Reason in SvnCommit for /DataMigration/COMMON/MOD_DM_TOOLKIT. Overridden and Code being Released to SIT ...
09102012T124450 : Please provide Release Reason in SvnCommit for /DataMigration/COMMON/MOD_DM_COMMON. Overridden and Code being Released to SIT ...
09102012T124452 : Please provide Release Reason in SvnCommit for /DataMigration/MIG001. Overridden and Code being Released to SIT ...
09102012T124453 : Please provide Release Reason in SvnCommit for /DataMigration/MIG010. Overridden and Code being Released to SIT ...
09102012T124454 : Please provide Release Reason in SvnCommit for /DataMigration/MIG011. Overridden and Code being Released to SIT ...
09102012T124455 : Please provide Release Reason in SvnCommit for /DataMigration/MIG012. Overridden and Code being Released to SIT ...
09102012T124456 : Report generated @ SvnReport.xls
09102012T124456 : ================End of Run=======================

09102012T124722 : ================Start=======================
09102012T124722 : Environment: SIT	Release Number: 1.0
09102012T124727 : Connection Established to SVN Server
09102012T124728 : Fetching Directory List from the Server..... This may take around a minute
09102012T124728 : Fetching Svn Status
09102012T124728 : File: MIG001/XXDM_MIG001_GL_BALANCES_A.syn
09102012T124728 : MIG001/XXDM_MIG001_GL_BALANCES_A.syn
09102012T124729 : File: MIG001/XXDM_MIG001_GL_BALANCES.sh
09102012T124729 : MIG001/XXDM_MIG001_GL_BALANCES.sh
09102012T124729 : MIG001
09102012T124729 : File: MIG001/XXDM_MIG001_GL_BALANCES_B.syn
09102012T124729 : MIG001/XXDM_MIG001_GL_BALANCES_B.syn
09102012T124729 : File: MIG001/XXDM_MIG001_GL_BALANCES_A.ugr
09102012T124729 : MIG001/XXDM_MIG001_GL_BALANCES_A.ugr
09102012T124729 : File: MIG001/XXDM_MIG001_GL_BALANCES_PKG.pkb
09102012T124729 : MIG001/XXDM_MIG001_GL_BALANCES_PKG.pkb
09102012T124729 : File: MIG001/XXDM_MIG001_GL_BALANCES_B.ugr
09102012T124729 : MIG001/XXDM_MIG001_GL_BALANCES_B.ugr
09102012T124729 : File: MIG001/XXDM_MIG001_GL_BALANCES_PKG.pks
09102012T124729 : MIG001/XXDM_MIG001_GL_BALANCES_PKG.pks
09102012T124729 : File: MIG001/XXDM_MIG001_GL_BALANCES.ctl
09102012T124729 : MIG001/XXDM_MIG001_GL_BALANCES.ctl
09102012T124729 : File: MIG001/XXDM_MIG001_GL_BALANCES.tab
09102012T124729 : MIG001/XXDM_MIG001_GL_BALANCES.tab
09102012T124729 : File: MIG001/XXDM_MIG001_GL_BALANCES.seq
09102012T124729 : MIG001/XXDM_MIG001_GL_BALANCES.seq
09102012T124729 : File: MIG010/XXDM_MIG010_AP_INV.tab
09102012T124729 : MIG010/XXDM_MIG010_AP_INV.tab
09102012T124729 : File: MIG010/XXDM_MIG010_AP_INV.seq
09102012T124729 : MIG010/XXDM_MIG010_AP_INV.seq
09102012T124729 : File: MIG010/XXDM_MIG010_AP_INV_A.syn
09102012T124729 : MIG010/XXDM_MIG010_AP_INV_A.syn
09102012T124729 : File: MIG010/XXDM_MIG010_AP_INV.sh
09102012T124729 : MIG010/XXDM_MIG010_AP_INV.sh
09102012T124729 : MIG010
09102012T124729 : File: MIG010/XXDM_MIG010_AP_INV_B.syn
09102012T124729 : MIG010/XXDM_MIG010_AP_INV_B.syn
09102012T124729 : File: MIG010/XXDM_MIG010_AP_INV.vw
09102012T124729 : MIG010/XXDM_MIG010_AP_INV.vw
09102012T124729 : File: MIG010/XXDM_MIG010_AP_INV_A.ugr
09102012T124729 : MIG010/XXDM_MIG010_AP_INV_A.ugr
09102012T124729 : File: MIG010/XXDM_MIG010_AP_INV_PKG.pkb
09102012T124729 : MIG010/XXDM_MIG010_AP_INV_PKG.pkb
09102012T124729 : File: MIG010/XXDM_MIG010_AP_INV_B.ugr
09102012T124729 : MIG010/XXDM_MIG010_AP_INV_B.ugr
09102012T124729 : File: MIG010/XXDM_MIG010_AP_INV_PKG.pks
09102012T124729 : MIG010/XXDM_MIG010_AP_INV_PKG.pks
09102012T124729 : File: MIG011/XXDM_MIG011_PO_A.ugr
09102012T124729 : MIG011/XXDM_MIG011_PO_A.ugr
09102012T124729 : File: MIG011/XXDM_MIG011_PO_PKG.pkb
09102012T124729 : MIG011/XXDM_MIG011_PO_PKG.pkb
09102012T124729 : MIG011
09102012T124729 : File: MIG011/XXDM_MIG011_PO_B.ugr
09102012T124729 : MIG011/XXDM_MIG011_PO_B.ugr
09102012T124729 : File: MIG011/XXDM_MIG011_PO_PKG.pks
09102012T124729 : MIG011/XXDM_MIG011_PO_PKG.pks
09102012T124729 : File: MIG011/XXDM_MIG011_PO.tab
09102012T124729 : MIG011/XXDM_MIG011_PO.tab
09102012T124729 : File: MIG011/XXDM_MIG011_PO.seq
09102012T124729 : MIG011/XXDM_MIG011_PO.seq
09102012T124729 : File: MIG011/XXDM_MIG011_PO_A.syn
09102012T124729 : MIG011/XXDM_MIG011_PO_A.syn
09102012T124729 : File: MIG011/XXDM_MIG011_PO.sh
09102012T124729 : MIG011/XXDM_MIG011_PO.sh
09102012T124729 : File: MIG011/XXDM_MIG011_PO_B.syn
09102012T124729 : MIG011/XXDM_MIG011_PO_B.syn
09102012T124729 : File: MIG012/XXDM_MIG012_PO_RECEIPTS.seq
09102012T124729 : MIG012/XXDM_MIG012_PO_RECEIPTS.seq
09102012T124729 : File: MIG012/XXDM_MIG012_PO_RECEIPTS_A.syn
09102012T124729 : MIG012/XXDM_MIG012_PO_RECEIPTS_A.syn
09102012T124729 : File: MIG012/XXDM_MIG012_PO_RECEIPTS.sh
09102012T124729 : MIG012/XXDM_MIG012_PO_RECEIPTS.sh
09102012T124729 : MIG012
09102012T124729 : File: MIG012/XXDM_MIG012_PO_RECEIPTS_B.syn
09102012T124729 : MIG012/XXDM_MIG012_PO_RECEIPTS_B.syn
09102012T124729 : File: MIG012/XXDM_MIG012_PO_RECEIPTS_A.ugr
09102012T124729 : MIG012/XXDM_MIG012_PO_RECEIPTS_A.ugr
09102012T124729 : File: MIG012/XXDM_MIG012_PO_RECEIPTS_PKG.pkb
09102012T124729 : MIG012/XXDM_MIG012_PO_RECEIPTS_PKG.pkb
09102012T124729 : File: MIG012/XXDM_MIG012_PO_RECEIPTS_B.ugr
09102012T124729 : MIG012/XXDM_MIG012_PO_RECEIPTS_B.ugr
09102012T124729 : File: MIG012/XXDM_MIG012_PO_RECEIPTS_PKG.pks
09102012T124729 : MIG012/XXDM_MIG012_PO_RECEIPTS_PKG.pks
09102012T124729 : File: MIG012/XXDM_MIG012_PO_RECEIPTS.tab
09102012T124729 : MIG012/XXDM_MIG012_PO_RECEIPTS.tab
09102012T124729 : File: MIG004/XXDM_MIG004_AR_CUST.tab
09102012T124729 : MIG004/XXDM_MIG004_AR_CUST.tab
09102012T124729 : File: MIG004/XXDM_MIG004_AR_CUST.seq
09102012T124729 : MIG004/XXDM_MIG004_AR_CUST.seq
09102012T124729 : File: MIG004/XXDM_MIG004_AR_CUST_A.syn
09102012T124729 : MIG004/XXDM_MIG004_AR_CUST_A.syn
09102012T124729 : File: MIG004/XXDM_MIG004_AR_CUST.sh
09102012T124729 : MIG004/XXDM_MIG004_AR_CUST.sh
09102012T124729 : MIG004
09102012T124729 : File: MIG004/XXDM_MIG004_AR_CUST_B.syn
09102012T124729 : MIG004/XXDM_MIG004_AR_CUST_B.syn
09102012T124729 : File: MIG004/XXDM_MIG004_AR_CUST_SEQ.ctl
09102012T124729 : MIG004/XXDM_MIG004_AR_CUST_SEQ.ctl
09102012T124729 : File: MIG004/XXDM_MIG004_AR_CUST_A.ugr
09102012T124729 : MIG004/XXDM_MIG004_AR_CUST_A.ugr
09102012T124729 : File: MIG004/XXDM_MIG004_AR_CUST_BANK.ctl
09102012T124729 : MIG004/XXDM_MIG004_AR_CUST_BANK.ctl
09102012T124729 : File: MIG004/XXDM_MIG004_AR_CUST_MASTER.ctl
09102012T124729 : MIG004/XXDM_MIG004_AR_CUST_MASTER.ctl
09102012T124729 : File: MIG004/XXDM_MIG004_AR_CUST_PKG.pkb
09102012T124729 : MIG004/XXDM_MIG004_AR_CUST_PKG.pkb
09102012T124729 : File: MIG004/XXDM_MIG004_AR_CUST_B.ugr
09102012T124729 : MIG004/XXDM_MIG004_AR_CUST_B.ugr
09102012T124729 : File: MIG004/XXDM_MIG004_AR_CUST_PKG.pks
09102012T124729 : MIG004/XXDM_MIG004_AR_CUST_PKG.pks
09102012T124729 : File: MIG004/XXDM_MIG004_AR_CUST.sql
09102012T124729 : MIG004/XXDM_MIG004_AR_CUST.sql
09102012T124729 : File: MIG004/XXDM_MIG004_AR_CUST_MANUAL.ctl
09102012T124729 : MIG004/XXDM_MIG004_AR_CUST_MANUAL.ctl
09102012T124729 : File: MIG004/XXDM_MIG004_AR_CUST_GXS.ctl
09102012T124729 : MIG004/XXDM_MIG004_AR_CUST_GXS.ctl
09102012T124729 : File: MIG006/XXDM_MIG006_AR_TRX.tab
09102012T124729 : MIG006/XXDM_MIG006_AR_TRX.tab
09102012T124729 : File: MIG006/XXDM_MIG006_AR_TRX.seq
09102012T124729 : MIG006/XXDM_MIG006_AR_TRX.seq
09102012T124729 : File: MIG006/XXDM_MIG006_AR_TRX_A.syn
09102012T124729 : MIG006/XXDM_MIG006_AR_TRX_A.syn
09102012T124729 : File: MIG006/XXDM_MIG006_AR_TRX.sh
09102012T124729 : MIG006/XXDM_MIG006_AR_TRX.sh
09102012T124729 : File: MIG006/XXDM_MIG006_AR_TRX_B.syn
09102012T124729 : MIG006/XXDM_MIG006_AR_TRX_B.syn
09102012T124729 : File: MIG006/XXDM_MIG006_AR_TRX_A.ugr
09102012T124729 : MIG006/XXDM_MIG006_AR_TRX_A.ugr
09102012T124729 : File: MIG006/XXDM_MIG006_AR_TRX_PKG.pkb
09102012T124729 : MIG006/XXDM_MIG006_AR_TRX_PKG.pkb
09102012T124729 : File: MIG006/XXDM_MIG006_AR_TRX_B.ugr
09102012T124729 : MIG006/XXDM_MIG006_AR_TRX_B.ugr
09102012T124729 : File: MIG006/XXDM_MIG006_AR_TRX_PKG.pks
09102012T124729 : MIG006/XXDM_MIG006_AR_TRX_PKG.pks
09102012T124729 : File: MIG006/XXDM_MIG006_AR_TRX.ctl
09102012T124729 : MIG006/XXDM_MIG006_AR_TRX.ctl
09102012T124729 : File: MIG016/XXDM_MIG016_BRANCHES.tab
09102012T124729 : MIG016/XXDM_MIG016_BRANCHES.tab
09102012T124729 : File: MIG016/XXDM_MIG016_BRANCHES.seq
09102012T124729 : MIG016/XXDM_MIG016_BRANCHES.seq
09102012T124729 : File: MIG016/XXDM_MIG016_BRANCHES_A.syn
09102012T124729 : MIG016/XXDM_MIG016_BRANCHES_A.syn
09102012T124729 : File: MIG016/XXDM_MIG016_BRANCHES.sh
09102012T124729 : MIG016/XXDM_MIG016_BRANCHES.sh
09102012T124729 : MIG016
09102012T124729 : File: MIG016/XXDM_MIG016_BRANCHES_B.syn
09102012T124729 : MIG016/XXDM_MIG016_BRANCHES_B.syn
09102012T124729 : File: MIG016/XXDM_MIG016_BRANCHES_A.ugr
09102012T124729 : MIG016/XXDM_MIG016_BRANCHES_A.ugr
09102012T124729 : File: MIG016/XXDM_MIG016_BRANCHES_PKG.pkb
09102012T124729 : MIG016/XXDM_MIG016_BRANCHES_PKG.pkb
09102012T124729 : File: MIG016/XXDM_MIG016_BRANCHES_B.ugr
09102012T124729 : MIG016/XXDM_MIG016_BRANCHES_B.ugr
09102012T124729 : File: MIG016/XXDM_MIG016_BRANCHES_PKG.pks
09102012T124729 : MIG016/XXDM_MIG016_BRANCHES_PKG.pks
09102012T124729 : File: MIG016/XXDM_MIG016_BRANCHES.ctl
09102012T124729 : MIG016/XXDM_MIG016_BRANCHES.ctl
09102012T124729 : File: MIG034/XXDM_MIG034_SUP_RET_B.ugr
09102012T124729 : MIG034/XXDM_MIG034_SUP_RET_B.ugr
09102012T124729 : File: MIG034/XXDM_MIG034_SUP_RET_PKG.pks
09102012T124729 : MIG034/XXDM_MIG034_SUP_RET_PKG.pks
09102012T124729 : File: MIG034/XXDM_MIG034_SUP_RET.tab
09102012T124729 : MIG034/XXDM_MIG034_SUP_RET.tab
09102012T124729 : File: MIG034/XXDM_MIG034_SUP_RET.seq
09102012T124729 : MIG034/XXDM_MIG034_SUP_RET.seq
09102012T124729 : File: MIG034/XXDM_MIG034_SUP_RET_A.syn
09102012T124729 : MIG034/XXDM_MIG034_SUP_RET_A.syn
09102012T124729 : File: MIG034/XXDM_MIG034_SUP_RET.sh
09102012T124729 : MIG034/XXDM_MIG034_SUP_RET.sh
09102012T124729 : MIG034
09102012T124729 : File: MIG034/XXDM_MIG034_SUP_RET_B.syn
09102012T124729 : MIG034/XXDM_MIG034_SUP_RET_B.syn
09102012T124729 : File: MIG034/XXDM_MIG034_SUP_RET_A.ugr
09102012T124729 : MIG034/XXDM_MIG034_SUP_RET_A.ugr
09102012T124729 : File: MIG034/XXDM_MIG034_SUP_RET_PKG.pkb
09102012T124729 : MIG034/XXDM_MIG034_SUP_RET_PKG.pkb
09102012T124729 : File: MIG008/XXDM_MIG008_AP_SUPP_B.ugr
09102012T124729 : MIG008/XXDM_MIG008_AP_SUPP_B.ugr
09102012T124729 : File: MIG008/XXDM_MIG008_AP_SUPP_PKG.pks
09102012T124729 : MIG008/XXDM_MIG008_AP_SUPP_PKG.pks
09102012T124729 : File: MIG008/XXDM_MIG008_AP_SUPP.ctl
09102012T124729 : MIG008/XXDM_MIG008_AP_SUPP.ctl
09102012T124729 : File: MIG008/XXDM_MIG008_AP_SUPP.tab
09102012T124729 : MIG008/XXDM_MIG008_AP_SUPP.tab
09102012T124729 : File: MIG008/XXDM_MIG008_AP_SUPP_SITE.ctl
09102012T124729 : MIG008/XXDM_MIG008_AP_SUPP_SITE.ctl
09102012T124729 : File: MIG008/XXDM_MIG008_AP_SUPP.seq
09102012T124729 : MIG008/XXDM_MIG008_AP_SUPP.seq
09102012T124729 : File: MIG008/XXDM_MIG008_AP_SUPP_A.syn
09102012T124729 : MIG008/XXDM_MIG008_AP_SUPP_A.syn
09102012T124729 : File: MIG008/XXDM_MIG008_AP_SUPP.sh
09102012T124729 : MIG008/XXDM_MIG008_AP_SUPP.sh
09102012T124729 : File: MIG008/XXDM_MIG008_AP_SUPP_B.syn
09102012T124729 : MIG008/XXDM_MIG008_AP_SUPP_B.syn
09102012T124729 : File: MIG008/XXDM_MIG008_AP_SUPP_A.ugr
09102012T124729 : MIG008/XXDM_MIG008_AP_SUPP_A.ugr
09102012T124729 : File: MIG008/XXDM_MIG008_AP_SUPP_PKG.pkb
09102012T124729 : MIG008/XXDM_MIG008_AP_SUPP_PKG.pkb
09102012T124729 : File: MIG017/XXDM_MIG017_BANKS.seq
09102012T124729 : MIG017/XXDM_MIG017_BANKS.seq
09102012T124729 : File: MIG017/XXDM_MIG017_BANKS_A.syn
09102012T124729 : MIG017/XXDM_MIG017_BANKS_A.syn
09102012T124729 : File: MIG017/XXDM_MIG017_BANKS.sh
09102012T124729 : MIG017/XXDM_MIG017_BANKS.sh
09102012T124729 : File: MIG017/XXDM_MIG017_BANKS_B.syn
09102012T124729 : MIG017/XXDM_MIG017_BANKS_B.syn
09102012T124729 : File: MIG017/XXDM_MIG017_BANKS_A.ugr
09102012T124729 : MIG017/XXDM_MIG017_BANKS_A.ugr
09102012T124729 : File: MIG017/XXDM_MIG017_BANKS_PKG.pkb
09102012T124729 : MIG017/XXDM_MIG017_BANKS_PKG.pkb
09102012T124729 : File: MIG017/XXDM_MIG017_BANKS_B.ugr
09102012T124729 : MIG017/XXDM_MIG017_BANKS_B.ugr
09102012T124729 : File: MIG017/XXDM_MIG017_BANKS_PKG.pks
09102012T124729 : MIG017/XXDM_MIG017_BANKS_PKG.pks
09102012T124729 : File: MIG017/XXDM_MIG017_BANKS.ctl
09102012T124729 : MIG017/XXDM_MIG017_BANKS.ctl
09102012T124729 : File: MIG017/XXDM_MIG017_BANKS.tab
09102012T124729 : MIG017/XXDM_MIG017_BANKS.tab
09102012T124729 : File: MIG009/XXDM_MIG009_AP_SUPP_A.ugr
09102012T124729 : MIG009/XXDM_MIG009_AP_SUPP_A.ugr
09102012T124729 : File: MIG009/XXDM_MIG009_AP_SUPP_BANK.ctl
09102012T124729 : MIG009/XXDM_MIG009_AP_SUPP_BANK.ctl
09102012T124729 : File: MIG009/XXDM_MIG009_AP_SUPP_PKG.pkb
09102012T124729 : MIG009/XXDM_MIG009_AP_SUPP_PKG.pkb
09102012T124729 : File: MIG009/XXDM_MIG009_AP_SUPP_B.ugr
09102012T124729 : MIG009/XXDM_MIG009_AP_SUPP_B.ugr
09102012T124729 : File: MIG009/XXDM_MIG009_AP_SUPP_PKG.pks
09102012T124729 : MIG009/XXDM_MIG009_AP_SUPP_PKG.pks
09102012T124729 : File: MIG009/XXDM_MIG009_ORA_SITE.ctl
09102012T124729 : MIG009/XXDM_MIG009_ORA_SITE.ctl
09102012T124729 : File: MIG009/XXDM_DM001_TERMS.ctl
09102012T124729 : MIG009/XXDM_DM001_TERMS.ctl
09102012T124729 : File: MIG009/XXDM_MIG009_AP_SUPP.ctl
09102012T124729 : MIG009/XXDM_MIG009_AP_SUPP.ctl
09102012T124729 : File: MIG009/XXDM_MIG009_ORA_SUPP.ctl
09102012T124729 : MIG009/XXDM_MIG009_ORA_SUPP.ctl
09102012T124729 : File: MIG009/XXDM_MIG009_AP_SUPP.tab
09102012T124729 : MIG009/XXDM_MIG009_AP_SUPP.tab
09102012T124729 : File: MIG009/XXDM_MIG009_AP_SUPP_SITE.ctl
09102012T124729 : MIG009/XXDM_MIG009_AP_SUPP_SITE.ctl
09102012T124729 : File: MIG009/XXDM_MIG009_AP_SUPP.seq
09102012T124729 : MIG009/XXDM_MIG009_AP_SUPP.seq
09102012T124729 : File: MIG009/XXDM_MIG009_AP_SUPP_A.syn
09102012T124729 : MIG009/XXDM_MIG009_AP_SUPP_A.syn
09102012T124729 : File: MIG009/XXDM_MIG009_AP_SUPP.sh
09102012T124729 : MIG009/XXDM_MIG009_AP_SUPP.sh
09102012T124729 : File: MIG009/XXDM_MIG009_AP_SUPP_B.syn
09102012T124729 : MIG009/XXDM_MIG009_AP_SUPP_B.syn
09102012T124729 : File: MIG009a/XXDM_MIG009a_AP_SUPP.tab
09102012T124729 : MIG009a/XXDM_MIG009a_AP_SUPP.tab
09102012T124729 : File: MIG009a/XXDM_MIG009a_AP_SUPP_SITE.ctl
09102012T124729 : MIG009a/XXDM_MIG009a_AP_SUPP_SITE.ctl
09102012T124729 : File: MIG009a/XXDM_MIG009a_AP_SUPP.seq
09102012T124729 : MIG009a/XXDM_MIG009a_AP_SUPP.seq
09102012T124729 : File: MIG009a/XXDM_MIG009a_AP_SUPP_A.syn
09102012T124729 : MIG009a/XXDM_MIG009a_AP_SUPP_A.syn
09102012T124729 : File: MIG009a/XXDM_MIG009a_AP_SUPP.sh
09102012T124729 : MIG009a/XXDM_MIG009a_AP_SUPP.sh
09102012T124729 : File: MIG009a/XXDM_MIG009a_AP_SUPP_B.syn
09102012T124729 : MIG009a/XXDM_MIG009a_AP_SUPP_B.syn
09102012T124729 : File: MIG009a/XXDM_MIG009a_AP_SUPP_A.ugr
09102012T124729 : MIG009a/XXDM_MIG009a_AP_SUPP_A.ugr
09102012T124729 : File: MIG009a/XXDM_MIG009a_AP_SUPP_PKG.pkb
09102012T124729 : MIG009a/XXDM_MIG009a_AP_SUPP_PKG.pkb
09102012T124729 : File: MIG009a/XXDM_MIG009a_AP_SUPP_B.ugr
09102012T124729 : MIG009a/XXDM_MIG009a_AP_SUPP_B.ugr
09102012T124729 : File: MIG009a/XXDM_MIG009a_AP_SUPP_PKG.pks
09102012T124729 : MIG009a/XXDM_MIG009a_AP_SUPP_PKG.pks
09102012T124729 : File: MIG009a/XXDM_MIG009a_AP_SUPP.ctl
09102012T124729 : MIG009a/XXDM_MIG009a_AP_SUPP.ctl
09102012T124729 : File: COMMON/MOD_DM_TOOLKIT/XXDM_DM_TOOLKIT_A.syn
09102012T124729 : COMMON/MOD_DM_TOOLKIT/XXDM_DM_TOOLKIT_A.syn
09102012T124729 : File: COMMON/MOD_DM_TOOLKIT/XXDM_DM_TOOLKIT_B.syn
09102012T124729 : COMMON/MOD_DM_TOOLKIT/XXDM_DM_TOOLKIT_B.syn
09102012T124729 : File: COMMON/MOD_DM_TOOLKIT/XXDM_DM_TOOLKIT_A.pkb
09102012T124729 : COMMON/MOD_DM_TOOLKIT/XXDM_DM_TOOLKIT_A.pkb
09102012T124729 : COMMON/MOD_DM_TOOLKIT
09102012T124730 : File: COMMON/MOD_DM_TOOLKIT/XXDM_DM_TOOLKIT_B.pkb
09102012T124730 : COMMON/MOD_DM_TOOLKIT/XXDM_DM_TOOLKIT_B.pkb
09102012T124730 : File: COMMON/MOD_DM_TOOLKIT/XXDM_DM_TOOLKIT_A.ldt
09102012T124730 : COMMON/MOD_DM_TOOLKIT/XXDM_DM_TOOLKIT_A.ldt
09102012T124730 : File: COMMON/MOD_DM_TOOLKIT/XXDM_DM_TOOLKIT_DROP_A.sql
09102012T124730 : COMMON/MOD_DM_TOOLKIT/XXDM_DM_TOOLKIT_DROP_A.sql
09102012T124730 : File: COMMON/MOD_DM_TOOLKIT/XXDM_DM_TOOLKIT_B.ldt
09102012T124730 : COMMON/MOD_DM_TOOLKIT/XXDM_DM_TOOLKIT_B.ldt
09102012T124730 : File: COMMON/MOD_DM_TOOLKIT/XXDM_DM_TOOLKIT_DROP_B.sql
09102012T124730 : COMMON/MOD_DM_TOOLKIT/XXDM_DM_TOOLKIT_DROP_B.sql
09102012T124730 : File: COMMON/MOD_DM_TOOLKIT/XXDM_DM_TOOLKIT_C.ldt
09102012T124730 : COMMON/MOD_DM_TOOLKIT/XXDM_DM_TOOLKIT_C.ldt
09102012T124730 : File: COMMON/MOD_DM_TOOLKIT/XXDM_DM_TOOLKIT_D.ldt
09102012T124730 : COMMON/MOD_DM_TOOLKIT/XXDM_DM_TOOLKIT_D.ldt
09102012T124730 : File: COMMON/MOD_DM_TOOLKIT/XXDM_DM_TOOLKIT_E.ldt
09102012T124730 : COMMON/MOD_DM_TOOLKIT/XXDM_DM_TOOLKIT_E.ldt
09102012T124730 : File: COMMON/MOD_DM_TOOLKIT/XXDM_DM_TOOLKIT.seq
09102012T124730 : COMMON/MOD_DM_TOOLKIT/XXDM_DM_TOOLKIT.seq
09102012T124730 : File: COMMON/MOD_DM_TOOLKIT/XXDM_DM_TOOLKIT_F.ldt
09102012T124730 : COMMON/MOD_DM_TOOLKIT/XXDM_DM_TOOLKIT_F.ldt
09102012T124730 : File: COMMON/MOD_DM_TOOLKIT/XXDM_DM_TOOLKIT_G.ldt
09102012T124730 : COMMON/MOD_DM_TOOLKIT/XXDM_DM_TOOLKIT_G.ldt
09102012T124730 : File: COMMON/MOD_DM_TOOLKIT/XXDM_DM_TOOLKIT_H.ldt
09102012T124730 : COMMON/MOD_DM_TOOLKIT/XXDM_DM_TOOLKIT_H.ldt
09102012T124730 : File: COMMON/MOD_DM_TOOLKIT/XXDM_DM_TOOLKIT.vw
09102012T124730 : COMMON/MOD_DM_TOOLKIT/XXDM_DM_TOOLKIT.vw
09102012T124730 : File: COMMON/MOD_DM_TOOLKIT/XXDM_DM_TOOLKIT.trg
09102012T124730 : COMMON/MOD_DM_TOOLKIT/XXDM_DM_TOOLKIT.trg
09102012T124730 : File: COMMON/MOD_DM_TOOLKIT/XXDM_DM_TOOLKIT_A.ugr
09102012T124730 : COMMON/MOD_DM_TOOLKIT/XXDM_DM_TOOLKIT_A.ugr
09102012T124730 : File: COMMON/MOD_DM_TOOLKIT/XXDM_DM_TOOLKIT_A.pks
09102012T124730 : COMMON/MOD_DM_TOOLKIT/XXDM_DM_TOOLKIT_A.pks
09102012T124730 : File: COMMON/MOD_DM_TOOLKIT/XXDM_DM_TOOLKIT_B.ugr
09102012T124730 : COMMON/MOD_DM_TOOLKIT/XXDM_DM_TOOLKIT_B.ugr
09102012T124730 : File: COMMON/MOD_DM_TOOLKIT/XXDM_DM_TOOLKIT_B.pks
09102012T124730 : COMMON/MOD_DM_TOOLKIT/XXDM_DM_TOOLKIT_B.pks
09102012T124730 : File: COMMON/MOD_DM_TOOLKIT/XXDM_DM_TOOLKIT_INSTALL.sh
09102012T124730 : COMMON/MOD_DM_TOOLKIT/XXDM_DM_TOOLKIT_INSTALL.sh
09102012T124730 : File: COMMON/MOD_DM_TOOLKIT/XXDM_DM_TOOLKIT_ALT.tab
09102012T124730 : COMMON/MOD_DM_TOOLKIT/XXDM_DM_TOOLKIT_ALT.tab
09102012T124730 : File: COMMON/MOD_DM_TOOLKIT/XXDM_DM_TOOLKIT.tab
09102012T124730 : COMMON/MOD_DM_TOOLKIT/XXDM_DM_TOOLKIT.tab
09102012T124730 : File: COMMON/MOD_DM_COMMON/XXDM_DM_COMMON_INSTALL.sh
09102012T124730 : COMMON/MOD_DM_COMMON/XXDM_DM_COMMON_INSTALL.sh
09102012T124730 : COMMON/MOD_DM_COMMON
09102012T124730 : File: COMMON/MOD_DM_COMMON/XXDM_DM_COMMON_DROP_A.sql
09102012T124730 : COMMON/MOD_DM_COMMON/XXDM_DM_COMMON_DROP_A.sql
09102012T124730 : File: COMMON/MOD_DM_COMMON/XXDM_DM_COMMON_DROP_B.sql
09102012T124730 : COMMON/MOD_DM_COMMON/XXDM_DM_COMMON_DROP_B.sql
09102012T124730 : File: COMMON/MOD_DM_COMMON/XXDM_DM_COMMON_OBJECT.sql
09102012T124730 : COMMON/MOD_DM_COMMON/XXDM_DM_COMMON_OBJECT.sql
09102012T124730 : File: COMMON/MOD_DM_COMMON/XXDM_DM_COMMON.tab
09102012T124730 : COMMON/MOD_DM_COMMON/XXDM_DM_COMMON.tab
09102012T124730 : File: COMMON/MOD_DM_COMMON/XXDM_DM_COMMON_A.syn
09102012T124730 : COMMON/MOD_DM_COMMON/XXDM_DM_COMMON_A.syn
09102012T124730 : File: COMMON/MOD_DM_COMMON/XXDM_DM_COMMON_B.syn
09102012T124730 : COMMON/MOD_DM_COMMON/XXDM_DM_COMMON_B.syn
09102012T124730 : File: COMMON/MOD_DM_COMMON/CC_XXDM_MODULES.xls
09102012T124730 : COMMON/MOD_DM_COMMON/CC_XXDM_MODULES.xls
09102012T124730 : File: COMMON/MOD_DM_COMMON/XXDM_DM_COMMON.pkb
09102012T124730 : COMMON/MOD_DM_COMMON/XXDM_DM_COMMON.pkb
09102012T124730 : File: COMMON/MOD_DM_COMMON/XXDM_DM_COMMON.pks
09102012T124730 : COMMON/MOD_DM_COMMON/XXDM_DM_COMMON.pks
09102012T124730 : File: COMMON/MOD_DM_COMMON/XXDM_DM_COMMON_A.ugr
09102012T124730 : COMMON/MOD_DM_COMMON/XXDM_DM_COMMON_A.ugr
09102012T124730 : File: COMMON/MOD_DM_COMMON/XXDM_DM_COMMON_B.ugr
09102012T124730 : COMMON/MOD_DM_COMMON/XXDM_DM_COMMON_B.ugr
09102012T124730 : Svn Status received
09102012T124730 : Fetched Directory List from the Server
09102012T124730 : Please provide Release Reason in SvnCommit for /DataMigration/MIG001. Overridden and Code being Released to SIT ...
09102012T124732 : Please provide Release Reason in SvnCommit for /DataMigration/MIG010. Overridden and Code being Released to SIT ...
09102012T124735 : Please provide Release Reason in SvnCommit for /DataMigration/MIG011. Overridden and Code being Released to SIT ...
