15022016T64713 : ================Start=======================
15022016T64713 : Environment: DEV	Release Number: 1.0
15022016T64718 : Fetching Directory List from the Server..... This may take around a minute
15022016T64719 : Fetched Directory List from the Server
15022016T64720 : Report generated @ SvnReport.xls
15022016T64720 : ================End of Run=======================

15022016T64739 : ================Start=======================
15022016T64739 : Environment: FTST	Release Number: 1.0
15022016T64744 : Fetching Directory List from the Server..... This may take around a minute
15022016T64745 : Fetched Directory List from the Server
15022016T64745 : Please provide Release Reason in SvnCommit for /branches/RB-1.0.x/soa/Implementation/ABS/Ebiz/NUC_PublishEBSJobDetails_ABS. Overridden and Code being Released to FTST ...
15022016T64746 : Please provide Release Reason in SvnCommit for /branches/RB-1.0.x/soa/Implementation/ABF/NSNE_SubscribeEBizJobDetails_EBiz_L2_ABF. Overridden and Code being Released to FTST ...
15022016T64746 : Please provide Release Reason in SvnCommit for /branches/RB-1.0.x/soa/Implementation/ABF/NSNE_SubscribeEBizJobDetails_EBiz_QMOS_ABF. Overridden and Code being Released to FTST ...
15022016T64746 : Report generated @ SvnReport.xls
15022016T64746 : ================End of Run=======================

15022016T64837 : ================Start=======================
15022016T64837 : Environment: DEV	Release Number: 1.0
15022016T64841 : Fetching Directory List from the Server..... This may take around a minute
15022016T64842 : Fetched Directory List from the Server
15022016T64843 : Report generated @ SvnReport.xls
15022016T64843 : ================End of Run=======================

15022016T64942 : ================Start=======================
15022016T64942 : Environment: SIT	Release Number: 1.0
15022016T64948 : Fetching Directory List from the Server..... This may take around a minute
15022016T64948 : Fetched Directory List from the Server
15022016T64948 : Please provide Release Reason in SvnCommit for /branches/RB-1.0.x/soa/Implementation/OTM/NUC_ReadBOLAck_Transentric_OTM_ABF. Overridden and Code being Released to SIT ...
15022016T64949 : Please provide Release Reason in SvnCommit for /branches/RB-1.0.x/soa/Implementation/OTM/SendTxnToOtmService. Overridden and Code being Released to SIT ...
15022016T64949 : Please provide Release Reason in SvnCommit for /branches/RB-1.0.x/soa/Implementation/OTM/SendOtmDocument4. Overridden and Code being Released to SIT ...
15022016T64950 : Please provide Release Reason in SvnCommit for /branches/RB-1.0.x/soa/Implementation/OTM/SendTripToOtmService. Overridden and Code being Released to SIT ...
15022016T64950 : Report generated @ SvnReport.xls
15022016T64950 : ================End of Run=======================

15022016T6501 : ================Start=======================
15022016T6501 : Environment: SIT	Release Number: 1.0
15022016T6506 : Authentication failed : org.tmatesoft.svn.core.SVNAuthenticationException: svn: E170001: Authentication required for '<https://brmkea940.bar.nucorsteel.local:18080> CollabNet Subversion Repository'
15022016T6506 : Fatal Error: org.tmatesoft.svn.core.SVNAuthenticationException: svn: E170001: Authentication required for '<https://brmkea940.bar.nucorsteel.local:18080> CollabNet Subversion Repository'
15022016T65014 : ================Start=======================
15022016T65014 : Environment: SIT	Release Number: 1.0
15022016T65019 : Fetching Directory List from the Server..... This may take around a minute
15022016T65019 : Fetched Directory List from the Server
15022016T65019 : Please provide Release Reason in SvnCommit for /branches/RB-1.0.x/soa/Implementation/OTM/NUC_ReadBOLAck_Transentric_OTM_ABF. Overridden and Code being Released to SIT ...
15022016T65020 : Please provide Release Reason in SvnCommit for /branches/RB-1.0.x/soa/Implementation/OTM/SendTxnToOtmService. Overridden and Code being Released to SIT ...
15022016T65020 : Please provide Release Reason in SvnCommit for /branches/RB-1.0.x/soa/Implementation/OTM/SendOtmDocument4. Overridden and Code being Released to SIT ...
15022016T65020 : Please provide Release Reason in SvnCommit for /branches/RB-1.0.x/soa/Implementation/OTM/SendTripToOtmService. Overridden and Code being Released to SIT ...
15022016T65020 : Report generated @ SvnReport.xls
15022016T65020 : ================End of Run=======================

15022016T65143 : ================Start=======================
15022016T65143 : Environment: DEV	Release Number: 1.0
15022016T65148 : Fetching Directory List from the Server..... This may take around a minute
15022016T65148 : Fetched Directory List from the Server
15022016T65149 : Report generated @ SvnReport.xls
15022016T65149 : ================End of Run=======================

15022016T65429 : ================Start=======================
15022016T65429 : Environment: SIT	Release Number: 1.0
15022016T65434 : Fetching Directory List from the Server..... This may take around a minute
15022016T65435 : Fetched Directory List from the Server
15022016T65435 : Please provide Release Reason in SvnCommit for /branches/RB-1.0.x/soa/Implementation/ABF/NUC_FreightandInvoice_CP_EBS_ABF. Overridden and Code being Released to SIT ...
15022016T65435 : Please provide Release Reason in SvnCommit for /branches/RB-1.0.x/soa/Implementation/ABF/NUC_TripAssignment_CP_EBS_ABF. Overridden and Code being Released to SIT ...
15022016T65436 : Report generated @ SvnReport.xls
15022016T65436 : ================End of Run=======================

15022016T7441 : ================Start=======================
15022016T7441 : Environment: DEV	Release Number: 1.0
15022016T7447 : Authentication failed : org.tmatesoft.svn.core.SVNAuthenticationException: svn: E170001: Authentication required for '<https://brmkea940.bar.nucorsteel.local:18080> CollabNet Subversion Repository'
15022016T7447 : Fatal Error: org.tmatesoft.svn.core.SVNAuthenticationException: svn: E170001: Authentication required for '<https://brmkea940.bar.nucorsteel.local:18080> CollabNet Subversion Repository'
15022016T74415 : ================Start=======================
15022016T74415 : Environment: DEV	Release Number: 1.0
15022016T74420 : Fetching Directory List from the Server..... This may take around a minute
15022016T74420 : Fetched Directory List from the Server
15022016T74421 : Report generated @ SvnReport.xls
15022016T74421 : ================End of Run=======================

15022016T7451 : ================Start=======================
15022016T7451 : Environment: SIT	Release Number: 1.0
15022016T7456 : Fetching Directory List from the Server..... This may take around a minute
15022016T7456 : Fetched Directory List from the Server
15022016T7456 : Please provide Release Reason in SvnCommit for /branches/RB-1.0.x/soa/Implementation/OTM/NUC_ReceiveShipStatus_OTM_EBiz_ABF. Overridden and Code being Released to SIT ...
15022016T7457 : Report generated @ SvnReport.xls
15022016T7457 : ================End of Run=======================

