11022016T390 : ================Start=======================
11022016T390 : Environment: DEV	Release Number: 1.0
11022016T398 : Fetching Directory List from the Server..... This may take around a minute
11022016T398 : Fetched Directory List from the Server
11022016T3928 : Report generated @ SvnReport.xls
11022016T3928 : ================End of Run=======================

11022016T3955 : ================Start=======================
11022016T3955 : Environment: SIT	Release Number: 1.0
11022016T3100 : Fetching Directory List from the Server..... This may take around a minute
11022016T3101 : Fetched Directory List from the Server
11022016T3101 : Please provide Release Reason in SvnCommit for /branches/RB-1.0.x/soa/Implementation/OTM/ReceivePShipmentFromOtm. Overridden and Code being Released to SIT ...
11022016T3102 : Report generated @ SvnReport.xls
11022016T3102 : ================End of Run=======================

11022016T31722 : ================Start=======================
11022016T31722 : Environment: FTST	Release Number: 1.0
11022016T31727 : Fetching Directory List from the Server..... This may take around a minute
11022016T31727 : Fetched Directory List from the Server
11022016T31727 : Please provide Release Reason in SvnCommit for /branches/RB-1.0.x/soa/Implementation/Infrastructure/EmailNotification. Overridden and Code being Released to FTST ...
11022016T31729 : Report generated @ SvnReport.xls
11022016T31729 : ================End of Run=======================

11022016T51959 : ================Start=======================
11022016T51959 : Environment: DEV	Release Number: 1.0
11022016T5204 : Fetching Directory List from the Server..... This may take around a minute
11022016T5205 : Fetched Directory List from the Server
11022016T5206 : Report generated @ SvnReport.xls
11022016T5206 : ================End of Run=======================

11022016T52025 : ================Start=======================
11022016T52025 : Environment: SIT	Release Number: 1.0
11022016T52029 : Fetching Directory List from the Server..... This may take around a minute
11022016T52029 : Fetched Directory List from the Server
11022016T52029 : Please provide Release Reason in SvnCommit for /branches/RB-1.0.x/soa/Implementation/ABF/NUC_TransferLabel_NiceLabel_ABF. Overridden and Code being Released to SIT ...
11022016T52030 : Report generated @ SvnReport.xls
11022016T52030 : ================End of Run=======================

