12022016T54638 : ================Start=======================
12022016T54638 : Environment: DEV	Release Number: 1.0
12022016T54643 : Fetching Directory List from the Server..... This may take around a minute
12022016T54643 : Fetched Directory List from the Server
12022016T54644 : Report generated @ SvnReport.xls
12022016T54644 : ================End of Run=======================

12022016T54657 : ================Start=======================
12022016T54657 : Environment: SIT	Release Number: 1.0
12022016T5471 : Fetching Directory List from the Server..... This may take around a minute
12022016T5472 : Fetched Directory List from the Server
12022016T5472 : Please provide Release Reason in SvnCommit for /branches/RB-1.0.x/soa/Implementation/Infrastructure/EmailNotification. Overridden and Code being Released to SIT ...
12022016T5473 : Report generated @ SvnReport.xls
12022016T5473 : ================End of Run=======================

12022016T54930 : ================Start=======================
12022016T54930 : Environment: SIT	Release Number: 1.0
12022016T54930 : java.io.FileNotFoundException: SvnReport.xls (The process cannot access the file because it is being used by another process)
12022016T54953 : Fetching Directory List from the Server..... This may take around a minute
12022016T54953 : Fetched Directory List from the Server
12022016T54953 : Please provide Release Reason in SvnCommit for /branches/RB-1.0.x/soa/Implementation/Infrastructure/EmailNotification. Overridden and Code being Released to SIT ...
12022016T54954 : Report generated @ SvnReport.xls
12022016T54954 : ================End of Run=======================

12022016T55039 : ================Start=======================
12022016T55039 : Environment: DEV	Release Number: 1.0
12022016T55044 : Fetching Directory List from the Server..... This may take around a minute
12022016T55044 : Fetched Directory List from the Server
12022016T55045 : Report generated @ SvnReport.xls
12022016T55045 : ================End of Run=======================

12022016T5513 : ================Start=======================
12022016T5513 : Environment: SIT	Release Number: 1.0
12022016T5518 : Fetching Directory List from the Server..... This may take around a minute
12022016T5518 : Fetched Directory List from the Server
12022016T5518 : Please provide Release Reason in SvnCommit for /branches/RB-1.0.x/soa/Implementation/OTM/NUC_ReadShippingExcep_RailInc_OTM_ABF. Overridden and Code being Released to SIT ...
12022016T5519 : Please provide Release Reason in SvnCommit for /branches/RB-1.0.x/soa/Implementation/OTM/NUC_WriteBOLShipment_OTM_Transentric_ABF. Overridden and Code being Released to SIT ...
12022016T55110 : Please provide Release Reason in SvnCommit for /branches/RB-1.0.x/soa/Implementation/OTM/SendOtmDocument4. Overridden and Code being Released to SIT ...
12022016T55110 : Please provide Release Reason in SvnCommit for /branches/RB-1.0.x/soa/Implementation/Infrastructure/EmailNotification. Overridden and Code being Released to SIT ...
12022016T55110 : Report generated @ SvnReport.xls
12022016T55110 : ================End of Run=======================

