25022013T12369 : ================Start=======================
25022013T12369 : Environment: UAT	Release Number: 7.0
25022013T123732 : Fetching Directory List from the Server..... This may take around a minute
25022013T123738 : Fetched Directory List from the Server
25022013T123743 : Please provide Release Reason in SvnCommit for /DataMigration/MIG010. Overridden and Code being Released to UAT ...
25022013T123757 : Report generated @ SvnReport.xls
25022013T123757 : ================End of Run=======================

25022013T12386 : ================Start=======================
25022013T12386 : Environment: UAT	Release Number: 0.149
25022013T123854 : Authentication failed : org.tmatesoft.svn.core.SVNException: svn: E175002: OPTIONS of '/svn/repos/wolseleyfinancesimpification/Interfaces/Common%20Services/AR/PLSQL/IF025_026_045': 500 Internal Server Error (https://coconet-svn-in-01.capgemini.com)
svn: E175002: OPTIONS request failed on '/svn/repos/wolseleyfinancesimpification/Interfaces/Common%20Services/AR/PLSQL/IF025_026_045'
25022013T123930 : Fatal Error: org.tmatesoft.svn.core.SVNException: svn: E175002: PROPFIND of '/svn/repos/wolseleyfinancesimpification/Interfaces/Common%20Services/AR/PLSQL/IF025_026_045': 500 Internal Server Error (https://coconet-svn-in-01.capgemini.com)
25022013T12402 : ================Start=======================
25022013T12402 : Environment: UAT	Release Number: 0.149
25022013T124018 : Authentication failed : org.tmatesoft.svn.core.SVNAuthenticationException: svn: E170001: Authentication required for '<https://coconet-svn-in-01.capgemini.com:443> Authorization Realm'
25022013T124022 : Fatal Error: org.tmatesoft.svn.core.SVNAuthenticationException: svn: E170001: Authentication required for '<https://coconet-svn-in-01.capgemini.com:443> Authorization Realm'
25022013T124048 : ================Start=======================
25022013T124048 : Environment: UAT	Release Number: 0.149
25022013T12412 : Fetching Directory List from the Server..... This may take around a minute
25022013T12412 : Fatal Error: java.lang.StringIndexOutOfBoundsException: String index out of range: -1
25022013T124145 : ================Start=======================
25022013T124145 : Environment: UAT	Release Number: 0.149
25022013T124153 : Fetching Directory List from the Server..... This may take around a minute
25022013T124153 : Fatal Error: java.lang.StringIndexOutOfBoundsException: String index out of range: -1
25022013T124520 : ================Start=======================
25022013T124520 : Environment: UAT	Release Number: 0.149
25022013T124531 : Fetching Directory List from the Server..... This may take around a minute
25022013T124535 : Fetched Directory List from the Server
25022013T124550 : Report generated @ SvnReport.xls
25022013T124550 : ================End of Run=======================

