24022016T74331 : ================Start=======================
24022016T74331 : Environment: SIT	Release Number: 1.0
24022016T74336 : Fetching Directory List from the Server..... This may take around a minute
24022016T74337 : Fetched Directory List from the Server
24022016T74337 : Please provide Release Reason in SvnCommit for /branches/RB-1.0.x/soa/Implementation/OTM/NUC_ReadBOLAck_Transentric_OTM_ABF. Overridden and Code being Released to SIT ...
24022016T74338 : Please provide Release Reason in SvnCommit for /branches/RB-1.0.x/soa/Implementation/OTM/NUC_ReadShippingExcep_RailInc_OTM_ABF. Overridden and Code being Released to SIT ...
24022016T74338 : Report generated @ SvnReport.xls
24022016T74338 : ================End of Run=======================

24022016T74511 : ================Start=======================
24022016T74511 : Environment: DEV	Release Number: 1.0
24022016T74516 : Fetching Directory List from the Server..... This may take around a minute
24022016T74517 : Fetched Directory List from the Server
24022016T74535 : Report generated @ SvnReport.xls
24022016T74535 : ================End of Run=======================

24022016T74942 : ================Start=======================
24022016T74942 : Environment: FTST	Release Number: 1.0
24022016T74947 : Fetching Directory List from the Server..... This may take around a minute
24022016T74947 : Fetched Directory List from the Server
24022016T74947 : Please provide Release Reason in SvnCommit for /branches/RB-1.0.x/soa/Implementation/ABS/Ebiz/NUC_SubscribeTrips_CP_ABS. Overridden and Code being Released to FTST ...
24022016T74948 : Please provide Release Reason in SvnCommit for /branches/RB-1.0.x/soa/Implementation/ABS/Ebiz/NUC_EBizPOReceipt_ABS. Overridden and Code being Released to FTST ...
24022016T74949 : Please provide Release Reason in SvnCommit for /branches/RB-1.0.x/soa/Implementation/ABS/Ebiz/NUC_PublisherEBSTrips_ABS. Overridden and Code being Released to FTST ...
24022016T74949 : Please provide Release Reason in SvnCommit for /branches/RB-1.0.x/soa/Implementation/ABS/Ebiz/NUC_EbizPurchaseOrder_ABS. Overridden and Code being Released to FTST ...
24022016T74949 : Please provide Release Reason in SvnCommit for /branches/RB-1.0.x/soa/Implementation/ABF/NUC_POReceipt_DJJ_EBiz_ABF. Overridden and Code being Released to FTST ...
24022016T74950 : Please provide Release Reason in SvnCommit for /branches/RB-1.0.x/soa/Implementation/ABF/NUC_PurchaseOrder_DJJ_EBiz_ABF. Overridden and Code being Released to FTST ...
24022016T74950 : Report generated @ SvnReport.xls
24022016T74950 : ================End of Run=======================

24022016T82010 : ================Start=======================
24022016T82010 : Environment: DEV	Release Number: 1.0
24022016T82016 : Fetching Directory List from the Server..... This may take around a minute
24022016T82017 : Fetched Directory List from the Server
24022016T82043 : Report generated @ SvnReport.xls
24022016T82043 : ================End of Run=======================

24022016T82232 : ================Start=======================
24022016T82232 : Environment: FTST	Release Number: 1.0
24022016T82239 : Fetching Directory List from the Server..... This may take around a minute
24022016T82240 : Fetched Directory List from the Server
24022016T82240 : Please provide Release Reason in SvnCommit for /branches/RB-1.0.x/soa/Implementation/ABF/NUC_POReceipt_DJJ_EBiz_ABF. Overridden and Code being Released to FTST ...
24022016T82242 : Please provide Release Reason in SvnCommit for /branches/RB-1.0.x/soa/Implementation/ABF/NUC_EBizEntityResponse_ABF. Overridden and Code being Released to FTST ...
24022016T82242 : Report generated @ SvnReport.xls
24022016T82242 : ================End of Run=======================

24022016T101625 : ================Start=======================
24022016T101625 : Environment: DEV	Release Number: 1.0
24022016T101631 : Fetching Directory List from the Server..... This may take around a minute
24022016T101631 : Fetched Directory List from the Server
24022016T101657 : Report generated @ SvnReport.xls
24022016T101657 : ================End of Run=======================

24022016T101712 : ================Start=======================
24022016T101712 : Environment: FTST	Release Number: 1.0
24022016T101718 : Fetching Directory List from the Server..... This may take around a minute
24022016T101719 : Fetched Directory List from the Server
24022016T101719 : Please provide Release Reason in SvnCommit for /branches/RB-1.0.x/soa/Implementation/ABF/NUC_POReceipt_DJJ_EBiz_ABF. Overridden and Code being Released to FTST ...
24022016T101721 : Please provide Release Reason in SvnCommit for /branches/RB-1.0.x/soa/Implementation/ABF/NUC_EBizEntityResponse_ABF. Overridden and Code being Released to FTST ...
24022016T101721 : Report generated @ SvnReport.xls
24022016T101721 : ================End of Run=======================

