27042016T63615 : ================Start=======================
27042016T63615 : Environment: FTST	Release Number: 1.0
27042016T63620 : Fetching Directory List from the Server..... This may take around a minute
27042016T63621 : Fetched Directory List from the Server
27042016T63621 : Please provide Release Reason in SvnCommit for /branches/RB-1.0.x/soa/Implementation/ABS/Ebiz/NUC_EBizProductStructure_ABS. Overridden and Code being Released to FTST ...
27042016T63621 : Fatal Error: java.lang.IllegalStateException: The maximum number of cell styles was exceeded. You can define up to 4000 styles in a .xls workbook
27042016T63742 : ================Start=======================
27042016T63742 : Environment: FTST	Release Number: 1.0
27042016T63747 : Fetching Directory List from the Server..... This may take around a minute
27042016T63748 : Fetched Directory List from the Server
27042016T63748 : Please provide Release Reason in SvnCommit for /branches/RB-1.0.x/soa/Implementation/ABS/Ebiz/NUC_EBizProductStructure_ABS. Overridden and Code being Released to FTST ...
27042016T63750 : Please provide Release Reason in SvnCommit for /branches/RB-1.0.x/soa/Implementation/ABF/NUC_PublishEBSProductStructure_ABF. Overridden and Code being Released to FTST ...
27042016T63750 : Please provide Release Reason in SvnCommit for /branches/RB-1.0.x/soa/Implementation/ABF/NSNE_SubscribeProductStructure_EBiz_QMOS_ABF. Overridden and Code being Released to FTST ...
27042016T63751 : Report generated @ SvnReport.xls
27042016T63751 : ================End of Run=======================

27042016T63810 : ================Start=======================
27042016T63810 : Environment: DEV	Release Number: 1.0
27042016T63816 : Fetching Directory List from the Server..... This may take around a minute
27042016T63817 : Fetched Directory List from the Server
27042016T63849 : Report generated @ SvnReport.xls
27042016T63849 : ================End of Run=======================

