14032016T73838 : ================Start=======================
14032016T73838 : Environment: FTST	Release Number: 1.0
14032016T73845 : Fetching Directory List from the Server..... This may take around a minute
14032016T73846 : Fetched Directory List from the Server
14032016T73846 : Please provide Release Reason in SvnCommit for /branches/RB-1.0.x/soa/Implementation/ABS/Ebiz/NUC_SubscribeTrips_CP_ABS. Overridden and Code being Released to FTST ...
14032016T73847 : Please provide Release Reason in SvnCommit for /branches/RB-1.0.x/soa/Implementation/ABF/NUC_TripAssignment_CP_EBS_ABF. Overridden and Code being Released to FTST ...
14032016T73848 : Report generated @ SvnReport.xls
14032016T73848 : ================End of Run=======================

14032016T73924 : ================Start=======================
14032016T73924 : Environment: DEV	Release Number: 1.0
14032016T73928 : Fetching Directory List from the Server..... This may take around a minute
14032016T73929 : Fetched Directory List from the Server
14032016T73948 : Report generated @ SvnReport.xls
14032016T73948 : ================End of Run=======================

14032016T75717 : ================Start=======================
14032016T75717 : Environment: FTST	Release Number: 1.0
14032016T75734 : Fetching Directory List from the Server..... This may take around a minute
14032016T75734 : Fetched Directory List from the Server
14032016T75734 : Please provide Release Reason in SvnCommit for /branches/RB-1.0.x/soa/Implementation/ABS/Ebiz/NUC_EBizLPN_ABS. Overridden and Code being Released to FTST ...
14032016T75735 : Please provide Release Reason in SvnCommit for /branches/RB-1.0.x/soa/Implementation/ABS/Ebiz/NUC_EBizLot_ABS. Overridden and Code being Released to FTST ...
14032016T75736 : Report generated @ SvnReport.xls
14032016T75736 : ================End of Run=======================

