07042016T6652 : ================Start=======================
07042016T6652 : Environment: FTST	Release Number: 1.0
07042016T678 : Fetching Directory List from the Server..... This may take around a minute
07042016T679 : Fetched Directory List from the Server
07042016T679 : Please provide Release Reason in SvnCommit for /branches/RB-1.0.x/soa/Implementation/ABS/Ebiz/NUC_PublishEBSItemAttribute_ABS. Overridden and Code being Released to FTST ...
07042016T6710 : Please provide Release Reason in SvnCommit for /branches/RB-1.0.x/soa/Implementation/ABS/Ebiz/NUC_EBizQualitySpec_ABS. Overridden and Code being Released to FTST ...
07042016T6710 : Please provide Release Reason in SvnCommit for /branches/RB-1.0.x/soa/Implementation/ABS/Ebiz/NUC_EBizQualityResults_ABS. Overridden and Code being Released to FTST ...
07042016T6711 : Please provide Release Reason in SvnCommit for /branches/RB-1.0.x/soa/Implementation/ABF/NUC_PublishEBSQualitySpecs_ABF. Overridden and Code being Released to FTST ...
07042016T6712 : Please provide Release Reason in SvnCommit for /branches/RB-1.0.x/soa/Implementation/ABF/NSNE_Chemistry_L2_EBS_ABF. Overridden and Code being Released to FTST ...
07042016T6712 : Please provide Release Reason in SvnCommit for /branches/RB-1.0.x/soa/Implementation/ABF/NSNE_HeatBatch_L2_EBS_ABF. Overridden and Code being Released to FTST ...
07042016T6713 : Please provide Release Reason in SvnCommit for /branches/RB-1.0.x/soa/Implementation/ABF/NUC_Emp_SAP_EBiz_ABF. Overridden and Code being Released to FTST ...
07042016T6713 : Please provide Release Reason in SvnCommit for /branches/RB-1.0.x/soa/Implementation/ABF/NSNE_SubscribeEBizJobDetails_EBiz_QMOS_ABF. Overridden and Code being Released to FTST ...
07042016T6714 : Please provide Release Reason in SvnCommit for /branches/RB-1.0.x/soa/Implementation/ABF/NUC_EBiz_SAP_GLJE_ABF. Overridden and Code being Released to FTST ...
07042016T6715 : Please provide Release Reason in SvnCommit for /branches/RB-1.0.x/soa/Implementation/ABF/NSNE_CastBatch_L2_EBS_ABF. Overridden and Code being Released to FTST ...
07042016T6715 : Report generated @ SvnReport.xls
07042016T6715 : ================End of Run=======================

07042016T6853 : ================Start=======================
07042016T6853 : Environment: DEV	Release Number: 1.0
07042016T6859 : Fetching Directory List from the Server..... This may take around a minute
07042016T6859 : Fetched Directory List from the Server
07042016T6923 : Report generated @ SvnReport.xls
07042016T6923 : ================End of Run=======================

