31032016T05013 : ================Start=======================
31032016T05014 : Environment: DEV	Release Number: 1.0
31032016T05019 : Fetching Directory List from the Server..... This may take around a minute
31032016T05020 : Fetched Directory List from the Server
31032016T05052 : Report generated @ SvnReport.xls
31032016T05052 : ================End of Run=======================

31032016T05152 : ================Start=======================
31032016T05152 : Environment: FTST	Release Number: 1.0
31032016T05156 : Fetching Directory List from the Server..... This may take around a minute
31032016T05157 : Fetched Directory List from the Server
31032016T05157 : Please provide Release Reason in SvnCommit for /branches/RB-1.0.x/soa/Implementation/ABS/Ebiz/NUC_EBizQualityResults_ABS. Overridden and Code being Released to FTST ...
31032016T05159 : Please provide Release Reason in SvnCommit for /branches/RB-1.0.x/soa/Implementation/ABF/NSNE_ASNQualityResults_Suppliers_EBS_ABF. Overridden and Code being Released to FTST ...
31032016T0520 : Please provide Release Reason in SvnCommit for /branches/RB-1.0.x/soa/Implementation/ABF/NSNE_CastBatch_L2_EBS_ABF. Overridden and Code being Released to FTST ...
31032016T0521 : Please provide Release Reason in SvnCommit for /branches/RB-1.0.x/soa/Implementation/ABF/NSNE_Chemistry_L2_EBS_ABF. Overridden and Code being Released to FTST ...
31032016T0521 : Please provide Release Reason in SvnCommit for /branches/RB-1.0.x/soa/Implementation/ABF/NSNE_WorkOrder_EBizBatchJobs_ABF. Overridden and Code being Released to FTST ...
31032016T0522 : Please provide Release Reason in SvnCommit for /branches/RB-1.0.x/soa/Implementation/ABF/NSNE_HeatBatch_L2_EBS_ABF. Overridden and Code being Released to FTST ...
31032016T0523 : Please provide Release Reason in SvnCommit for /branches/RB-1.0.x/soa/Implementation/ABF/NSNE_SubscribeItemAttribute_EBiz_QMOS_ABF. Overridden and Code being Released to FTST ...
31032016T0523 : Please provide Release Reason in SvnCommit for /branches/RB-1.0.x/soa/Implementation/ABF/NUC_PublishEBSInventory_ABF. Overridden and Code being Released to FTST ...
31032016T0524 : Please provide Release Reason in SvnCommit for /branches/RB-1.0.x/soa/Implementation/ABF/NSNE_SubscribeInventory_EBiz_QMOS_ABF. Overridden and Code being Released to FTST ...
31032016T0525 : Please provide Release Reason in SvnCommit for /branches/RB-1.0.x/soa/Implementation/Infrastructure/EmailNotification. Overridden and Code being Released to FTST ...
31032016T0526 : Report generated @ SvnReport.xls
31032016T0526 : ================End of Run=======================

31032016T6440 : ================Start=======================
31032016T6440 : Environment: FTST	Release Number: 1.0
31032016T6445 : Fetching Directory List from the Server..... This may take around a minute
31032016T6445 : Fetched Directory List from the Server
31032016T6445 : Please provide Release Reason in SvnCommit for /branches/RB-1.0.x/soa/Implementation/OTM/SendLocRefDataToOtm. Overridden and Code being Released to FTST ...
31032016T6447 : Report generated @ SvnReport.xls
31032016T6447 : ================End of Run=======================

31032016T6456 : ================Start=======================
31032016T6456 : Environment: SIT	Release Number: 1.0
31032016T651 : Fetching Directory List from the Server..... This may take around a minute
31032016T651 : Fetched Directory List from the Server
31032016T651 : Please provide Release Reason in SvnCommit for /branches/RB-1.0.x/soa/Implementation/OTM/SendLocRefDataToOtm. Overridden and Code being Released to SIT ...
31032016T653 : Report generated @ SvnReport.xls
31032016T653 : ================End of Run=======================

31032016T6517 : ================Start=======================
31032016T6517 : Environment: DEV	Release Number: 1.0
31032016T6521 : Fetching Directory List from the Server..... This may take around a minute
31032016T6522 : Fetched Directory List from the Server
31032016T6542 : Report generated @ SvnReport.xls
31032016T6542 : ================End of Run=======================

