22032016T33124 : ================Start=======================
22032016T33124 : Environment: FTST	Release Number: 1.0
22032016T33132 : Fetching Directory List from the Server..... This may take around a minute
22032016T33132 : Fetched Directory List from the Server
22032016T33132 : Please provide Release Reason in SvnCommit for /branches/RB-1.0.x/soa/Implementation/OTM/NUC_ReadBOLAck_Transentric_OTM_ABF. Overridden and Code being Released to FTST ...
22032016T33134 : Please provide Release Reason in SvnCommit for /branches/RB-1.0.x/soa/Implementation/OTM/NUC_ReadShippingExcep_RailInc_OTM_ABF. Overridden and Code being Released to FTST ...
22032016T33134 : Report generated @ SvnReport.xls
22032016T33134 : ================End of Run=======================

22032016T33151 : ================Start=======================
22032016T33151 : Environment: DEV	Release Number: 1.0
22032016T33156 : Fetching Directory List from the Server..... This may take around a minute
22032016T33157 : Fetched Directory List from the Server
22032016T33221 : Report generated @ SvnReport.xls
22032016T33221 : ================End of Run=======================

22032016T45314 : ================Start=======================
22032016T45314 : Environment: SIT	Release Number: 1.0
22032016T45314 : java.io.FileNotFoundException: SvnReport.xls (The process cannot access the file because it is being used by another process)
22032016T45320 : ================Start=======================
22032016T45320 : Environment: SIT	Release Number: 1.0
22032016T45320 : java.io.FileNotFoundException: SvnReport.xls (The process cannot access the file because it is being used by another process)
22032016T45352 : Fetching Directory List from the Server..... This may take around a minute
22032016T45352 : Fetched Directory List from the Server
22032016T45352 : Please provide Release Reason in SvnCommit for /branches/RB-1.0.x/soa/Implementation/OTM/NUC_ReadBOLAck_Transentric_OTM_ABF. Overridden and Code being Released to SIT ...
22032016T45354 : Please provide Release Reason in SvnCommit for /branches/RB-1.0.x/soa/Implementation/OTM/NUC_ReadShippingExcep_RailInc_OTM_ABF. Overridden and Code being Released to SIT ...
22032016T45355 : Please provide Release Reason in SvnCommit for /branches/RB-1.0.x/soa/Implementation/Infrastructure/CommonLogging. Overridden and Code being Released to SIT ...
22032016T45355 : Please provide Release Reason in SvnCommit for /branches/RB-1.0.x/soa/Implementation/ABF/NUC_EBizEntityResponse_ABF. Overridden and Code being Released to SIT ...
22032016T45356 : Please provide Release Reason in SvnCommit for /branches/RB-1.0.x/soa/Implementation/ABF/NUC_PurchaseOrder_DJJ_EBiz_ABF. Overridden and Code being Released to SIT ...
22032016T45357 : Report generated @ SvnReport.xls
22032016T45357 : ================End of Run=======================

22032016T4553 : ================Start=======================
22032016T4553 : Environment: DEV	Release Number: 1.0
22032016T4557 : Fetching Directory List from the Server..... This may take around a minute
22032016T4558 : Fetched Directory List from the Server
22032016T45532 : Report generated @ SvnReport.xls
22032016T45532 : ================End of Run=======================

22032016T71048 : ================Start=======================
22032016T71048 : Environment: DEV	Release Number: 1.0
22032016T7116 : Authentication failed : org.tmatesoft.svn.core.SVNAuthenticationException: svn: E170001: Authentication required for '<https://brmkea940.bar.nucorsteel.local:18080> CollabNet Subversion Repository'
22032016T7116 : Fatal Error: org.tmatesoft.svn.core.SVNAuthenticationException: svn: E170001: Authentication required for '<https://brmkea940.bar.nucorsteel.local:18080> CollabNet Subversion Repository'
22032016T71117 : ================Start=======================
22032016T71117 : Environment: FTST	Release Number: 1.0
22032016T71123 : Fetching Directory List from the Server..... This may take around a minute
22032016T71123 : Fetched Directory List from the Server
22032016T71123 : Please provide Release Reason in SvnCommit for /branches/RB-1.0.x/soa/Implementation/ABF/NUC_APInvoice_DJJ_EBiz_ABF. Overridden and Code being Released to FTST ...
22032016T71124 : Please provide Release Reason in SvnCommit for /branches/RB-1.0.x/soa/Implementation/ABF/NUC_PurchaseOrder_DJJ_EBiz_ABF. Overridden and Code being Released to FTST ...
22032016T71125 : Report generated @ SvnReport.xls
22032016T71125 : ================End of Run=======================

22032016T71228 : ================Start=======================
22032016T71228 : Environment: DEV	Release Number: 1.0
22032016T71233 : Fetching Directory List from the Server..... This may take around a minute
22032016T71234 : Fetched Directory List from the Server
22032016T7132 : Report generated @ SvnReport.xls
22032016T7132 : ================End of Run=======================

22032016T74143 : ================Start=======================
22032016T74143 : Environment: FTST	Release Number: 1.0
22032016T74149 : Fetching Directory List from the Server..... This may take around a minute
22032016T74150 : Fetched Directory List from the Server
22032016T74150 : Please provide Release Reason in SvnCommit for /branches/RB-1.0.x/soa/Implementation/ABS/Ebiz/NUC_PublishEBSItemAttribute_ABS. Overridden and Code being Released to FTST ...
22032016T74151 : Please provide Release Reason in SvnCommit for /branches/RB-1.0.x/soa/Implementation/ABF/NSNE_SubscribeItemAttribute_EBiz_QMOS_ABF. Overridden and Code being Released to FTST ...
22032016T74151 : Report generated @ SvnReport.xls
22032016T74151 : ================End of Run=======================

22032016T10838 : ================Start=======================
22032016T10838 : Environment: FTST	Release Number: 1.0
22032016T10845 : Fetching Directory List from the Server..... This may take around a minute
22032016T10846 : Fetched Directory List from the Server
22032016T10846 : Please provide Release Reason in SvnCommit for /branches/RB-1.0.x/soa/Implementation/ABS/Ebiz/NUC_PublishEBSItemAttribute_ABS. Overridden and Code being Released to FTST ...
22032016T10848 : Please provide Release Reason in SvnCommit for /branches/RB-1.0.x/soa/Implementation/ABF/NSNE_SubscribeItemAttribute_EBiz_QMOS_ABF. Overridden and Code being Released to FTST ...
22032016T10849 : Report generated @ SvnReport.xls
22032016T10849 : ================End of Run=======================

22032016T10940 : ================Start=======================
22032016T10940 : Environment: FTST	Release Number: 1.0
22032016T10946 : Fetching Directory List from the Server..... This may take around a minute
22032016T10947 : Fetched Directory List from the Server
22032016T10947 : Please provide Release Reason in SvnCommit for /branches/RB-1.0.x/soa/Implementation/ABS/Ebiz/NUC_EBizQualityResults_ABS. Overridden and Code being Released to FTST ...
22032016T10948 : Please provide Release Reason in SvnCommit for /branches/RB-1.0.x/soa/Implementation/ABF/NSNE_Chemistry_L2_EBS_ABF. Overridden and Code being Released to FTST ...
22032016T10949 : Please provide Release Reason in SvnCommit for /branches/RB-1.0.x/soa/Implementation/ABF/NSNE_WorkOrder_EBizBatchJobs_ABF. Overridden and Code being Released to FTST ...
22032016T10950 : Please provide Release Reason in SvnCommit for /branches/RB-1.0.x/soa/Implementation/ABF/NSNE_HeatBatch_L2_EBS_ABF. Overridden and Code being Released to FTST ...
22032016T10950 : Please provide Release Reason in SvnCommit for /branches/RB-1.0.x/soa/Implementation/ABF/NSNE_CastBatch_L2_EBS_ABF. Overridden and Code being Released to FTST ...
22032016T10951 : Report generated @ SvnReport.xls
22032016T10951 : ================End of Run=======================

22032016T10106 : ================Start=======================
22032016T10106 : Environment: DEV	Release Number: 1.0
22032016T101011 : Fetching Directory List from the Server..... This may take around a minute
22032016T101011 : Fetched Directory List from the Server
22032016T101045 : Report generated @ SvnReport.xls
22032016T101045 : ================End of Run=======================

