26022016T4734 : ================Start=======================
26022016T4734 : Environment: DEV	Release Number: 1.0
26022016T4740 : Fetching Directory List from the Server..... This may take around a minute
26022016T4740 : Fetched Directory List from the Server
26022016T480 : Report generated @ SvnReport.xls
26022016T480 : ================End of Run=======================

26022016T4854 : ================Start=======================
26022016T4854 : Environment: FTST	Release Number: 1.0
26022016T4858 : Fetching Directory List from the Server..... This may take around a minute
26022016T4859 : Fetched Directory List from the Server
26022016T4859 : Please provide Release Reason in SvnCommit for /branches/RB-1.0.x/soa/Implementation/ABS/Ebiz/NUC_SubscribeTrips_CP_ABS. Overridden and Code being Released to FTST ...
26022016T490 : Please provide Release Reason in SvnCommit for /branches/RB-1.0.x/soa/Implementation/ABS/Ebiz/NUC_PublisherEBSTrips_ABS. Overridden and Code being Released to FTST ...
26022016T490 : Please provide Release Reason in SvnCommit for /branches/RB-1.0.x/soa/Implementation/ABF/NUC_TripAssignment_CP_EBS_ABF. Overridden and Code being Released to FTST ...
26022016T490 : Report generated @ SvnReport.xls
26022016T490 : ================End of Run=======================

26022016T4101 : ================Start=======================
26022016T4101 : Environment: FTST	Release Number: 1.0
26022016T4106 : Fetching Directory List from the Server..... This may take around a minute
26022016T4106 : Fetched Directory List from the Server
26022016T4106 : Please provide Release Reason in SvnCommit for /branches/RB-1.0.x/soa/Implementation/Infrastructure/CommonLogging. Overridden and Code being Released to FTST ...
26022016T4107 : Please provide Release Reason in SvnCommit for /branches/RB-1.0.x/soa/Implementation/Infrastructure/EmailNotification. Overridden and Code being Released to FTST ...
26022016T4108 : Please provide Release Reason in SvnCommit for /branches/RB-1.0.x/soa/Implementation/ABS/Ebiz/NUC_SubscribeTrips_CP_ABS. Overridden and Code being Released to FTST ...
26022016T4108 : Please provide Release Reason in SvnCommit for /branches/RB-1.0.x/soa/Implementation/ABS/Ebiz/NUC_PublisherEBSTrips_ABS. Overridden and Code being Released to FTST ...
26022016T4108 : Please provide Release Reason in SvnCommit for /branches/RB-1.0.x/soa/Implementation/ABF/NUC_TripAssignment_CP_EBS_ABF. Overridden and Code being Released to FTST ...
26022016T4109 : Report generated @ SvnReport.xls
26022016T4109 : ================End of Run=======================

26022016T41038 : ================Start=======================
26022016T41038 : Environment: SIT	Release Number: 1.0
26022016T41043 : Fetching Directory List from the Server..... This may take around a minute
26022016T41043 : Fetched Directory List from the Server
26022016T41043 : Please provide Release Reason in SvnCommit for /branches/RB-1.0.x/soa/Implementation/OTM/SendItemRefDataToOtm. Overridden and Code being Released to SIT ...
26022016T41044 : Please provide Release Reason in SvnCommit for /branches/RB-1.0.x/soa/Implementation/Infrastructure/CommonLogging. Overridden and Code being Released to SIT ...
26022016T41044 : Please provide Release Reason in SvnCommit for /branches/RB-1.0.x/soa/Implementation/Infrastructure/EmailNotification. Overridden and Code being Released to SIT ...
26022016T41045 : Please provide Release Reason in SvnCommit for /branches/RB-1.0.x/soa/Implementation/ABS/Ebiz/NUC_SubscribeTrips_CP_ABS. Overridden and Code being Released to SIT ...
26022016T41045 : Please provide Release Reason in SvnCommit for /branches/RB-1.0.x/soa/Implementation/ABS/Ebiz/NUC_PublisherEBSTrips_ABS. Overridden and Code being Released to SIT ...
26022016T41046 : Please provide Release Reason in SvnCommit for /branches/RB-1.0.x/soa/Implementation/ABF/NUC_TripAssignment_CP_EBS_ABF. Overridden and Code being Released to SIT ...
26022016T41046 : Report generated @ SvnReport.xls
26022016T41046 : ================End of Run=======================

26022016T41140 : ================Start=======================
26022016T41140 : Environment: FTST	Release Number: 1.0
26022016T41149 : Fetching Directory List from the Server..... This may take around a minute
26022016T41150 : Fetched Directory List from the Server
26022016T41150 : Please provide Release Reason in SvnCommit for /branches/RB-1.0.x/soa/Implementation/ABS/Ebiz/NUC_EBizPOReceipt_ABS. Overridden and Code being Released to FTST ...
26022016T41151 : Please provide Release Reason in SvnCommit for /branches/RB-1.0.x/soa/Implementation/ABF/NUC_POReceipt_DJJ_EBiz_ABF. Overridden and Code being Released to FTST ...
26022016T41151 : Please provide Release Reason in SvnCommit for /branches/RB-1.0.x/soa/Implementation/ABF/NUC_EBizEntityResponse_ABF. Overridden and Code being Released to FTST ...
26022016T41151 : Report generated @ SvnReport.xls
26022016T41151 : ================End of Run=======================

26022016T105420 : ================Start=======================
26022016T105420 : Environment: DEV	Release Number: 1.0
26022016T105427 : Fetching Directory List from the Server..... This may take around a minute
26022016T105427 : Fetched Directory List from the Server
26022016T105449 : Report generated @ SvnReport.xls
26022016T105449 : ================End of Run=======================

26022016T10556 : ================Start=======================
26022016T10556 : Environment: FTST	Release Number: 1.0
26022016T105512 : Fetching Directory List from the Server..... This may take around a minute
26022016T105512 : Fetched Directory List from the Server
26022016T105512 : Please provide Release Reason in SvnCommit for /branches/RB-1.0.x/soa/Implementation/ABS/Ebiz/NUC_EBizPayment_ABS. Overridden and Code being Released to FTST ...
26022016T105513 : Please provide Release Reason in SvnCommit for /branches/RB-1.0.x/soa/Implementation/ABS/Ebiz/NUC_EbizPurchaseOrder_ABS. Overridden and Code being Released to FTST ...
26022016T105514 : Please provide Release Reason in SvnCommit for /branches/RB-1.0.x/soa/Implementation/ABF/NUC_PurchaseOrder_DJJ_EBiz_ABF. Overridden and Code being Released to FTST ...
26022016T105514 : Please provide Release Reason in SvnCommit for /branches/RB-1.0.x/soa/Implementation/ABF/NUC_SubscribeEBizPayment_JMS_CP_ABF. Overridden and Code being Released to FTST ...
26022016T105515 : Please provide Release Reason in SvnCommit for /branches/RB-1.0.x/soa/Implementation/ABF/NUC_FreightandInvoice_CP_EBS_ABF. Overridden and Code being Released to FTST ...
26022016T105515 : Please provide Release Reason in SvnCommit for /branches/RB-1.0.x/soa/Implementation/ABF/NUC_PublishPayment_EBiz_ABF. Overridden and Code being Released to FTST ...
26022016T105516 : Please provide Release Reason in SvnCommit for /branches/RB-1.0.x/soa/Implementation/ABF/NUC_UpdateLogEntry_EBS_CP_ABF. Overridden and Code being Released to FTST ...
26022016T105516 : Report generated @ SvnReport.xls
26022016T105516 : ================End of Run=======================

