29032016T32842 : ================Start=======================
29032016T32842 : Environment: FTST	Release Number: 1.0
29032016T32849 : Fetching Directory List from the Server..... This may take around a minute
29032016T32849 : Fetched Directory List from the Server
29032016T32849 : Please provide Release Reason in SvnCommit for /branches/RB-1.0.x/soa/Implementation/ABS/Ebiz/NUC_SubscribeTrips_CP_ABS. Overridden and Code being Released to FTST ...
29032016T32851 : Report generated @ SvnReport.xls
29032016T32851 : ================End of Run=======================

29032016T72422 : ================Start=======================
29032016T72422 : Environment: SIT	Release Number: 1.0
29032016T72427 : Fetching Directory List from the Server..... This may take around a minute
29032016T72427 : Fetched Directory List from the Server
29032016T72428 : Please provide Release Reason in SvnCommit for /branches/RB-1.0.x/soa/Implementation/ABS/Ebiz/NUC_EBizPOReceipt_ABS. Overridden and Code being Released to SIT ...
29032016T72429 : Report generated @ SvnReport.xls
29032016T72429 : ================End of Run=======================

29032016T235222 : ================Start=======================
29032016T235222 : Environment: SIT	Release Number: 1.0
29032016T235229 : Fetching Directory List from the Server..... This may take around a minute
29032016T235230 : Fetched Directory List from the Server
29032016T235230 : Please provide Release Reason in SvnCommit for /branches/RB-1.0.x/soa/Implementation/ABS/Ebiz/NUC_SubscribeTrips_CP_ABS. Overridden and Code being Released to SIT ...
29032016T235231 : Report generated @ SvnReport.xls
29032016T235231 : ================End of Run=======================

