18022016T35121 : ================Start=======================
18022016T35121 : Environment: DEV	Release Number: 1.0
18022016T35132 : Fetching Directory List from the Server..... This may take around a minute
18022016T35132 : Fetched Directory List from the Server
18022016T35152 : Report generated @ SvnReport.xls
18022016T35152 : ================End of Run=======================

18022016T45459 : ================Start=======================
18022016T45459 : Environment: DEV	Release Number: 1.0
18022016T4554 : Fetching Directory List from the Server..... This may take around a minute
18022016T4555 : Fetched Directory List from the Server
18022016T45521 : Report generated @ SvnReport.xls
18022016T45521 : ================End of Run=======================

18022016T45617 : ================Start=======================
18022016T45617 : Environment: FTST	Release Number: 1.0
18022016T45622 : Fetching Directory List from the Server..... This may take around a minute
18022016T45622 : Fetched Directory List from the Server
18022016T45622 : Please provide Release Reason in SvnCommit for /branches/RB-1.0.x/soa/Implementation/ABF/NSNE_SubscribeEBizJobDetails_EBiz_L2_ABF. Overridden and Code being Released to FTST ...
18022016T45623 : Report generated @ SvnReport.xls
18022016T45623 : ================End of Run=======================

18022016T8563 : ================Start=======================
18022016T8563 : Environment: DEV	Release Number: 1.0
18022016T85611 : Fetching Directory List from the Server..... This may take around a minute
18022016T85612 : Fetched Directory List from the Server
18022016T85647 : Report generated @ SvnReport.xls
18022016T85647 : ================End of Run=======================

18022016T903 : ================Start=======================
18022016T903 : Environment: FTST	Release Number: 1.0
18022016T9011 : Fetching Directory List from the Server..... This may take around a minute
18022016T9012 : Fetched Directory List from the Server
18022016T9012 : Please provide Release Reason in SvnCommit for /branches/RB-1.0.x/soa/Implementation/ABS/Ebiz/NUC_EBizPayment_ABS. Overridden and Code being Released to FTST ...
18022016T9016 : Please provide Release Reason in SvnCommit for /branches/RB-1.0.x/soa/Implementation/ABF/NUC_PublishPayment_EBiz_ABF. Overridden and Code being Released to FTST ...
18022016T9017 : Please provide Release Reason in SvnCommit for /branches/RB-1.0.x/soa/Implementation/ABF/NUC_SubscribeEBizPayment_JMS_CP_ABF. Overridden and Code being Released to FTST ...
18022016T9019 : Report generated @ SvnReport.xls
18022016T9019 : ================End of Run=======================

18022016T93717 : ================Start=======================
18022016T93717 : Environment: SIT	Release Number: 1.0
18022016T93725 : Fetching Directory List from the Server..... This may take around a minute
18022016T93725 : Fetched Directory List from the Server
18022016T93725 : Please provide Release Reason in SvnCommit for /branches/RB-1.0.x/soa/Implementation/ABS/Ebiz/NUC_EBizPayment_ABS. Overridden and Code being Released to SIT ...
18022016T93731 : Please provide Release Reason in SvnCommit for /branches/RB-1.0.x/soa/Implementation/ABF/NUC_SubscribeEBizPayment_JMS_CP_ABF. Overridden and Code being Released to SIT ...
18022016T93733 : Please provide Release Reason in SvnCommit for /branches/RB-1.0.x/soa/Implementation/ABF/NUC_PublishPayment_EBiz_ABF. Overridden and Code being Released to SIT ...
18022016T93735 : Report generated @ SvnReport.xls
18022016T93735 : ================End of Run=======================

