26042016T4332 : ================Start=======================
26042016T4332 : Environment: FTST	Release Number: 1.0
26042016T4338 : Fetching Directory List from the Server..... This may take around a minute
26042016T4338 : Fetched Directory List from the Server
26042016T4338 : Please provide Release Reason in SvnCommit for /branches/RB-1.0.x/soa/Implementation/ABS/Ebiz/NUC_PublishEBSJobDetails_ABS. Overridden and Code being Released to FTST ...
26042016T4340 : Please provide Release Reason in SvnCommit for /branches/RB-1.0.x/soa/Implementation/ABF/NSNE_SubscribeEBizJobDetails_EBiz_L2_ABF. Overridden and Code being Released to FTST ...
26042016T4341 : Please provide Release Reason in SvnCommit for /branches/RB-1.0.x/soa/Implementation/ABF/NSNE_SubscribeEBizJobDetails_EBiz_QMOS_ABF. Overridden and Code being Released to FTST ...
26042016T4342 : Report generated @ SvnReport.xls
26042016T4342 : ================End of Run=======================

26042016T4357 : ================Start=======================
26042016T4357 : Environment: DEV	Release Number: 1.0
26042016T443 : Fetching Directory List from the Server..... This may take around a minute
26042016T443 : Fetched Directory List from the Server
26042016T4426 : Fatal Error: java.lang.IllegalStateException: The maximum number of cell styles was exceeded. You can define up to 4000 styles in a .xls workbook
26042016T81217 : ================Start=======================
26042016T81217 : Environment: FTST	Release Number: 1.0
26042016T8133 : Fetching Directory List from the Server..... This may take around a minute
26042016T8134 : Fetched Directory List from the Server
26042016T8135 : Please provide Release Reason in SvnCommit for /branches/RB-1.0.x/soa/Implementation/ABS/Ebiz/NUC_PublishEBSItemAttribute_ABS. Overridden and Code being Released to FTST ...
26042016T81320 : Fatal Error: java.lang.IllegalStateException: The maximum number of cell styles was exceeded. You can define up to 4000 styles in a .xls workbook
