01032016T65521 : ================Start=======================
01032016T65521 : Environment: DEV	Release Number: 1.0
01032016T65527 : Fetching Directory List from the Server..... This may take around a minute
01032016T65527 : Fetched Directory List from the Server
01032016T65547 : Report generated @ SvnReport.xls
01032016T65547 : ================End of Run=======================

01032016T65948 : ================Start=======================
01032016T65948 : Environment: SIT	Release Number: 1.0
01032016T65953 : Fetching Directory List from the Server..... This may take around a minute
01032016T65954 : Fetched Directory List from the Server
01032016T65954 : Please provide Release Reason in SvnCommit for /branches/RB-1.0.x/soa/Implementation/OTM/NUC_ReadBOLAck_Transentric_OTM_ABF. Overridden and Code being Released to SIT ...
01032016T65955 : Please provide Release Reason in SvnCommit for /branches/RB-1.0.x/soa/Implementation/OTM/NUC_ReadShippingExcep_RailInc_OTM_ABF. Overridden and Code being Released to SIT ...
01032016T65955 : Please provide Release Reason in SvnCommit for /branches/RB-1.0.x/soa/Implementation/OTM/NUC_ReceiveAPInvoice_OTM_EBiz_ABF. Overridden and Code being Released to SIT ...
01032016T65955 : Please provide Release Reason in SvnCommit for /branches/RB-1.0.x/soa/Implementation/OTM/SendRefDataStlToOtm. Overridden and Code being Released to SIT ...
01032016T65956 : Please provide Release Reason in SvnCommit for /branches/RB-1.0.x/soa/Implementation/OTM/NUC_WriteBOLShipment_OTM_Transentric_ABF. Overridden and Code being Released to SIT ...
01032016T65956 : Please provide Release Reason in SvnCommit for /branches/RB-1.0.x/soa/Implementation/Infrastructure/CommonLogging. Overridden and Code being Released to SIT ...
01032016T65957 : Please provide Release Reason in SvnCommit for /branches/RB-1.0.x/soa/Implementation/Infrastructure/EmailNotification. Overridden and Code being Released to SIT ...
01032016T65957 : Please provide Release Reason in SvnCommit for /branches/RB-1.0.x/soa/Implementation/ABS/Ebiz/NUC_EbizPurchaseOrder_ABS. Overridden and Code being Released to SIT ...
01032016T65958 : Please provide Release Reason in SvnCommit for /branches/RB-1.0.x/soa/Implementation/ABS/Ebiz/NUC_SubscribeTrips_CP_ABS. Overridden and Code being Released to SIT ...
01032016T65958 : Please provide Release Reason in SvnCommit for /branches/RB-1.0.x/soa/Implementation/ABS/Ebiz/NUC_EBizPayment_ABS. Overridden and Code being Released to SIT ...
01032016T65959 : Please provide Release Reason in SvnCommit for /branches/RB-1.0.x/soa/Implementation/ABS/Ebiz/NUC_EBizGLJE_ABS. Overridden and Code being Released to SIT ...
01032016T65959 : Please provide Release Reason in SvnCommit for /branches/RB-1.0.x/soa/Implementation/ABS/Ebiz/NUC_EbizCreateSalesOrder_ABS. Overridden and Code being Released to SIT ...
01032016T700 : Please provide Release Reason in SvnCommit for /branches/RB-1.0.x/soa/Implementation/ABS/Ebiz/NUC_PublisherEBSTrips_ABS. Overridden and Code being Released to SIT ...
01032016T700 : Please provide Release Reason in SvnCommit for /branches/RB-1.0.x/soa/Implementation/ABF/NUC_PurchaseOrder_DJJ_EBiz_ABF. Overridden and Code being Released to SIT ...
01032016T700 : Please provide Release Reason in SvnCommit for /branches/RB-1.0.x/soa/Implementation/ABF/NUC_SalesOrder_Corporate_EBS_ABF. Overridden and Code being Released to SIT ...
01032016T701 : Please provide Release Reason in SvnCommit for /branches/RB-1.0.x/soa/Implementation/ABF/NUC_PublishPayment_EBiz_ABF. Overridden and Code being Released to SIT ...
01032016T701 : Please provide Release Reason in SvnCommit for /branches/RB-1.0.x/soa/Implementation/ABF/NUC_UpdateLogEntry_EBS_CP_ABF. Overridden and Code being Released to SIT ...
01032016T702 : Please provide Release Reason in SvnCommit for /branches/RB-1.0.x/soa/Implementation/ABF/NUC_TransferLabel_NiceLabel_ABF. Overridden and Code being Released to SIT ...
01032016T702 : Please provide Release Reason in SvnCommit for /branches/RB-1.0.x/soa/Implementation/ABF/NUC_TripAssignment_CP_EBS_ABF. Overridden and Code being Released to SIT ...
01032016T703 : Please provide Release Reason in SvnCommit for /branches/RB-1.0.x/soa/Implementation/ABF/NUC_PublishCustomerEBiz_ABF. Overridden and Code being Released to SIT ...
01032016T703 : Please provide Release Reason in SvnCommit for /branches/RB-1.0.x/soa/Implementation/ABF/NUC_FreightandInvoice_CP_EBS_ABF. Overridden and Code being Released to SIT ...
01032016T704 : Please provide Release Reason in SvnCommit for /branches/RB-1.0.x/soa/Implementation/ABF/NUC_SubscribeEBizPayment_JMS_CP_ABF. Overridden and Code being Released to SIT ...
01032016T704 : Please provide Release Reason in SvnCommit for /branches/RB-1.0.x/soa/Implementation/ABF/NUC_EBiz_SAP_GLJE_ABF. Overridden and Code being Released to SIT ...
01032016T704 : Please provide Release Reason in SvnCommit for /branches/RB-1.0.x/soa/Implementation/ABF/NUC_Emp_SAP_EBiz_ABF. Overridden and Code being Released to SIT ...
01032016T705 : Report generated @ SvnReport.xls
01032016T705 : ================End of Run=======================

01032016T84018 : ================Start=======================
01032016T84018 : Environment: SIT	Release Number: 1.0
01032016T84028 : Fetching Directory List from the Server..... This may take around a minute
01032016T84029 : Fetched Directory List from the Server
01032016T84029 : Please provide Release Reason in SvnCommit for /branches/RB-1.0.x/soa/Implementation/OTM/NUC_ReceiveShipStatus_OTM_EBiz_ABF. Overridden and Code being Released to SIT ...
01032016T84033 : Please provide Release Reason in SvnCommit for /branches/RB-1.0.x/soa/Implementation/OTM/NUC_ReceiveARFreight_OTM_EBiz_ABF. Overridden and Code being Released to SIT ...
01032016T84036 : Please provide Release Reason in SvnCommit for /branches/RB-1.0.x/soa/Implementation/OTM/SendTxnToOtmService. Overridden and Code being Released to SIT ...
01032016T84037 : Please provide Release Reason in SvnCommit for /branches/RB-1.0.x/soa/Implementation/OTM/ReceivePShipmentFromOtm. Overridden and Code being Released to SIT ...
01032016T84041 : Report generated @ SvnReport.xls
01032016T84041 : ================End of Run=======================

01032016T84121 : ================Start=======================
01032016T84121 : Environment: FTST	Release Number: 1.0
01032016T84130 : Fetching Directory List from the Server..... This may take around a minute
01032016T84130 : Fetched Directory List from the Server
01032016T84130 : Please provide Release Reason in SvnCommit for /branches/RB-1.0.x/soa/Implementation/ABF/NUC_POReceipt_DJJ_EBiz_ABF. Overridden and Code being Released to FTST ...
01032016T84133 : Please provide Release Reason in SvnCommit for /branches/RB-1.0.x/soa/Implementation/ABF/NUC_EBizEntityResponse_ABF. Overridden and Code being Released to FTST ...
01032016T84135 : Report generated @ SvnReport.xls
01032016T84135 : ================End of Run=======================

01032016T84150 : ================Start=======================
01032016T84150 : Environment: DEV	Release Number: 1.0
01032016T84156 : Fetching Directory List from the Server..... This may take around a minute
01032016T84157 : Fetched Directory List from the Server
01032016T84310 : Report generated @ SvnReport.xls
01032016T84310 : ================End of Run=======================

