25042016T91156 : ================Start=======================
25042016T91156 : Environment: FTST	Release Number: 1.0
25042016T91212 : Fetching Directory List from the Server..... This may take around a minute
25042016T91212 : Fetched Directory List from the Server
25042016T91212 : Please provide Release Reason in SvnCommit for /branches/RB-1.0.x/soa/Implementation/ABS/Ebiz/NUC_EBizInventory_ABS. Overridden and Code being Released to FTST ...
25042016T91216 : Please provide Release Reason in SvnCommit for /branches/RB-1.0.x/soa/Implementation/ABF/NSNE_SubscribeInventory_EBiz_QMOS_ABF. Overridden and Code being Released to FTST ...
25042016T91218 : Please provide Release Reason in SvnCommit for /branches/RB-1.0.x/soa/Implementation/ABF/NUC_APInvoice_DJJ_EBiz_ABF. Overridden and Code being Released to FTST ...
25042016T91220 : Please provide Release Reason in SvnCommit for /branches/RB-1.0.x/soa/Implementation/ABF/NUC_PublishEBSInventory_ABF. Overridden and Code being Released to FTST ...
25042016T91222 : Report generated @ SvnReport.xls
25042016T91222 : ================End of Run=======================

25042016T91245 : ================Start=======================
25042016T91246 : Environment: DEV	Release Number: 1.0
25042016T91423 : Fetching Directory List from the Server..... This may take around a minute
25042016T91423 : Fetched Directory List from the Server
25042016T91610 : Report generated @ SvnReport.xls
25042016T91610 : ================End of Run=======================

25042016T101718 : ================Start=======================
25042016T101718 : Environment: DEV	Release Number: 1.0
25042016T101726 : Fetching Directory List from the Server..... This may take around a minute
25042016T101727 : Fetched Directory List from the Server
25042016T101741 : Report generated @ SvnReport.xls
25042016T101741 : ================End of Run=======================

