19022016T44744 : ================Start=======================
19022016T44744 : Environment: DEV	Release Number: 1.0
19022016T44751 : Fetching Directory List from the Server..... This may take around a minute
19022016T44751 : Fetched Directory List from the Server
19022016T4486 : Report generated @ SvnReport.xls
19022016T4486 : ================End of Run=======================

19022016T44833 : ================Start=======================
19022016T44833 : Environment: FTST	Release Number: 1.0
19022016T44837 : Fetching Directory List from the Server..... This may take around a minute
19022016T44838 : Fetched Directory List from the Server
19022016T44838 : Please provide Release Reason in SvnCommit for /branches/RB-1.0.x/soa/Implementation/ABF/NSNE_SubscribeEBizJobDetails_EBiz_L2_ABF. Overridden and Code being Released to FTST ...
19022016T44839 : Report generated @ SvnReport.xls
19022016T44839 : ================End of Run=======================

19022016T8347 : ================Start=======================
19022016T8347 : Environment: FTST	Release Number: 1.0
19022016T83413 : Fetching Directory List from the Server..... This may take around a minute
19022016T83414 : Fetched Directory List from the Server
19022016T83414 : Please provide Release Reason in SvnCommit for /branches/RB-1.0.x/soa/Implementation/ABF/NSNE_SubscribeEBizJobDetails_EBiz_L2_ABF. Overridden and Code being Released to FTST ...
19022016T83416 : Report generated @ SvnReport.xls
19022016T83416 : ================End of Run=======================

19022016T83442 : ================Start=======================
19022016T83442 : Environment: FTST	Release Number: 1.0
19022016T83448 : Fetching Directory List from the Server..... This may take around a minute
19022016T83448 : Fetched Directory List from the Server
19022016T83448 : Please provide Release Reason in SvnCommit for /branches/RB-1.0.x/soa/Implementation/ABS/Ebiz/NUC_EBizLPN_ABS. Overridden and Code being Released to FTST ...
19022016T83450 : Please provide Release Reason in SvnCommit for /branches/RB-1.0.x/soa/Implementation/ABS/Ebiz/NUC_EBizLot_ABS. Overridden and Code being Released to FTST ...
19022016T83451 : Please provide Release Reason in SvnCommit for /branches/RB-1.0.x/soa/Implementation/ABS/Ebiz/NUC_EBizQualityResults_ABS. Overridden and Code being Released to FTST ...
19022016T83451 : Please provide Release Reason in SvnCommit for /branches/RB-1.0.x/soa/Implementation/ABF/NUC_EBizEntityResponse_ABF. Overridden and Code being Released to FTST ...
19022016T83451 : Please provide Release Reason in SvnCommit for /branches/RB-1.0.x/soa/Implementation/ABF/NSNE_ASNQualityResults_Suppliers_EBS_ABF. Overridden and Code being Released to FTST ...
19022016T83452 : Report generated @ SvnReport.xls
19022016T83452 : ================End of Run=======================

19022016T83515 : ================Start=======================
19022016T83515 : Environment: DEV	Release Number: 1.0
19022016T83521 : Fetching Directory List from the Server..... This may take around a minute
19022016T83522 : Fetched Directory List from the Server
19022016T83545 : Report generated @ SvnReport.xls
19022016T83545 : ================End of Run=======================

19022016T83825 : ================Start=======================
19022016T83825 : Environment: SIT	Release Number: 1.0
19022016T83831 : Authentication failed : org.tmatesoft.svn.core.SVNAuthenticationException: svn: E170001: Authentication required for '<https://brmkea940.bar.nucorsteel.local:18080> CollabNet Subversion Repository'
19022016T83831 : Fatal Error: org.tmatesoft.svn.core.SVNAuthenticationException: svn: E170001: Authentication required for '<https://brmkea940.bar.nucorsteel.local:18080> CollabNet Subversion Repository'
19022016T83839 : ================Start=======================
19022016T83839 : Environment: SIT	Release Number: 1.0
19022016T83844 : Fetching Directory List from the Server..... This may take around a minute
19022016T83845 : Fetched Directory List from the Server
19022016T83845 : Please provide Release Reason in SvnCommit for /branches/RB-1.0.x/soa/Implementation/OTM/NUC_ReadShippingExcep_RailInc_OTM_ABF. Overridden and Code being Released to SIT ...
19022016T83847 : Report generated @ SvnReport.xls
19022016T83848 : ================End of Run=======================

