01042016T53830 : ================Start=======================
01042016T53830 : Environment: FTST	Release Number: 1.0
01042016T53849 : Fetching Directory List from the Server..... This may take around a minute
01042016T53850 : Fetched Directory List from the Server
01042016T53850 : Please provide Release Reason in SvnCommit for /branches/RB-1.0.x/soa/Implementation/ABS/Ebiz/NUC_SubscribeTrips_CP_ABS. Overridden and Code being Released to FTST ...
01042016T53851 : Report generated @ SvnReport.xls
01042016T53851 : ================End of Run=======================

01042016T53958 : ================Start=======================
01042016T53958 : Environment: DEV	Release Number: 1.0
01042016T5403 : Fetching Directory List from the Server..... This may take around a minute
01042016T5403 : Fetched Directory List from the Server
01042016T54024 : Report generated @ SvnReport.xls
01042016T54024 : ================End of Run=======================

01042016T9540 : ================Start=======================
01042016T9540 : Environment: FTST	Release Number: 1.0
01042016T9547 : Fetching Directory List from the Server..... This may take around a minute
01042016T9548 : Fetched Directory List from the Server
01042016T9548 : Please provide Release Reason in SvnCommit for /branches/RB-1.0.x/soa/Implementation/ABS/Ebiz/NUC_EBizInventory_ABS. Overridden and Code being Released to FTST ...
01042016T95412 : Please provide Release Reason in SvnCommit for /branches/RB-1.0.x/soa/Implementation/ABF/NSNE_Chemistry_L2_EBS_ABF. Overridden and Code being Released to FTST ...
01042016T95413 : Please provide Release Reason in SvnCommit for /branches/RB-1.0.x/soa/Implementation/ABF/NSNE_HeatBatch_L2_EBS_ABF. Overridden and Code being Released to FTST ...
01042016T95414 : Please provide Release Reason in SvnCommit for /branches/RB-1.0.x/soa/Implementation/ABF/NUC_PublishEBSInventory_ABF. Overridden and Code being Released to FTST ...
01042016T95415 : Please provide Release Reason in SvnCommit for /branches/RB-1.0.x/soa/Implementation/ABF/NSNE_CastBatch_L2_EBS_ABF. Overridden and Code being Released to FTST ...
01042016T95416 : Report generated @ SvnReport.xls
01042016T95416 : ================End of Run=======================

01042016T95431 : ================Start=======================
01042016T95431 : Environment: DEV	Release Number: 1.0
01042016T95440 : Fetching Directory List from the Server..... This may take around a minute
01042016T95441 : Fetched Directory List from the Server
01042016T95618 : Report generated @ SvnReport.xls
01042016T95618 : ================End of Run=======================

