16032016T42315 : ================Start=======================
16032016T42315 : Environment: FTST	Release Number: 1.0
16032016T42325 : Fetching Directory List from the Server..... This may take around a minute
16032016T42325 : Fetched Directory List from the Server
16032016T42325 : Please provide Release Reason in SvnCommit for /branches/RB-1.0.x/soa/Implementation/OTM/NUC_ReadBOLAck_Transentric_OTM_ABF. Overridden and Code being Released to FTST ...
16032016T42326 : Please provide Release Reason in SvnCommit for /branches/RB-1.0.x/soa/Implementation/OTM/NUC_ReadShippingExcep_RailInc_OTM_ABF. Overridden and Code being Released to FTST ...
16032016T42327 : Please provide Release Reason in SvnCommit for /branches/RB-1.0.x/soa/Implementation/OTM/NUC_ReceiveShipStatus_OTM_EBiz_ABF. Overridden and Code being Released to FTST ...
16032016T42328 : Please provide Release Reason in SvnCommit for /branches/RB-1.0.x/soa/Implementation/OTM/SendLocRefDataToOtm. Overridden and Code being Released to FTST ...
16032016T42329 : Please provide Release Reason in SvnCommit for /branches/RB-1.0.x/soa/Implementation/OTM/SendItemRefDataToOtm. Overridden and Code being Released to FTST ...
16032016T42329 : Please provide Release Reason in SvnCommit for /branches/RB-1.0.x/soa/Implementation/OTM/NUC_ReceiveARFreight_OTM_EBiz_ABF. Overridden and Code being Released to FTST ...
16032016T42330 : Please provide Release Reason in SvnCommit for /branches/RB-1.0.x/soa/Implementation/OTM/NUC_ReceiveAPInvoice_OTM_EBiz_ABF. Overridden and Code being Released to FTST ...
16032016T42331 : Please provide Release Reason in SvnCommit for /branches/RB-1.0.x/soa/Implementation/OTM/SendRefDataStlToOtm. Overridden and Code being Released to FTST ...
16032016T42331 : Please provide Release Reason in SvnCommit for /branches/RB-1.0.x/soa/Implementation/OTM/NUC_WriteBOLShipment_OTM_Transentric_ABF. Overridden and Code being Released to FTST ...
16032016T42332 : Please provide Release Reason in SvnCommit for /branches/RB-1.0.x/soa/Implementation/OTM/SendTxnToOtmService. Overridden and Code being Released to FTST ...
16032016T42332 : Please provide Release Reason in SvnCommit for /branches/RB-1.0.x/soa/Implementation/OTM/SendOtmDocument4. Overridden and Code being Released to FTST ...
16032016T42333 : Please provide Release Reason in SvnCommit for /branches/RB-1.0.x/soa/Implementation/OTM/SendTripToOtmService. Overridden and Code being Released to FTST ...
16032016T42334 : Please provide Release Reason in SvnCommit for /branches/RB-1.0.x/soa/Implementation/OTM/ReceivePShipmentFromOtm. Overridden and Code being Released to FTST ...
16032016T42334 : Please provide Release Reason in SvnCommit for /branches/RB-1.0.x/soa/Implementation/OTM/WshSendDlvyToOtmService. Overridden and Code being Released to FTST ...
16032016T42335 : Please provide Release Reason in SvnCommit for /branches/RB-1.0.x/soa/Implementation/Infrastructure/CommonLogging. Overridden and Code being Released to FTST ...
16032016T42335 : Report generated @ SvnReport.xls
16032016T42335 : ================End of Run=======================

16032016T42359 : ================Start=======================
16032016T42359 : Environment: DEV	Release Number: 1.0
16032016T4244 : Fetching Directory List from the Server..... This may take around a minute
16032016T4245 : Fetched Directory List from the Server
16032016T42429 : Report generated @ SvnReport.xls
16032016T42429 : ================End of Run=======================

16032016T84634 : ================Start=======================
16032016T84634 : Environment: FTST	Release Number: 1.0
16032016T84643 : Fetching Directory List from the Server..... This may take around a minute
16032016T84644 : Fetched Directory List from the Server
16032016T84644 : Please provide Release Reason in SvnCommit for /branches/RB-1.0.x/soa/Implementation/ABS/Ebiz/NUC_PublishEBSJobDetails_ABS. Overridden and Code being Released to FTST ...
16032016T84656 : Please provide Release Reason in SvnCommit for /branches/RB-1.0.x/soa/Implementation/ABS/Ebiz/NUC_PublishEBSItemAttribute_ABS. Overridden and Code being Released to FTST ...
16032016T8471 : Please provide Release Reason in SvnCommit for /branches/RB-1.0.x/soa/Implementation/ABS/Ebiz/NUC_EBizInventory_ABS. Overridden and Code being Released to FTST ...
16032016T8474 : Please provide Release Reason in SvnCommit for /branches/RB-1.0.x/soa/Implementation/ABS/Ebiz/NUC_EBizProductStructure_ABS. Overridden and Code being Released to FTST ...
16032016T8477 : Please provide Release Reason in SvnCommit for /branches/RB-1.0.x/soa/Implementation/ABF/NUC_PublishEBSProductStructure_ABF. Overridden and Code being Released to FTST ...
16032016T84710 : Please provide Release Reason in SvnCommit for /branches/RB-1.0.x/soa/Implementation/ABF/NSNE_SubscribeItemAttribute_EBiz_QMOS_ABF. Overridden and Code being Released to FTST ...
16032016T84714 : Please provide Release Reason in SvnCommit for /branches/RB-1.0.x/soa/Implementation/ABF/NUC_PublishEBSInventory_ABF. Overridden and Code being Released to FTST ...
16032016T84717 : Please provide Release Reason in SvnCommit for /branches/RB-1.0.x/soa/Implementation/ABF/NSNE_SubscribeEBizJobDetails_EBiz_L2_ABF. Overridden and Code being Released to FTST ...
16032016T84719 : Please provide Release Reason in SvnCommit for /branches/RB-1.0.x/soa/Implementation/ABF/NSNE_SubscribeEBizJobDetails_EBiz_QMOS_ABF. Overridden and Code being Released to FTST ...
16032016T84721 : Please provide Release Reason in SvnCommit for /branches/RB-1.0.x/soa/Implementation/ABF/NSNE_SubscribeInventory_EBiz_QMOS_ABF. Overridden and Code being Released to FTST ...
16032016T84723 : Please provide Release Reason in SvnCommit for /branches/RB-1.0.x/soa/Implementation/ABF/NSNE_SubscribeProductStructure_EBiz_QMOS_ABF. Overridden and Code being Released to FTST ...
16032016T84724 : Report generated @ SvnReport.xls
16032016T84724 : ================End of Run=======================

16032016T84922 : ================Start=======================
16032016T84922 : Environment: DEV	Release Number: 1.0
16032016T84934 : Fetching Directory List from the Server..... This may take around a minute
16032016T84935 : Fetched Directory List from the Server
16032016T8514 : Report generated @ SvnReport.xls
16032016T8514 : ================End of Run=======================

16032016T91833 : ================Start=======================
16032016T91833 : Environment: FTST	Release Number: 1.0
16032016T91841 : Fetching Directory List from the Server..... This may take around a minute
16032016T91842 : Fetched Directory List from the Server
16032016T91842 : Please provide Release Reason in SvnCommit for /branches/RB-1.0.x/soa/Implementation/ABS/Ebiz/NUC_EBizAPInvoice_ABS. Overridden and Code being Released to FTST ...
16032016T91852 : Report generated @ SvnReport.xls
16032016T91852 : ================End of Run=======================

