05042016T11952 : ================Start=======================
05042016T11952 : Environment: FTST	Release Number: 1.0
05042016T1200 : Fetching Directory List from the Server..... This may take around a minute
05042016T1201 : Fetched Directory List from the Server
05042016T1201 : Please provide Release Reason in SvnCommit for /branches/RB-1.0.x/soa/Implementation/ABF/NUC_POReceipt_DJJ_EBiz_ABF. Overridden and Code being Released to FTST ...
05042016T1203 : Report generated @ SvnReport.xls
05042016T1203 : ================End of Run=======================

05042016T12140 : ================Start=======================
05042016T12140 : Environment: FTST	Release Number: 1.0
05042016T12145 : Fetching Directory List from the Server..... This may take around a minute
05042016T12146 : Fetched Directory List from the Server
05042016T12146 : Please provide Release Reason in SvnCommit for /branches/RB-1.0.x/soa/Implementation/ABS/Ebiz/NUC_EBizInventory_ABS. Overridden and Code being Released to FTST ...
05042016T12147 : Please provide Release Reason in SvnCommit for /branches/RB-1.0.x/soa/Implementation/ABF/NSNE_Chemistry_L2_EBS_ABF. Overridden and Code being Released to FTST ...
05042016T12147 : Please provide Release Reason in SvnCommit for /branches/RB-1.0.x/soa/Implementation/ABF/NSNE_HeatBatch_L2_EBS_ABF. Overridden and Code being Released to FTST ...
05042016T12148 : Please provide Release Reason in SvnCommit for /branches/RB-1.0.x/soa/Implementation/ABF/NUC_PublishEBSInventory_ABF. Overridden and Code being Released to FTST ...
05042016T12149 : Please provide Release Reason in SvnCommit for /branches/RB-1.0.x/soa/Implementation/ABF/NSNE_CastBatch_L2_EBS_ABF. Overridden and Code being Released to FTST ...
05042016T12149 : Report generated @ SvnReport.xls
05042016T12149 : ================End of Run=======================

05042016T1221 : ================Start=======================
05042016T1221 : Environment: DEV	Release Number: 1.0
05042016T1226 : Fetching Directory List from the Server..... This may take around a minute
05042016T1226 : Fetched Directory List from the Server
05042016T12229 : Report generated @ SvnReport.xls
05042016T12229 : ================End of Run=======================

05042016T13958 : ================Start=======================
05042016T13958 : Environment: FTST	Release Number: 1.0
05042016T1404 : Fetching Directory List from the Server..... This may take around a minute
05042016T1405 : Fetched Directory List from the Server
05042016T1405 : Please provide Release Reason in SvnCommit for /branches/RB-1.0.x/soa/Implementation/ABF/NUC_APInvoice_DJJ_EBiz_ABF. Overridden and Code being Released to FTST ...
05042016T1406 : Report generated @ SvnReport.xls
05042016T1406 : ================End of Run=======================

05042016T52331 : ================Start=======================
05042016T52331 : Environment: FTST	Release Number: 1.0
05042016T52336 : Fetching Directory List from the Server..... This may take around a minute
05042016T52337 : Fetched Directory List from the Server
05042016T52337 : Please provide Release Reason in SvnCommit for /branches/RB-1.0.x/soa/Implementation/OTM/SendTripToOtmService. Overridden and Code being Released to FTST ...
05042016T52339 : Please provide Release Reason in SvnCommit for /branches/RB-1.0.x/soa/Implementation/ABF/NUC_POReceipt_DJJ_EBiz_ABF. Overridden and Code being Released to FTST ...
05042016T52340 : Report generated @ SvnReport.xls
05042016T52340 : ================End of Run=======================

05042016T52354 : ================Start=======================
05042016T52354 : Environment: DEV	Release Number: 1.0
05042016T52359 : Fetching Directory List from the Server..... This may take around a minute
05042016T52359 : Fetched Directory List from the Server
05042016T52438 : Fatal Error: java.lang.IllegalStateException: The maximum number of cell styles was exceeded. You can define up to 4000 styles in a .xls workbook
