15042016T11315 : ================Start=======================
15042016T11315 : Environment: FTST	Release Number: 1.0
15042016T11324 : Fetching Directory List from the Server..... This may take around a minute
15042016T11324 : Fetched Directory List from the Server
15042016T11324 : Please provide Release Reason in SvnCommit for /branches/RB-1.0.x/soa/Implementation/OTM/ReceivePShipmentFromOtm. Overridden and Code being Released to FTST ...
15042016T11328 : Please provide Release Reason in SvnCommit for /branches/RB-1.0.x/soa/Implementation/OTM/WshSendDlvyToOtmService. Overridden and Code being Released to FTST ...
15042016T11329 : Please provide Release Reason in SvnCommit for /branches/RB-1.0.x/soa/Implementation/ABS/Ebiz/NUC_SubscribeTrips_CP_ABS. Overridden and Code being Released to FTST ...
15042016T11330 : Report generated @ SvnReport.xls
15042016T11330 : ================End of Run=======================

15042016T11341 : ================Start=======================
15042016T11341 : Environment: FTST	Release Number: 1.0
15042016T11346 : Fetching Directory List from the Server..... This may take around a minute
15042016T11347 : Fetched Directory List from the Server
15042016T11347 : Please provide Release Reason in SvnCommit for /branches/RB-1.0.x/soa/Implementation/OTM/NUC_ReceiveARFreight_OTM_EBiz_ABF. Overridden and Code being Released to FTST ...
15042016T11349 : Report generated @ SvnReport.xls
15042016T11349 : ================End of Run=======================

15042016T1140 : ================Start=======================
15042016T1140 : Environment: DEV	Release Number: 1.0
15042016T1147 : Fetching Directory List from the Server..... This may take around a minute
15042016T1148 : Fetched Directory List from the Server
15042016T11514 : Report generated @ SvnReport.xls
15042016T11514 : ================End of Run=======================

15042016T75625 : ================Start=======================
15042016T75625 : Environment: FTST	Release Number: 1.0
15042016T75630 : Fetching Directory List from the Server..... This may take around a minute
15042016T75631 : Fetched Directory List from the Server
15042016T75631 : Please provide Release Reason in SvnCommit for /branches/RB-1.0.x/soa/Implementation/ABF/NSNE_SubscribeInventory_EBiz_QMOS_ABF. Overridden and Code being Released to FTST ...
15042016T75632 : Report generated @ SvnReport.xls
15042016T75632 : ================End of Run=======================

15042016T75646 : ================Start=======================
15042016T75646 : Environment: DEV	Release Number: 1.0
15042016T75652 : Fetching Directory List from the Server..... This may take around a minute
15042016T75652 : Fetched Directory List from the Server
15042016T75722 : Report generated @ SvnReport.xls
15042016T75722 : ================End of Run=======================

