May 29, 2014 1:31:32 PM oracle.mds
WARNING: The default CharSet MacRoman is not a unicode character set. File names with non-ASCII characters may not operate as expected. Check locale settings.
May 29, 2014 1:31:33 PM oracle.security.jps.util.JpsUtil disableAudit
INFO: JpsUtil: isAuditDisabled set to true
May 29, 2014 1:31:33 PM oracle.security.jps.util.JpsUtil disableAudit
INFO: JpsUtil: isAuditDisabled set to false
May 29, 2014 1:31:34 PM oracle.mds
NOTIFICATION: PManager instance is created without multitenancy support as JVM flag "oracle.multitenant.enabled" is not set to enable multitenancy support.
May 29, 2014 1:31:35 PM oracle.security.jps.internal.config.xml.XmlConfigurationFactory initDefaultConfiguration
SEVERE: java.io.FileNotFoundException: ./config/jps-config.xml (No such file or directory)
May 29, 2014 1:31:35 PM oracle.mds
NOTIFICATION: Auditing is disabled for component MDS.
May 29, 2014 1:31:36 PM oracle.adf.share.ADFContext getCurrent
WARNING: Automatically initializing a DefaultContext for getCurrent.
Caller should ensure that a DefaultContext is proper for this use.
Memory leaks and/or unexpected behaviour may occur if the automatic initialization is performed improperly.
This message may be avoided by performing initADFContext before using getCurrent().
For more information please enable logging for oracle.adf.share.ADFContext at FINEST level.
May 29, 2014 1:31:36 PM oracle.mds
NOTIFICATION: PManager instance is created without multitenancy support as JVM flag "oracle.multitenant.enabled" is not set to enable multitenancy support.
May 29, 2014 1:31:37 PM oracle.security.jps.internal.config.xml.XmlConfigurationFactory initDefaultConfiguration
SEVERE: java.io.FileNotFoundException: ./config/jps-config.xml (No such file or directory)
May 29, 2014 1:31:37 PM oracle.mds
NOTIFICATION: Auditing is disabled for component MDS.
May 29, 2014 1:31:37 PM oracle.security.jps.internal.config.xml.XmlConfigurationFactory initDefaultConfiguration
SEVERE: java.io.FileNotFoundException: ./config/jps-config.xml (No such file or directory)
May 29, 2014 1:31:37 PM oracle.mds
NOTIFICATION: Auditing is disabled for component ADF-MDS.
May 29, 2014 1:31:37 PM oracle.fabric.common.wsdl.SchemaManager isIncrementalBuildSupported
INFO: XMLSchema incremental build enabled.
May 29, 2014 1:31:37 PM oracle.integration.platform.blocks.FabricConfigManager <clinit>
WARNING: JRF is unable to determine the current application server platform.
May 29, 2014 1:31:37 PM oracle.integration.platform.blocks.WLSPlatformConfigurationProvider <clinit>
WARNING: JRF is unable to determine the current application server platform.
