2016-07-05 06:04:32.905/2.188 Oracle Coherence 12.1.3.0.0 <Info> (thread=main, member=n/a): Loaded operational configuration from "jar:file:/C:/oracle/soa12c/coherence/lib/coherence.jar!/tangosol-coherence.xml"
2016-07-05 06:04:32.980/2.263 Oracle Coherence 12.1.3.0.0 <Info> (thread=main, member=n/a): Loaded operational overrides from "jar:file:/C:/oracle/soa12c/coherence/lib/coherence.jar!/tangosol-coherence-override-dev.xml"
2016-07-05 06:04:32.981/2.264 Oracle Coherence 12.1.3.0.0 <D5> (thread=main, member=n/a): Optional configuration override "/tangosol-coherence-override.xml" is not specified
2016-07-05 06:04:32.984/2.267 Oracle Coherence 12.1.3.0.0 <D5> (thread=main, member=n/a): Optional configuration override "cache-factory-config.xml" is not specified
2016-07-05 06:04:32.986/2.269 Oracle Coherence 12.1.3.0.0 <D5> (thread=main, member=n/a): Optional configuration override "cache-factory-builder-config.xml" is not specified
2016-07-05 06:04:32.987/2.270 Oracle Coherence 12.1.3.0.0 <D5> (thread=main, member=n/a): Optional configuration override "/custom-mbeans.xml" is not specified

Oracle Coherence Version 12.1.3.0.0 Build 52031
 Grid Edition: Development mode
Copyright (c) 2000, 2014, Oracle and/or its affiliates. All rights reserved.

2016-07-05 06:04:33.094/2.377 Oracle Coherence GE 12.1.3.0.0 <Info> (thread=main, member=n/a): Created cache factory com.tangosol.net.DefaultConfigurableCacheFactory
Jul 05, 2016 6:04:33 AM oracle.adf.share.ADFContext getCurrent
WARNING: Automatically initializing a DefaultContext for getCurrent.
Caller should ensure that a DefaultContext is proper for this use.
Memory leaks and/or unexpected behaviour may occur if the automatic initialization is performed improperly.
This message may be avoided by performing initADFContext before using getCurrent().
For more information please enable logging for oracle.adf.share.ADFContext at FINEST level.
Jul 05, 2016 6:04:33 AM oracle.adf.share.config.ADFConfigFactory findOrCreateADFConfig
INFO: Resource META-INF/adf-config.xml not found on the classpath.
Jul 05, 2016 6:04:33 AM oracle.adf.share.config.ADFConfigFactory findOrCreateADFConfig
INFO: A default implementation of ADFConfig is being created for application. This can lead to unexpected results in some cases. Please add a basic META-INF/adf-config.xml to your classpath to avoid functional errors.
2016-07-05 06:04:34.121/3.404 Oracle Coherence GE 12.1.3.0.0 <Info> (thread=main, member=n/a): Created cache factory com.tangosol.net.DefaultConfigurableCacheFactory
Jul 05, 2016 6:04:34 AM oracle.fabric.common.wsdl.SchemaManager isIncrementalBuildSupported
INFO: XMLSchema incremental build enabled.
Jul 05, 2016 6:04:35 AM oracle.integration.platform.blocks.PlatformConfigurationProvider getPlatformConfigurationProvider
WARNING: JRF is unable to determine the current application server platform.
