Nov 05, 2014 8:54:26 PM oracle.security.jps.util.JpsUtil disableAudit
INFO: JpsUtil: isAuditDisabled set to true
Nov 05, 2014 8:54:26 PM oracle.security.jps.util.JpsUtil disableAudit
INFO: JpsUtil: isAuditDisabled set to false
Nov 05, 2014 8:54:28 PM oracle.mds
NOTIFICATION: PManager instance is created without multitenancy support as JVM flag "oracle.multitenant.enabled" is not set to enable multitenancy support.
Nov 05, 2014 8:54:28 PM oracle.security.jps.internal.config.xml.XmlConfigurationFactory initDefaultConfiguration
SEVERE: java.io.FileNotFoundException: ./config/jps-config.xml (No such file or directory)
Nov 05, 2014 8:54:28 PM oracle.mds
NOTIFICATION: Auditing is disabled for component MDS.
Nov 05, 2014 8:54:30 PM oracle.adf.share.ADFContext getCurrent
WARNING: Automatically initializing a DefaultContext for getCurrent.
Caller should ensure that a DefaultContext is proper for this use.
Memory leaks and/or unexpected behaviour may occur if the automatic initialization is performed improperly.
This message may be avoided by performing initADFContext before using getCurrent().
For more information please enable logging for oracle.adf.share.ADFContext at FINEST level.
Nov 05, 2014 8:54:30 PM oracle.mds
NOTIFICATION: PManager instance is created without multitenancy support as JVM flag "oracle.multitenant.enabled" is not set to enable multitenancy support.
Nov 05, 2014 8:54:30 PM oracle.security.jps.internal.config.xml.XmlConfigurationFactory initDefaultConfiguration
SEVERE: java.io.FileNotFoundException: ./config/jps-config.xml (No such file or directory)
Nov 05, 2014 8:54:30 PM oracle.mds
NOTIFICATION: Auditing is disabled for component MDS.
Nov 05, 2014 8:54:30 PM oracle.security.jps.internal.config.xml.XmlConfigurationFactory initDefaultConfiguration
SEVERE: java.io.FileNotFoundException: ./config/jps-config.xml (No such file or directory)
Nov 05, 2014 8:54:30 PM oracle.mds
NOTIFICATION: Auditing is disabled for component ADF-MDS.
Nov 05, 2014 8:54:30 PM oracle.fabric.common.wsdl.SchemaManager isIncrementalBuildSupported
INFO: XMLSchema incremental build enabled.
