2016-03-14 09:09:37.331/2.153 Oracle Coherence 12.1.3.0.0 <Info> (thread=main, member=n/a): Loaded operational configuration from "jar:file:/C:/oracle/soa12c/coherence/lib/coherence.jar!/tangosol-coherence.xml"
2016-03-14 09:09:37.423/2.245 Oracle Coherence 12.1.3.0.0 <Info> (thread=main, member=n/a): Loaded operational overrides from "jar:file:/C:/oracle/soa12c/coherence/lib/coherence.jar!/tangosol-coherence-override-dev.xml"
2016-03-14 09:09:37.424/2.246 Oracle Coherence 12.1.3.0.0 <D5> (thread=main, member=n/a): Optional configuration override "/tangosol-coherence-override.xml" is not specified
2016-03-14 09:09:37.428/2.250 Oracle Coherence 12.1.3.0.0 <D5> (thread=main, member=n/a): Optional configuration override "cache-factory-config.xml" is not specified
2016-03-14 09:09:37.428/2.250 Oracle Coherence 12.1.3.0.0 <D5> (thread=main, member=n/a): Optional configuration override "cache-factory-builder-config.xml" is not specified
2016-03-14 09:09:37.429/2.251 Oracle Coherence 12.1.3.0.0 <D5> (thread=main, member=n/a): Optional configuration override "/custom-mbeans.xml" is not specified

Oracle Coherence Version 12.1.3.0.0 Build 52031
 Grid Edition: Development mode
Copyright (c) 2000, 2014, Oracle and/or its affiliates. All rights reserved.

2016-03-14 09:09:37.535/2.357 Oracle Coherence GE 12.1.3.0.0 <Info> (thread=main, member=n/a): Created cache factory com.tangosol.net.DefaultConfigurableCacheFactory
Mar 14, 2016 9:09:38 AM oracle.fabric.common.wsdl.SchemaManager isIncrementalBuildSupported
INFO: XMLSchema incremental build enabled.
Mar 14, 2016 9:09:38 AM com.collaxa.cube.CubeLogger info
INFO: validating "CommonLogging.bpel" ...
Mar 14, 2016 9:09:38 AM oracle.integration.platform.blocks.PlatformConfigurationProvider getPlatformConfigurationProvider
WARNING: JRF is unable to determine the current application server platform.
Mar 14, 2016 9:09:38 AM com.collaxa.cube.CubeLogger info
INFO: Composed "CommonLogging" in 49.2 milliseconds [nodes 10=0+10, 203.1 nodes/sec]
Mar 14, 2016 9:09:39 AM CubeProcessGenerator compile
INFO: RegularFileObject[C:\JDeveloper\mywork\Manish\CommonLogging\SCA-INF\bpel\Common~0\src\orabpel\commonlogging\L0.java] C:\JDeveloper\mywork\Manish\CommonLogging\SCA-INF\bpel\Common~0\src\orabpel\commonlogging\L0.java uses unchecked or unsafe operations.
Mar 14, 2016 9:09:39 AM CubeProcessGenerator compile
INFO: RegularFileObject[C:\JDeveloper\mywork\Manish\CommonLogging\SCA-INF\bpel\Common~0\src\orabpel\commonlogging\L0.java] Recompile with -Xlint:unchecked for details.
Mar 14, 2016 9:09:39 AM com.collaxa.cube.CubeLogger info
INFO: Compiled "CommonLogging" in 857.5 milliseconds
Mar 14, 2016 9:09:39 AM com.collaxa.cube.CubeLogger info
INFO: Gathered 4 files in 0.6 milliseconds
Mar 14, 2016 9:09:39 AM com.collaxa.cube.CubeLogger info
INFO: Packaged "CommonLogging" in 17.5 milliseconds
