0 info it worked if it ends with ok
1 verbose cli [ '/usr/local/bin/node', '/usr/local/bin/npm', 'start' ]
2 info using npm@4.0.5
3 info using node@v7.4.0
4 verbose run-script [ 'prestart', 'start', 'poststart' ]
5 info lifecycle nextconnect@2.1.0~prestart: nextconnect@2.1.0
6 silly lifecycle nextconnect@2.1.0~prestart: no script for prestart, continuing
7 info lifecycle nextconnect@2.1.0~start: nextconnect@2.1.0
8 verbose lifecycle nextconnect@2.1.0~start: unsafe-perm in lifecycle true
9 verbose lifecycle nextconnect@2.1.0~start: PATH: /usr/local/lib/node_modules/npm/bin/node-gyp-bin:/Users/taylorengel/Documents/RB-PS-1.0.x/soa/Implementation/Infrastructure/NextConnect2.1.0/node_modules/.bin:/usr/local/bin:/usr/bin:/bin:/usr/sbin:/sbin:/Library/Frameworks/Mono.framework/Versions/Current/Commands:/Library/Frameworks/Python.framework/Versions/2.7/bin:/Library/Frameworks/Python.framework/Versions/3.4/bin:/Library/Frameworks/Python.framework/Versions/3.5/bin
10 verbose lifecycle nextconnect@2.1.0~start: CWD: /Users/taylorengel/Documents/RB-PS-1.0.x/soa/Implementation/Infrastructure/NextConnect2.1.0
11 silly lifecycle nextconnect@2.1.0~start: Args: [ '-c', 'ng serve' ]
12 silly lifecycle nextconnect@2.1.0~start: Returned: code: 1  signal: null
13 info lifecycle nextconnect@2.1.0~start: Failed to exec start script
14 verbose stack Error: nextconnect@2.1.0 start: `ng serve`
14 verbose stack Exit status 1
14 verbose stack     at EventEmitter.<anonymous> (/usr/local/lib/node_modules/npm/lib/utils/lifecycle.js:279:16)
14 verbose stack     at emitTwo (events.js:106:13)
14 verbose stack     at EventEmitter.emit (events.js:191:7)
14 verbose stack     at ChildProcess.<anonymous> (/usr/local/lib/node_modules/npm/lib/utils/spawn.js:40:14)
14 verbose stack     at emitTwo (events.js:106:13)
14 verbose stack     at ChildProcess.emit (events.js:191:7)
14 verbose stack     at maybeClose (internal/child_process.js:885:16)
14 verbose stack     at Process.ChildProcess._handle.onexit (internal/child_process.js:226:5)
15 verbose pkgid nextconnect@2.1.0
16 verbose cwd /Users/taylorengel/Documents/RB-PS-1.0.x/soa/Implementation/Infrastructure/NextConnect2.1.0
17 error Darwin 16.4.0
18 error argv "/usr/local/bin/node" "/usr/local/bin/npm" "start"
19 error node v7.4.0
20 error npm  v4.0.5
21 error code ELIFECYCLE
22 error nextconnect@2.1.0 start: `ng serve`
22 error Exit status 1
23 error Failed at the nextconnect@2.1.0 start script 'ng serve'.
23 error Make sure you have the latest version of node.js and npm installed.
23 error If you do, this is most likely a problem with the nextconnect package,
23 error not with npm itself.
23 error Tell the author that this fails on your system:
23 error     ng serve
23 error You can get information on how to open an issue for this project with:
23 error     npm bugs nextconnect
23 error Or if that isn't available, you can get their info via:
23 error     npm owner ls nextconnect
23 error There is likely additional logging output above.
24 verbose exit [ 1, true ]
