Modified Composite [ NUC_EBizQualityResults_ABS ]
  Composite properties
	Property [ productVersion ]
		No change in old and new value 12.1.3.0.0 
	Property [ compositeID ]
		No change in old and new value 290dc8ce-5efe-4f14-8737-637f804c4d06 
	Component
	  Component  [ QualityResults ]
	    Property [ bpel.config.transaction ]
		No change in old and new value required 
	Service
	  Service  [ qualityresults_client_ep ]
	    Service Bindings
	  	Binding  [ ws ]
	    Property [ weblogic.wsee.wsat.transaction.flowOption ]
		No change in old and new value NEVER 
	Attribute name=port
		No change in old and new value http:/xmlns.eia.com/Implementation/ABS/NUC_NUC_EBizQualityResults_ABS/QualityResults/1.0#wsdl.endpoint(qualityresults_client_ep_2/QualityResults_pt) 
	  Service  [ qualityresults_client_ep ]
	    Service Bindings
	Reference
	  Reference  [ EBS_Call_XNUC_GMD_TSTRSLT_PKG ]
	    Reference Bindings
	  Reference  [ CommonLogging ]
	    Reference Bindings
	  Reference  [ DB_Call_XXNUC_WSH_BOL_GMD_RSLT_PKG ]
	    Reference Bindings
	  Reference  [ EBS_Call_XNUC_GMD_TSTRSLT_PKG ]
	    Property [ jca.retry.count ]
		No change in old and new value 4 
	    Property [ jca.retry.interval ]
		No change in old and new value 1 
	    Property [ jca.retry.backoff ]
		No change in old and new value 2 
	    Property [ jca.retry.maxInterval ]
		No change in old and new value 120 
	    Reference Bindings
	  	Binding  [ jca ]
	  Reference  [ CommonLogging ]
	    Reference Bindings
	  	Binding  [ ws ]
	    Property [ weblogic.wsee.wsat.transaction.flowOption ]
		No change in old and new value WSDLDriven 
	Attribute name=port
		No change in old and new value http://xmlns.eia.com/CommonLogging#wsdl.endpoint(CommonLogging_ep/CommonLogging_pt) 
	Attribute name=location
		No change in old and new value oramds:/apps/EIAMetadata/Infrastracture/wsdls/V1.0/CommonLogging.wsdl 
	  Reference  [ DB_Call_XXNUC_WSH_BOL_GMD_RSLT_PKG ]
	    Property [ jca.retry.count ]
		No change in old and new value 4 
	    Property [ jca.retry.interval ]
		No change in old and new value 1 
	    Property [ jca.retry.backoff ]
		No change in old and new value 2 
	    Property [ jca.retry.maxInterval ]
		No change in old and new value 120 
	    Reference Bindings
	  	Binding  [ jca ]
---End Match for composite [ NUC_EBizQualityResults_ABS ] in config plan---
Checking for replacement in wsdl and schema files
