2017-01-04 16:48:33.320/2.908 Oracle Coherence 12.1.3.0.0 <Info> (thread=main, member=n/a): Loaded operational configuration from "jar:file:/C:/oracle/SOA1213/Oracle_Home/coherence/lib/coherence.jar!/tangosol-coherence.xml"
2017-01-04 16:48:33.350/2.938 Oracle Coherence 12.1.3.0.0 <Info> (thread=main, member=n/a): Loaded operational overrides from "jar:file:/C:/oracle/SOA1213/Oracle_Home/coherence/lib/coherence.jar!/tangosol-coherence-override-dev.xml"
2017-01-04 16:48:33.353/2.941 Oracle Coherence 12.1.3.0.0 <D5> (thread=main, member=n/a): Optional configuration override "/tangosol-coherence-override.xml" is not specified
2017-01-04 16:48:33.357/2.945 Oracle Coherence 12.1.3.0.0 <D5> (thread=main, member=n/a): Optional configuration override "cache-factory-config.xml" is not specified
2017-01-04 16:48:33.358/2.946 Oracle Coherence 12.1.3.0.0 <D5> (thread=main, member=n/a): Optional configuration override "cache-factory-builder-config.xml" is not specified
2017-01-04 16:48:33.360/2.948 Oracle Coherence 12.1.3.0.0 <D5> (thread=main, member=n/a): Optional configuration override "/custom-mbeans.xml" is not specified

Oracle Coherence Version 12.1.3.0.0 Build 52031
 Grid Edition: Development mode
Copyright (c) 2000, 2014, Oracle and/or its affiliates. All rights reserved.

2017-01-04 16:48:33.524/3.112 Oracle Coherence GE 12.1.3.0.0 <Info> (thread=main, member=n/a): Created cache factory com.tangosol.net.DefaultConfigurableCacheFactory
Jan 04, 2017 4:48:39 PM oracle.fabric.common.wsdl.SchemaManager isIncrementalBuildSupported
INFO: XMLSchema incremental build enabled.
Jan 04, 2017 4:48:39 PM com.collaxa.cube.CubeLogger info
INFO: validating "WshSendDlvyToOtmService.bpel" ...
Jan 04, 2017 4:48:40 PM oracle.integration.platform.blocks.PlatformConfigurationProvider getPlatformConfigurationProvider
WARNING: JRF is unable to determine the current application server platform.
Jan 04, 2017 4:48:40 PM oracle.fabric.common.wsdl.SchemaManager buildXDKSchema
INFO: Namespace specified for the lookup belongs to a default namespace URI: http://www.w3.org/2001/XMLSchema. Will not attempt to build the schema model for it...
Jan 04, 2017 4:48:40 PM com.collaxa.cube.CubeLogger info
INFO: Composed "WshSendDlvyToOtmService" in 196.9 milliseconds [nodes 19=0+19, 96.5 nodes/sec]
Jan 04, 2017 4:48:43 PM CubeProcessGenerator compile
INFO: RegularFileObject[N:\soa\NextGenSVN\branches\RB-PS-1.0.x\soa\Implementation\OTM\WshSendDlvyToOtmService\SCA-INF\bpel\WshSen~0\src\orabpel\wshsenddlvytootmservice\L0.java] N:\soa\NextGenSVN\branches\RB-PS-1.0.x\soa\Implementation\OTM\WshSendDlvyToOtmService\SCA-INF\bpel\WshSen~0\src\orabpel\wshsenddlvytootmservice\L0.java uses unchecked or unsafe operations.
Jan 04, 2017 4:48:43 PM CubeProcessGenerator compile
INFO: RegularFileObject[N:\soa\NextGenSVN\branches\RB-PS-1.0.x\soa\Implementation\OTM\WshSendDlvyToOtmService\SCA-INF\bpel\WshSen~0\src\orabpel\wshsenddlvytootmservice\L0.java] Recompile with -Xlint:unchecked for details.
Jan 04, 2017 4:48:43 PM com.collaxa.cube.CubeLogger info
INFO: Compiled "WshSendDlvyToOtmService" in 2.553 seconds
Jan 04, 2017 4:48:43 PM com.collaxa.cube.CubeLogger info
INFO: Gathered 4 files in 12.0 milliseconds
Jan 04, 2017 4:48:43 PM com.collaxa.cube.CubeLogger info
INFO: Packaged "WshSendDlvyToOtmService" in 38.0 milliseconds
