2017-05-18 20:30:24.174/2.082 Oracle Coherence 12.1.3.0.0 <Info> (thread=main, member=n/a): Loaded operational configuration from "jar:file:/C:/venkatesan/Oracle/Middleware/Oracle_Home/coherence/lib/coherence.jar!/tangosol-coherence.xml"
2017-05-18 20:30:24.216/2.124 Oracle Coherence 12.1.3.0.0 <Info> (thread=main, member=n/a): Loaded operational overrides from "jar:file:/C:/venkatesan/Oracle/Middleware/Oracle_Home/coherence/lib/coherence.jar!/tangosol-coherence-override-dev.xml"
2017-05-18 20:30:24.218/2.126 Oracle Coherence 12.1.3.0.0 <D5> (thread=main, member=n/a): Optional configuration override "/tangosol-coherence-override.xml" is not specified
2017-05-18 20:30:24.220/2.127 Oracle Coherence 12.1.3.0.0 <D5> (thread=main, member=n/a): Optional configuration override "cache-factory-config.xml" is not specified
2017-05-18 20:30:24.221/2.128 Oracle Coherence 12.1.3.0.0 <D5> (thread=main, member=n/a): Optional configuration override "cache-factory-builder-config.xml" is not specified
2017-05-18 20:30:24.222/2.130 Oracle Coherence 12.1.3.0.0 <D5> (thread=main, member=n/a): Optional configuration override "/custom-mbeans.xml" is not specified

Oracle Coherence Version 12.1.3.0.0 Build 52031
 Grid Edition: Development mode
Copyright (c) 2000, 2014, Oracle and/or its affiliates. All rights reserved.

2017-05-18 20:30:24.324/2.232 Oracle Coherence GE 12.1.3.0.0 <Info> (thread=main, member=n/a): Created cache factory com.tangosol.net.DefaultConfigurableCacheFactory
May 18, 2017 8:30:30 PM oracle.adf.share.ADFContext getCurrent
WARNING: Automatically initializing a DefaultContext for getCurrent.
Caller should ensure that a DefaultContext is proper for this use.
Memory leaks and/or unexpected behaviour may occur if the automatic initialization is performed improperly.
This message may be avoided by performing initADFContext before using getCurrent().
For more information please enable logging for oracle.adf.share.ADFContext at FINEST level.
May 18, 2017 8:30:30 PM oracle.adf.share.config.ADFConfigFactory findOrCreateADFConfig
INFO: Resource META-INF/adf-config.xml not found on the classpath.
May 18, 2017 8:30:30 PM oracle.adf.share.config.ADFConfigFactory findOrCreateADFConfig
INFO: A default implementation of ADFConfig is being created for application. This can lead to unexpected results in some cases. Please add a basic META-INF/adf-config.xml to your classpath to avoid functional errors.
2017-05-18 20:30:30.175/8.083 Oracle Coherence GE 12.1.3.0.0 <Info> (thread=main, member=n/a): Created cache factory com.tangosol.net.DefaultConfigurableCacheFactory
May 18, 2017 8:30:30 PM oracle.fabric.common.wsdl.SchemaManager isIncrementalBuildSupported
INFO: XMLSchema incremental build enabled.
May 18, 2017 8:30:31 PM oracle.integration.platform.blocks.PlatformConfigurationProvider getPlatformConfigurationProvider
WARNING: JRF is unable to determine the current application server platform.
Java HotSpot(TM) 64-Bit Server VM warning: ignoring option PermSize=32m; support was removed in 8.0
Java HotSpot(TM) 64-Bit Server VM warning: ignoring option MaxPermSize=256m; support was removed in 8.0
