2016-03-29 02:29:00.798/2.197 Oracle Coherence 12.1.3.0.0 <Info> (thread=main, member=n/a): Loaded operational configuration from "jar:file:/C:/oracle/soa12c/coherence/lib/coherence.jar!/tangosol-coherence.xml"
2016-03-29 02:29:00.878/2.277 Oracle Coherence 12.1.3.0.0 <Info> (thread=main, member=n/a): Loaded operational overrides from "jar:file:/C:/oracle/soa12c/coherence/lib/coherence.jar!/tangosol-coherence-override-dev.xml"
2016-03-29 02:29:00.879/2.278 Oracle Coherence 12.1.3.0.0 <D5> (thread=main, member=n/a): Optional configuration override "/tangosol-coherence-override.xml" is not specified
2016-03-29 02:29:00.882/2.281 Oracle Coherence 12.1.3.0.0 <D5> (thread=main, member=n/a): Optional configuration override "cache-factory-config.xml" is not specified
2016-03-29 02:29:00.883/2.282 Oracle Coherence 12.1.3.0.0 <D5> (thread=main, member=n/a): Optional configuration override "cache-factory-builder-config.xml" is not specified
2016-03-29 02:29:00.884/2.283 Oracle Coherence 12.1.3.0.0 <D5> (thread=main, member=n/a): Optional configuration override "/custom-mbeans.xml" is not specified

Oracle Coherence Version 12.1.3.0.0 Build 52031
 Grid Edition: Development mode
Copyright (c) 2000, 2014, Oracle and/or its affiliates. All rights reserved.

2016-03-29 02:29:01.004/2.403 Oracle Coherence GE 12.1.3.0.0 <Info> (thread=main, member=n/a): Created cache factory com.tangosol.net.DefaultConfigurableCacheFactory
Mar 29, 2016 2:29:01 AM oracle.fabric.common.wsdl.SchemaManager isIncrementalBuildSupported
INFO: XMLSchema incremental build enabled.
Mar 29, 2016 2:29:01 AM com.collaxa.cube.CubeLogger info
INFO: validating "ReceiveNotificationBPELRequesterService.bpel" ...
Mar 29, 2016 2:29:01 AM oracle.integration.platform.blocks.PlatformConfigurationProvider getPlatformConfigurationProvider
WARNING: JRF is unable to determine the current application server platform.
Mar 29, 2016 2:29:02 AM com.collaxa.cube.CubeLogger info
INFO: Composed "ReceiveNotificationBPELRequesterService" in 83.6 milliseconds [nodes 17=1+16, 203.4 nodes/sec]
Mar 29, 2016 2:29:03 AM CubeProcessGenerator compile
INFO: RegularFileObject[C:\JDeveloper\mywork\Manish\EmailNotification\SCA-INF\bpel\Receiv~0\src\orabpel\receivenotificationbpelrequesterservice\BpScp.java] Some input files use unchecked or unsafe operations.
Mar 29, 2016 2:29:03 AM CubeProcessGenerator compile
INFO: RegularFileObject[C:\JDeveloper\mywork\Manish\EmailNotification\SCA-INF\bpel\Receiv~0\src\orabpel\receivenotificationbpelrequesterservice\BpScp.java] Recompile with -Xlint:unchecked for details.
Mar 29, 2016 2:29:03 AM com.collaxa.cube.CubeLogger info
INFO: Compiled "ReceiveNotificationBPELRequesterService" in 1.022 seconds
Mar 29, 2016 2:29:03 AM com.collaxa.cube.CubeLogger info
INFO: Gathered 6 files in 0.7 milliseconds
Mar 29, 2016 2:29:03 AM com.collaxa.cube.CubeLogger info
INFO: Packaged "ReceiveNotificationBPELRequesterService" in 25.5 milliseconds
