Jun 4, 2013 5:03:55 PM oracle.mds
NOTIFICATION: PManager instance is created without multitenancy support as JVM flag "oracle.multitenant.enabled" is not set to enable multitenancy support.
Jun 4, 2013 5:03:56 PM oracle.security.jps.internal.config.xml.XmlConfigurationFactory initDefaultConfiguration
SEVERE: java.io.FileNotFoundException: .\config\jps-config.xml (The system cannot find the path specified)
Jun 4, 2013 5:03:56 PM oracle.mds
NOTIFICATION: Auditing is disabled for component MDS.
Jun 4, 2013 5:03:56 PM oracle.fabric.common.wsdl.SchemaManager isIncrementalBuildSupported
INFO: XMLSchema incremental build enabled.
Jun 4, 2013 5:03:57 PM com.collaxa.cube.CubeLogger info
INFO: validating "EIAConfigBPELProcess.bpel" ...
Jun 4, 2013 5:03:57 PM oracle.integration.platform.blocks.FabricConfigManager <clinit>
WARNING: JRF is unable to determine the current application server platform.
Jun 4, 2013 5:03:57 PM oracle.integration.platform.blocks.WLSPlatformConfigurationProvider <clinit>
WARNING: JRF is unable to determine the current application server platform.
Jun 4, 2013 5:03:57 PM com.collaxa.cube.CubeLogger info
INFO: Composed "EIAConfigBPELProcess" in 118.6 milliseconds [nodes 24=0+24, 202.4 nodes/sec]
Jun 4, 2013 5:04:01 PM com.collaxa.cube.CubeLogger info
INFO: Compiled "EIAConfigBPELProcess" in 3.498 seconds
Jun 4, 2013 5:04:01 PM com.collaxa.cube.CubeLogger info
INFO: Gathered 4 files in 18.3 milliseconds

Jun 4, 2013 5:04:01 PM com.collaxa.cube.CubeLogger info
INFO: Packaged "EIAConfigBPELProcess" in 104.5 milliseconds

